[2026-04-01 11:32:45] ip=::1 wallet=0x0b81337f18767565d2ea40913799317a25dc4bc5 page=logs
[2026-04-01 11:32:59] ip=::1 wallet=0x0b81337f18767565d2ea40913799317a25dc4bc5 page=logs
[2026-04-01 11:35:56] ip=::1 wallet=0x0b81337f18767565d2ea40913799317a25dc4bc5 page=logs
[2026-04-01 11:40:14] ip=::1 wallet=0x0b81337f18767565d2ea40913799317a25dc4bc5 page=contrato
[2026-04-01 11:40:38] ip=::1 wallet=0x0b81337f18767565d2ea40913799317a25dc4bc5 page=contrato_cancelada
[2026-04-01 11:41:15] ip=::1 wallet=0x0b81337f18767565d2ea40913799317a25dc4bc5 page=contrato-detalhes
[2026-04-01 11:44:50] ip=::1 wallet=0x0b81337f18767565d2ea40913799317a25dc4bc5 page=contrato
[2026-04-01 11:44:52] ip=::1 wallet=0x0b81337f18767565d2ea40913799317a25dc4bc5 page=contrato
[2026-04-01 11:45:31] ip=::1 wallet=0x0b81337f18767565d2ea40913799317a25dc4bc5 page=contrato_cancelada
[2026-04-01 11:46:12] ip=::1 wallet=0x0b81337f18767565d2ea40913799317a25dc4bc5 page=contrato-detalhes
[2026-04-01 11:46:33] ip=::1 wallet=0x0b81337f18767565d2ea40913799317a25dc4bc5 page=logs
[2026-04-01 12:06:25] ip=::1 wallet=0x0b81337f18767565d2ea40913799317a25dc4bc5 page=logs
[2026-04-01 12:15:19] ip=::1 wallet=0x0b81337f18767565d2ea40913799317a25dc4bc5 page=logs
[2026-04-01 12:23:16] ip=::1 wallet=0x0b81337f18767565d2ea40913799317a25dc4bc5 page=logs
[2026-04-01 12:31:45] ip=::1 wallet=0x0b81337f18767565d2ea40913799317a25dc4bc5 page=logs
[2026-04-01 12:32:56] ip=::1 wallet=0x0b81337f18767565d2ea40913799317a25dc4bc5 page=contrato
[2026-04-01 12:33:26] ip=::1 wallet=0x0b81337f18767565d2ea40913799317a25dc4bc5 page=contrato_cancelada
[2026-04-01 12:33:59] ip=::1 wallet=0x0b81337f18767565d2ea40913799317a25dc4bc5 page=contrato-detalhes
[2026-04-01 12:34:24] ip=::1 wallet=0x0b81337f18767565d2ea40913799317a25dc4bc5 page=logs
[2026-04-01 12:45:25] ip=::1 wallet=0x0b81337f18767565d2ea40913799317a25dc4bc5 page=logs
[2026-04-01 12:45:53] ip=::1 wallet=0x0b81337f18767565d2ea40913799317a25dc4bc5 page=contrato
[2026-04-01 12:46:19] ip=::1 wallet=0x0b81337f18767565d2ea40913799317a25dc4bc5 page=contrato_cancelada
[2026-04-01 12:46:55] ip=::1 wallet=0x0b81337f18767565d2ea40913799317a25dc4bc5 page=contrato-detalhes
[2026-04-01 12:47:05] ip=::1 wallet=0x0b81337f18767565d2ea40913799317a25dc4bc5 page=logs
[2026-04-01 12:47:58] ip=::1 wallet=0x0b81337f18767565d2ea40913799317a25dc4bc5 page=logs
[2026-04-01 12:57:21] ip=::1 wallet=0x0b81337f18767565d2ea40913799317a25dc4bc5 page=contrato
[2026-04-01 12:57:45] ip=::1 wallet=0x0b81337f18767565d2ea40913799317a25dc4bc5 page=contrato_cancelada
[2026-04-01 12:58:14] ip=::1 wallet=0x0b81337f18767565d2ea40913799317a25dc4bc5 page=contrato-detalhes
[2026-04-01 12:58:26] ip=::1 wallet=0x0b81337f18767565d2ea40913799317a25dc4bc5 page=logs
[2026-04-01 12:58:51] ip=::1 wallet=0x0b81337f18767565d2ea40913799317a25dc4bc5 page=logs
[2026-04-01 12:58:55] ip=::1 wallet=0x0b81337f18767565d2ea40913799317a25dc4bc5 page=logs
[2026-04-01 13:37:39] ip=::1 wallet=0x0b81337f18767565d2ea40913799317a25dc4bc5 page=logs
[2026-04-01 13:38:03] ip=::1 wallet=0x0b81337f18767565d2ea40913799317a25dc4bc5 page=contrato
[2026-04-01 13:38:50] ip=::1 wallet=0x0b81337f18767565d2ea40913799317a25dc4bc5 page=contrato_cancelada
[2026-04-01 13:39:25] ip=::1 wallet=0x0b81337f18767565d2ea40913799317a25dc4bc5 page=contrato-detalhes
[2026-04-01 13:39:42] ip=::1 wallet=0x0b81337f18767565d2ea40913799317a25dc4bc5 page=logs
[2026-04-01 13:40:30] ip=::1 wallet=0x0b81337f18767565d2ea40913799317a25dc4bc5 page=contrato-detalhes
[2026-04-01 14:13:10] ip=::1 wallet=0x0b81337f18767565d2ea40913799317a25dc4bc5 page=logs
[2026-04-01 14:25:04] ip=::1 wallet=0x0b81337f18767565d2ea40913799317a25dc4bc5 page=logs
[2026-04-01 14:25:42] ip=::1 wallet=0x0b81337f18767565d2ea40913799317a25dc4bc5 page=contrato-detalhes
[2026-04-01 14:25:45] ip=::1 wallet=0x0b81337f18767565d2ea40913799317a25dc4bc5 page=contrato_verificado
[2026-04-01 14:31:43] ip=::1 wallet=0x0b81337f18767565d2ea40913799317a25dc4bc5 page=logs
[2026-04-01 14:31:50] ip=::1 wallet=0x0b81337f18767565d2ea40913799317a25dc4bc5 page=contrato-detalhes
[2026-04-01 14:31:51] ip=::1 wallet=0x0b81337f18767565d2ea40913799317a25dc4bc5 page=contrato_verificado
[2026-04-01 14:31:55] ip=::1 wallet=0x0b81337f18767565d2ea40913799317a25dc4bc5 page=logs
[2026-04-01 14:32:34] ip=::1 wallet=0x0b81337f18767565d2ea40913799317a25dc4bc5 page=contrato-detalhes
[2026-04-01 14:32:34] ip=::1 wallet=0x0b81337f18767565d2ea40913799317a25dc4bc5 page=contrato-detalhes
[2026-04-01 14:32:36] ip=::1 wallet=0x0b81337f18767565d2ea40913799317a25dc4bc5 page=contrato-detalhes
[2026-04-01 14:32:36] ip=::1 wallet=0x0b81337f18767565d2ea40913799317a25dc4bc5 page=contrato-detalhes
[2026-04-01 14:32:39] ip=::1 wallet=0x0b81337f18767565d2ea40913799317a25dc4bc5 page=logs
[2026-04-01 15:03:44] ip=::1 wallet=0x0b81337f18767565d2ea40913799317a25dc4bc5 page=logs
[2026-04-01 15:28:46] ip=::1 wallet=0x0b81337f18767565d2ea40913799317a25dc4bc5 page=logs
[2026-04-01 15:29:36] ip=::1 wallet=0x0b81337f18767565d2ea40913799317a25dc4bc5 page=logs
[2026-04-01 15:39:41] ip=::1 wallet=0x40daa13061889429cabf314bc51c4abbdeb88de6 page=contrato
[2026-04-01 15:40:19] ip=::1 wallet=0x40daa13061889429cabf314bc51c4abbdeb88de6 page=contrato_cancelada
[2026-04-01 15:40:56] ip=::1 wallet=0x40daa13061889429cabf314bc51c4abbdeb88de6 page=contrato-detalhes
[2026-04-01 15:40:56] ip=::1 wallet=0x40daa13061889429cabf314bc51c4abbdeb88de6 page=contrato-detalhes
[2026-04-01 15:40:56] ip=::1 wallet=0x40daa13061889429cabf314bc51c4abbdeb88de6 page=contrato_criado
[2026-04-01 15:41:44] ip=::1 wallet=0x0b81337f18767565d2ea40913799317a25dc4bc5 page=logs
[2026-04-01 15:55:10] ip=::1 wallet=0x0b81337f18767565d2ea40913799317a25dc4bc5 page=logs
[2026-04-01 15:56:25] ip=::1 wallet=0x40daa13061889429cabf314bc51c4abbdeb88de6 page=logs
[2026-04-01 15:57:44] ip=::1 wallet=0x0b81337f18767565d2ea40913799317a25dc4bc5 page=logs
[2026-04-01 15:58:53] ip=::1 wallet=0x40daa13061889429cabf314bc51c4abbdeb88de6 page=logs
[2026-04-01 16:07:31] ip=::1 wallet=0x0b81337f18767565d2ea40913799317a25dc4bc5 page=logs
[2026-04-01 16:08:19] ip=::1 wallet=0x40daa13061889429cabf314bc51c4abbdeb88de6 page=logs
[2026-04-01 16:08:28] ip=::1 wallet=0x0b81337f18767565d2ea40913799317a25dc4bc5 page=logs
[2026-04-01 16:18:50] ip=::1 wallet=0x0b81337f18767565d2ea40913799317a25dc4bc5 page=contrato-detalhes
[2026-04-01 16:30:05] ip=::1 wallet=0x40daa13061889429cabf314bc51c4abbdeb88de6 page=contrato
[2026-04-01 16:30:29] ip=::1 wallet=0x40daa13061889429cabf314bc51c4abbdeb88de6 page=contrato_cancelada
[2026-04-01 16:31:00] ip=::1 wallet=0x40daa13061889429cabf314bc51c4abbdeb88de6 page=contrato-detalhes
[2026-04-01 16:31:01] ip=::1 wallet=0x40daa13061889429cabf314bc51c4abbdeb88de6 page=contrato-detalhes
[2026-04-01 16:31:01] ip=::1 wallet=0x40daa13061889429cabf314bc51c4abbdeb88de6 page=contrato_criado
[2026-04-01 17:16:08] ip=::1 wallet=0x0b81337f18767565d2ea40913799317a25dc4bc5 page=rpc
