[2026-03-31 08:05:46] ip=::1 wallet=0x40daa13061889429cabf314bc51c4abbdeb88de6 page=logs
[2026-03-31 08:06:09] ip=::1 wallet=0x40daa13061889429cabf314bc51c4abbdeb88de6 page=logs
[2026-03-31 08:06:31] ip=::1 wallet=0x40daa13061889429cabf314bc51c4abbdeb88de6 page=logs
[2026-03-31 08:06:50] ip=::1 wallet=0x40daa13061889429cabf314bc51c4abbdeb88de6 page=logs
[2026-03-31 10:57:37] ip=::1 wallet=0x40daa13061889429cabf314bc51c4abbdeb88de6 page=logs
[2026-03-31 11:00:21] ip=::1 wallet=0x40daa13061889429cabf314bc51c4abbdeb88de6 page=logs
[2026-03-31 11:17:38] ip=::1 wallet=0x40daa13061889429cabf314bc51c4abbdeb88de6 page=logs
[2026-03-31 11:17:42] ip=::1 wallet=0x40daa13061889429cabf314bc51c4abbdeb88de6 page=logs
[2026-03-31 11:19:34] ip=::1 wallet=0xee02e32d8d2888e9f1d6d13391e716bc7f41f6ae page=logs
[2026-03-31 11:20:10] ip=::1 wallet=0xee02e32d8d2888e9f1d6d13391e716bc7f41f6ae page=logs
[2026-03-31 12:50:21] ip=::1 wallet=0x40daa13061889429cabf314bc51c4abbdeb88de6 page=logs
[2026-03-31 12:51:32] ip=::1 wallet=0x0b81337f18767565d2ea40913799317a25dc4bc5 page=logs
[2026-03-31 12:52:35] ip=::1 wallet=0x40daa13061889429cabf314bc51c4abbdeb88de6 page=logs
[2026-03-31 13:14:23] ip=::1 wallet=0x0b81337f18767565d2ea40913799317a25dc4bc5 page=logs
[2026-03-31 13:30:11] ip=::1 wallet=0x40daa13061889429cabf314bc51c4abbdeb88de6 page=logs
[2026-03-31 13:31:10] ip=::1 wallet=0x40daa13061889429cabf314bc51c4abbdeb88de6 page=logs
[2026-03-31 13:32:05] ip=::1 wallet=0x40daa13061889429cabf314bc51c4abbdeb88de6 page=logs
[2026-03-31 13:43:01] ip=::1 wallet=0x40daa13061889429cabf314bc51c4abbdeb88de6 page=logs
[2026-03-31 13:54:54] ip=::1 wallet=0x40daa13061889429cabf314bc51c4abbdeb88de6 page=logs
[2026-03-31 14:20:49] ip=::1 wallet=0x40daa13061889429cabf314bc51c4abbdeb88de6 page=logs
[2026-03-31 14:20:55] ip=::1 wallet=0x40daa13061889429cabf314bc51c4abbdeb88de6 page=logs
[2026-03-31 14:24:02] ip=::1 wallet=0x40daa13061889429cabf314bc51c4abbdeb88de6 page=logs
[2026-03-31 14:24:24] ip=::1 wallet=0x40daa13061889429cabf314bc51c4abbdeb88de6 page=logs
[2026-03-31 14:24:29] ip=::1 wallet=0x40daa13061889429cabf314bc51c4abbdeb88de6 page=logs
[2026-03-31 14:24:57] ip=::1 wallet=0x40daa13061889429cabf314bc51c4abbdeb88de6 page=logs
[2026-03-31 14:36:35] ip=::1 wallet=0x40daa13061889429cabf314bc51c4abbdeb88de6 page=logs
[2026-03-31 14:42:52] ip=::1 wallet=0x40daa13061889429cabf314bc51c4abbdeb88de6 page=logs
[2026-03-31 16:02:03] ip=::1 wallet=0x40daa13061889429cabf314bc51c4abbdeb88de6 page=logs
[2026-03-31 16:02:22] ip=::1 wallet=0x40daa13061889429cabf314bc51c4abbdeb88de6 page=logs
[2026-03-31 16:07:03] ip=::1 wallet=0x40daa13061889429cabf314bc51c4abbdeb88de6 page=logs
[2026-03-31 16:07:07] ip=::1 wallet=0x40daa13061889429cabf314bc51c4abbdeb88de6 page=logs
[2026-03-31 16:07:17] ip=::1 wallet=0x0b81337f18767565d2ea40913799317a25dc4bc5 page=logs
[2026-03-31 16:08:14] ip=::1 wallet=0x0b81337f18767565d2ea40913799317a25dc4bc5 page=logs
[2026-03-31 16:10:57] ip=::1 wallet=0x0b81337f18767565d2ea40913799317a25dc4bc5 page=logs
[2026-03-31 16:13:43] ip=::1 wallet=0x40daa13061889429cabf314bc51c4abbdeb88de6 page=link
[2026-03-31 16:15:19] ip=::1 wallet=0x40daa13061889429cabf314bc51c4abbdeb88de6 page=logs
[2026-03-31 16:15:21] ip=::1 wallet=0x40daa13061889429cabf314bc51c4abbdeb88de6 page=logs
[2026-03-31 16:15:27] ip=::1 wallet=0x0b81337f18767565d2ea40913799317a25dc4bc5 page=logs
[2026-03-31 16:28:58] ip=::1 wallet=0x0b81337f18767565d2ea40913799317a25dc4bc5 page=logs
[2026-03-31 16:29:09] ip=::1 wallet=0x0b81337f18767565d2ea40913799317a25dc4bc5 page=logs
[2026-03-31 16:30:03] ip=::1 wallet=0x0b81337f18767565d2ea40913799317a25dc4bc5 page=logs
[2026-03-31 16:48:18] ip=::1 wallet=0x0b81337f18767565d2ea40913799317a25dc4bc5 page=logs
[2026-03-31 16:51:17] ip=::1 wallet=0x40daa13061889429cabf314bc51c4abbdeb88de6 page=logs
[2026-03-31 16:52:36] ip=::1 wallet=0x40daa13061889429cabf314bc51c4abbdeb88de6 page=rpc
[2026-03-31 16:54:06] ip=::1 wallet=0x40daa13061889429cabf314bc51c4abbdeb88de6 page=contrato
[2026-03-31 16:54:59] ip=::1 wallet=0x40daa13061889429cabf314bc51c4abbdeb88de6 page=contrato
[2026-03-31 16:55:43] ip=::1 wallet=0x0b81337f18767565d2ea40913799317a25dc4bc5 page=contrato
[2026-03-31 16:56:40] ip=::1 wallet=0x0b81337f18767565d2ea40913799317a25dc4bc5 page=contrato-detalhes
[2026-03-31 16:58:13] ip=::1 wallet=0x0b81337f18767565d2ea40913799317a25dc4bc5 page=logs
[2026-03-31 17:14:15] ip=::1 wallet=0x40daa13061889429cabf314bc51c4abbdeb88de6 page=logs
[2026-03-31 17:16:48] ip=::1 wallet=0x40daa13061889429cabf314bc51c4abbdeb88de6 page=logs
[2026-03-31 17:20:18] ip=::1 wallet=0x0b81337f18767565d2ea40913799317a25dc4bc5 page=logs
[2026-03-31 17:25:26] ip=::1 wallet=0x40daa13061889429cabf314bc51c4abbdeb88de6 page=logs
[2026-03-31 17:31:30] ip=::1 wallet=0x40daa13061889429cabf314bc51c4abbdeb88de6 page=logs
[2026-03-31 17:37:42] ip=::1 wallet=0x40daa13061889429cabf314bc51c4abbdeb88de6 page=logs
[2026-03-31 17:38:10] ip=::1 wallet=0x0b81337f18767565d2ea40913799317a25dc4bc5 page=logs
[2026-03-31 17:38:20] ip=::1 wallet=0x0b81337f18767565d2ea40913799317a25dc4bc5 page=logs
[2026-03-31 17:38:32] ip=::1 wallet=0x0b81337f18767565d2ea40913799317a25dc4bc5 page=logs
[2026-03-31 17:38:43] ip=::1 wallet=0x0b81337f18767565d2ea40913799317a25dc4bc5 page=logs
[2026-03-31 17:38:51] ip=::1 wallet=0x0b81337f18767565d2ea40913799317a25dc4bc5 page=logs
[2026-03-31 17:38:56] ip=::1 wallet=0x40daa13061889429cabf314bc51c4abbdeb88de6 page=logs
[2026-03-31 17:40:29] ip=::1 wallet=0x40daa13061889429cabf314bc51c4abbdeb88de6 page=logs
[2026-03-31 17:40:59] ip=::1 wallet=0x0b81337f18767565d2ea40913799317a25dc4bc5 page=logs
[2026-03-31 17:41:03] ip=::1 wallet=0x0b81337f18767565d2ea40913799317a25dc4bc5 page=logs
[2026-03-31 17:41:04] ip=::1 wallet=0x0b81337f18767565d2ea40913799317a25dc4bc5 page=logs
[2026-03-31 17:41:05] ip=::1 wallet=0x0b81337f18767565d2ea40913799317a25dc4bc5 page=logs
[2026-03-31 17:41:05] ip=::1 wallet=0x0b81337f18767565d2ea40913799317a25dc4bc5 page=logs
[2026-03-31 17:41:06] ip=::1 wallet=0x0b81337f18767565d2ea40913799317a25dc4bc5 page=logs
[2026-03-31 17:41:06] ip=::1 wallet=0x0b81337f18767565d2ea40913799317a25dc4bc5 page=logs
[2026-03-31 17:41:06] ip=::1 wallet=0x0b81337f18767565d2ea40913799317a25dc4bc5 page=logs
[2026-03-31 17:41:07] ip=::1 wallet=0x0b81337f18767565d2ea40913799317a25dc4bc5 page=logs
[2026-03-31 17:41:07] ip=::1 wallet=0x0b81337f18767565d2ea40913799317a25dc4bc5 page=logs
[2026-03-31 17:41:07] ip=::1 wallet=0x0b81337f18767565d2ea40913799317a25dc4bc5 page=logs
[2026-03-31 17:41:07] ip=::1 wallet=0x0b81337f18767565d2ea40913799317a25dc4bc5 page=logs
[2026-03-31 17:41:07] ip=::1 wallet=0x0b81337f18767565d2ea40913799317a25dc4bc5 page=logs
[2026-03-31 17:41:08] ip=::1 wallet=0x0b81337f18767565d2ea40913799317a25dc4bc5 page=logs
[2026-03-31 17:51:53] ip=::1 wallet=0x40daa13061889429cabf314bc51c4abbdeb88de6 page=logs
[2026-03-31 17:52:04] ip=::1 wallet=0x0b81337f18767565d2ea40913799317a25dc4bc5 page=logs
[2026-03-31 17:52:05] ip=::1 wallet=0x0b81337f18767565d2ea40913799317a25dc4bc5 page=logs
[2026-03-31 17:52:06] ip=::1 wallet=0x0b81337f18767565d2ea40913799317a25dc4bc5 page=logs
[2026-03-31 17:52:06] ip=::1 wallet=0x0b81337f18767565d2ea40913799317a25dc4bc5 page=logs
[2026-03-31 17:52:07] ip=::1 wallet=0x0b81337f18767565d2ea40913799317a25dc4bc5 page=logs
[2026-03-31 18:12:43] ip=::1 wallet=0x0b81337f18767565d2ea40913799317a25dc4bc5 page=logs
[2026-03-31 18:13:46] ip=::1 wallet=0x0b81337f18767565d2ea40913799317a25dc4bc5 page=logs
[2026-03-31 18:28:45] ip=::1 wallet=0x40daa13061889429cabf314bc51c4abbdeb88de6 page=logs
[2026-03-31 18:29:07] ip=::1 wallet=0x0b81337f18767565d2ea40913799317a25dc4bc5 page=logs
[2026-03-31 18:29:43] ip=::1 wallet=0x0b81337f18767565d2ea40913799317a25dc4bc5 page=logs
[2026-03-31 18:33:56] ip=::1 wallet=0x40daa13061889429cabf314bc51c4abbdeb88de6 page=logs
[2026-03-31 18:40:55] ip=::1 wallet=0x0b81337f18767565d2ea40913799317a25dc4bc5 page=logs
[2026-03-31 18:49:34] ip=::1 wallet=0x0b81337f18767565d2ea40913799317a25dc4bc5 page=logs
[2026-03-31 18:49:45] ip=::1 wallet=0x0b81337f18767565d2ea40913799317a25dc4bc5 page=logs
[2026-03-31 18:49:54] ip=::1 wallet=0x0b81337f18767565d2ea40913799317a25dc4bc5 page=logs
[2026-03-31 18:50:09] ip=::1 wallet=0x0b81337f18767565d2ea40913799317a25dc4bc5 page=logs
[2026-03-31 19:05:25] ip=::1 wallet=0x0b81337f18767565d2ea40913799317a25dc4bc5 page=logs
[2026-03-31 19:07:19] ip=::1 wallet=0x0b81337f18767565d2ea40913799317a25dc4bc5 page=contrato
[2026-03-31 19:08:08] ip=::1 wallet=0x0b81337f18767565d2ea40913799317a25dc4bc5 page=contrato_cancelada
[2026-03-31 19:08:53] ip=::1 wallet=0x0b81337f18767565d2ea40913799317a25dc4bc5 page=contrato-detalhes
[2026-03-31 19:13:03] ip=::1 wallet=0x0b81337f18767565d2ea40913799317a25dc4bc5 page=logs
[2026-03-31 19:24:37] ip=::1 wallet=0x0b81337f18767565d2ea40913799317a25dc4bc5 page=logs
[2026-03-31 19:24:50] ip=::1 wallet=0x0b81337f18767565d2ea40913799317a25dc4bc5 page=contrato
[2026-03-31 19:25:30] ip=::1 wallet=0x0b81337f18767565d2ea40913799317a25dc4bc5 page=contrato_cancelada
[2026-03-31 19:26:10] ip=::1 wallet=0x0b81337f18767565d2ea40913799317a25dc4bc5 page=logs
[2026-03-31 19:26:17] ip=::1 wallet=0x0b81337f18767565d2ea40913799317a25dc4bc5 page=logs
