[2026-03-30 12:43:54] ip=::1 wallet=0x0b81337f18767565d2ea40913799317a25dc4bc5 page=logs
[2026-03-30 12:45:08] ip=::1 wallet=0x0b81337f18767565d2ea40913799317a25dc4bc5 page=wallet
[2026-03-30 12:45:21] ip=::1 wallet=0x0b81337f18767565d2ea40913799317a25dc4bc5 page=logs
[2026-03-30 13:03:11] ip=::1 wallet=0x0b81337f18767565d2ea40913799317a25dc4bc5 page=logs
[2026-03-30 13:03:16] ip=::1 wallet=0x0b81337f18767565d2ea40913799317a25dc4bc5 page=logs
[2026-03-30 13:08:26] ip=::1 wallet=0x0b81337f18767565d2ea40913799317a25dc4bc5 page=logs
[2026-03-30 13:15:35] ip=::1 wallet=0x0b81337f18767565d2ea40913799317a25dc4bc5 page=logs
[2026-03-30 13:16:11] ip=::1 wallet=0x0b81337f18767565d2ea40913799317a25dc4bc5 page=logs
[2026-03-30 13:34:37] ip=::1 wallet=0x0b81337f18767565d2ea40913799317a25dc4bc5 page=logs
[2026-03-30 13:35:00] ip=::1 wallet=0x0b81337f18767565d2ea40913799317a25dc4bc5 page=logs
[2026-03-30 13:35:31] ip=::1 wallet=0x0b81337f18767565d2ea40913799317a25dc4bc5 page=logs-resumo
[2026-03-30 13:36:15] ip=::1 wallet=0x0b81337f18767565d2ea40913799317a25dc4bc5 page=admin
[2026-03-30 13:36:29] ip=::1 wallet=0x0b81337f18767565d2ea40913799317a25dc4bc5 page=admin
[2026-03-30 13:37:08] ip=::1 wallet=0x0b81337f18767565d2ea40913799317a25dc4bc5 page=logs-resumo
[2026-03-30 13:56:21] ip=::1 wallet=0x0b81337f18767565d2ea40913799317a25dc4bc5 page=logs
[2026-03-30 13:57:06] ip=::1 wallet=0x0b81337f18767565d2ea40913799317a25dc4bc5 page=logs-resumo
[2026-03-30 13:57:09] ip=::1 wallet=0x0b81337f18767565d2ea40913799317a25dc4bc5 page=logs-resumo
[2026-03-30 13:57:14] ip=::1 wallet=0x0b81337f18767565d2ea40913799317a25dc4bc5 page=logs-resumo
[2026-03-30 13:57:24] ip=::1 wallet=0x0b81337f18767565d2ea40913799317a25dc4bc5 page=logs
[2026-03-30 13:57:26] ip=::1 wallet=0x0b81337f18767565d2ea40913799317a25dc4bc5 page=logs
[2026-03-30 13:57:37] ip=::1 wallet=0x0b81337f18767565d2ea40913799317a25dc4bc5 page=admin
[2026-03-30 13:57:41] ip=::1 wallet=0x0b81337f18767565d2ea40913799317a25dc4bc5 page=admin
[2026-03-30 13:58:26] ip=::1 wallet=0x0b81337f18767565d2ea40913799317a25dc4bc5 page=admin
[2026-03-30 14:00:45] ip=::1 wallet=0x0b81337f18767565d2ea40913799317a25dc4bc5 page=admin
[2026-03-30 14:00:56] ip=::1 wallet=0x0b81337f18767565d2ea40913799317a25dc4bc5 page=logs-resumo
[2026-03-30 14:02:03] ip=::1 wallet=0x0b81337f18767565d2ea40913799317a25dc4bc5 page=logs-resumo
[2026-03-30 14:10:36] ip=::1 wallet=0x0b81337f18767565d2ea40913799317a25dc4bc5 page=logs
[2026-03-30 14:10:38] ip=::1 wallet=0x0b81337f18767565d2ea40913799317a25dc4bc5 page=logs
[2026-03-30 14:11:08] ip=::1 wallet=0x0b81337f18767565d2ea40913799317a25dc4bc5 page=logs-resumo
[2026-03-30 14:11:10] ip=::1 wallet=0x0b81337f18767565d2ea40913799317a25dc4bc5 page=logs-resumo
[2026-03-30 14:11:43] ip=::1 wallet=0x0b81337f18767565d2ea40913799317a25dc4bc5 page=admin
[2026-03-30 14:11:56] ip=::1 wallet=0x0b81337f18767565d2ea40913799317a25dc4bc5 page=admin
[2026-03-30 14:12:02] ip=::1 wallet=0x0b81337f18767565d2ea40913799317a25dc4bc5 page=logs-resumo
[2026-03-30 14:12:10] ip=::1 wallet=0x0b81337f18767565d2ea40913799317a25dc4bc5 page=logs
[2026-03-30 14:12:47] ip=::1 wallet=0x0b81337f18767565d2ea40913799317a25dc4bc5 page=admin
[2026-03-30 14:14:12] ip=::1 wallet=0x0b81337f18767565d2ea40913799317a25dc4bc5 page=logs-resumo
[2026-03-30 14:14:47] ip=::1 wallet=0x0b81337f18767565d2ea40913799317a25dc4bc5 page=logs
[2026-03-30 14:37:05] ip=::1 wallet=0x0b81337f18767565d2ea40913799317a25dc4bc5 page=admin
[2026-03-30 14:38:04] ip=::1 wallet=0x0b81337f18767565d2ea40913799317a25dc4bc5 page=logs
[2026-03-30 14:38:36] ip=::1 wallet=0x0b81337f18767565d2ea40913799317a25dc4bc5 page=logs-resumo
[2026-03-30 15:27:12] ip=::1 wallet=0x0b81337f18767565d2ea40913799317a25dc4bc5 page=admin
[2026-03-30 15:27:45] ip=::1 wallet=0x0b81337f18767565d2ea40913799317a25dc4bc5 page=logs
[2026-03-30 15:27:54] ip=::1 wallet=0x0b81337f18767565d2ea40913799317a25dc4bc5 page=logs-resumo
[2026-03-30 15:28:12] ip=::1 wallet=0x0b81337f18767565d2ea40913799317a25dc4bc5 page=meu-dashboard
[2026-03-30 16:02:55] ip=::1 wallet=0x0b81337f18767565d2ea40913799317a25dc4bc5 page=meu-dashboard
[2026-03-30 16:03:19] ip=::1 wallet=0x0b81337f18767565d2ea40913799317a25dc4bc5 page=meu-dashboard
[2026-03-30 16:03:22] ip=::1 wallet=0x0b81337f18767565d2ea40913799317a25dc4bc5 page=meu-dashboard
[2026-03-30 16:03:37] ip=::1 wallet=0x0b81337f18767565d2ea40913799317a25dc4bc5 page=admin
[2026-03-30 16:03:44] ip=::1 wallet=0x0b81337f18767565d2ea40913799317a25dc4bc5 page=logs
[2026-03-30 16:07:00] ip=::1 wallet=0x0b81337f18767565d2ea40913799317a25dc4bc5 page=logs
[2026-03-30 16:07:04] ip=::1 wallet=0x0b81337f18767565d2ea40913799317a25dc4bc5 page=logs-resumo
[2026-03-30 16:07:54] ip=::1 wallet=0x0b81337f18767565d2ea40913799317a25dc4bc5 page=logs-resumo
[2026-03-30 16:09:43] ip=::1 wallet=0x0b81337f18767565d2ea40913799317a25dc4bc5 page=admin
[2026-03-30 16:11:22] ip=::1 wallet=0x0b81337f18767565d2ea40913799317a25dc4bc5 page=admin
[2026-03-30 16:11:26] ip=::1 wallet=0x0b81337f18767565d2ea40913799317a25dc4bc5 page=meu-dashboard
[2026-03-30 16:11:34] ip=::1 wallet=0x0b81337f18767565d2ea40913799317a25dc4bc5 page=meu-dashboard
[2026-03-30 16:11:37] ip=::1 wallet=0x0b81337f18767565d2ea40913799317a25dc4bc5 page=meu-dashboard
[2026-03-30 16:36:57] ip=::1 wallet=0x0b81337f18767565d2ea40913799317a25dc4bc5 page=logs
[2026-03-30 16:50:46] ip=::1 wallet=0x0b81337f18767565d2ea40913799317a25dc4bc5 page=logs
[2026-03-30 17:06:51] ip=::1 wallet=0x0b81337f18767565d2ea40913799317a25dc4bc5 page=logs
[2026-03-30 17:06:59] ip=::1 wallet=0x0b81337f18767565d2ea40913799317a25dc4bc5 page=logs
[2026-03-30 17:07:02] ip=::1 wallet=0x0b81337f18767565d2ea40913799317a25dc4bc5 page=logs
[2026-03-30 17:07:03] ip=::1 wallet=0x0b81337f18767565d2ea40913799317a25dc4bc5 page=logs
[2026-03-30 17:07:04] ip=::1 wallet=0x0b81337f18767565d2ea40913799317a25dc4bc5 page=logs
[2026-03-30 17:12:28] ip=::1 wallet=0x0b81337f18767565d2ea40913799317a25dc4bc5 page=logs
[2026-03-30 17:19:16] ip=::1 wallet=0x0b81337f18767565d2ea40913799317a25dc4bc5 page=logs
[2026-03-30 17:22:06] ip=::1 wallet=0x0b81337f18767565d2ea40913799317a25dc4bc5 page=logs
[2026-03-30 17:23:05] ip=::1 wallet=0x0b81337f18767565d2ea40913799317a25dc4bc5 page=logs
[2026-03-30 17:23:22] ip=::1 wallet=0x0b81337f18767565d2ea40913799317a25dc4bc5 page=logs
[2026-03-30 17:28:41] ip=::1 wallet=0x0b81337f18767565d2ea40913799317a25dc4bc5 page=logs
[2026-03-30 17:29:13] ip=::1 wallet=0x0b81337f18767565d2ea40913799317a25dc4bc5 page=logs
[2026-03-30 17:29:23] ip=::1 wallet=0x0b81337f18767565d2ea40913799317a25dc4bc5 page=logs
[2026-03-30 17:30:05] ip=::1 wallet=0x0b81337f18767565d2ea40913799317a25dc4bc5 page=logs
[2026-03-30 17:30:15] ip=::1 wallet=0x0b81337f18767565d2ea40913799317a25dc4bc5 page=logs
[2026-03-30 17:51:42] ip=::1 wallet=0x0b81337f18767565d2ea40913799317a25dc4bc5 page=logs
[2026-03-30 17:59:30] ip=::1 wallet=0x0b81337f18767565d2ea40913799317a25dc4bc5 page=logs
[2026-03-30 18:38:13] ip=::1 wallet=0x0b81337f18767565d2ea40913799317a25dc4bc5 page=logs
[2026-03-30 18:46:28] ip=::1 wallet=0x0b81337f18767565d2ea40913799317a25dc4bc5 page=logs
[2026-03-30 18:59:11] ip=::1 wallet=0x0b81337f18767565d2ea40913799317a25dc4bc5 page=logs
[2026-03-30 19:06:32] ip=::1 wallet=0x0b81337f18767565d2ea40913799317a25dc4bc5 page=logs
[2026-03-30 19:10:56] ip=::1 wallet=0x0b81337f18767565d2ea40913799317a25dc4bc5 page=logs
[2026-03-30 19:11:11] ip=::1 wallet=0x0b81337f18767565d2ea40913799317a25dc4bc5 page=logs
[2026-03-30 19:11:35] ip=::1 wallet=0x0b81337f18767565d2ea40913799317a25dc4bc5 page=logs
[2026-03-30 19:19:28] ip=::1 wallet=0x0b81337f18767565d2ea40913799317a25dc4bc5 page=logs
[2026-03-30 19:34:59] ip=::1 wallet=0x0b81337f18767565d2ea40913799317a25dc4bc5 page=wallet
[2026-03-30 19:35:05] ip=::1 wallet=0x0b81337f18767565d2ea40913799317a25dc4bc5 page=rpc
[2026-03-30 19:35:10] ip=::1 wallet=0x0b81337f18767565d2ea40913799317a25dc4bc5 page=link
[2026-03-30 19:35:20] ip=::1 wallet=0x0b81337f18767565d2ea40913799317a25dc4bc5 page=rpc
[2026-03-30 19:35:23] ip=::1 wallet=0x0b81337f18767565d2ea40913799317a25dc4bc5 page=wallet
[2026-03-30 19:35:37] ip=::1 wallet=0x0b81337f18767565d2ea40913799317a25dc4bc5 page=rpc
[2026-03-30 19:35:45] ip=::1 wallet=0x0b81337f18767565d2ea40913799317a25dc4bc5 page=link
[2026-03-30 19:43:52] ip=::1 wallet=0x0b81337f18767565d2ea40913799317a25dc4bc5 page=link
[2026-03-30 19:44:39] ip=::1 wallet=0x0b81337f18767565d2ea40913799317a25dc4bc5 page=contrato
[2026-03-30 19:46:01] ip=::1 wallet=0x0b81337f18767565d2ea40913799317a25dc4bc5 page=contrato-detalhes
