[2026-03-31 07:18:32] ip=::1 page=index.php uri=/tokencafe/index.php
[2026-03-31 07:22:35] ip=::1 page=index.php uri=/tokencafe/index.php
[2026-03-31 07:23:27] ip=::1 page=index.php uri=/tokencafe/index.php
[2026-03-31 07:23:32] ip=::1 page=index.php uri=/tokencafe/index.php
[2026-03-31 07:24:38] ip=::1 wallet=0x40daa13061889429cabf314bc51c4abbdeb88de6 page=index.php uri=/tokencafe/index.php
[2026-03-31 07:36:02] ip=::1 wallet=0x40daa13061889429cabf314bc51c4abbdeb88de6 page=index.php uri=/tokencafe/index.php
[2026-03-31 07:45:30] ip=::1 wallet=0x40daa13061889429cabf314bc51c4abbdeb88de6 page=index.php uri=/tokencafe/index.php
[2026-03-31 07:45:34] ip=::1 wallet=0x40daa13061889429cabf314bc51c4abbdeb88de6 page=index.php uri=/tokencafe/index.php
[2026-03-31 07:55:11] ip=::1 wallet=0x40daa13061889429cabf314bc51c4abbdeb88de6 page=index.php uri=/tokencafe/index.php
[2026-03-31 07:55:14] ip=::1 wallet=0x40daa13061889429cabf314bc51c4abbdeb88de6 page=suporte.php uri=/tokencafe/suporte.php
[2026-03-31 07:55:19] ip=::1 wallet=0x40daa13061889429cabf314bc51c4abbdeb88de6 page=index.php uri=/tokencafe/index.php
[2026-03-31 07:55:24] ip=::1 wallet=0x40daa13061889429cabf314bc51c4abbdeb88de6 page=index.php uri=/tokencafe/index.php
[2026-03-31 08:01:55] ip=::1 wallet=0x40daa13061889429cabf314bc51c4abbdeb88de6 page=index.php uri=/tokencafe/index.php
[2026-03-31 08:02:54] ip=::1 wallet=0x40daa13061889429cabf314bc51c4abbdeb88de6 page=tools.php uri=/tokencafe/tools.php
[2026-03-31 08:02:54] ip=::1 wallet=0x40daa13061889429cabf314bc51c4abbdeb88de6 page=index.php uri=/tokencafe/tools-header.php
[2026-03-31 08:05:24] ip=::1 wallet=0x40daa13061889429cabf314bc51c4abbdeb88de6 page=tools uri=/tokencafe/index.php?page=tools
[2026-03-31 08:05:25] ip=::1 wallet=0x40daa13061889429cabf314bc51c4abbdeb88de6 page=index.php uri=/tokencafe/tools-header.php
[2026-03-31 08:05:46] ip=::1 wallet=0x40daa13061889429cabf314bc51c4abbdeb88de6 page=logs uri=/tokencafe/index.php?page=logs
[2026-03-31 08:05:47] ip=::1 wallet=0x40daa13061889429cabf314bc51c4abbdeb88de6 page=index.php uri=/tokencafe/tools-header.php
[2026-03-31 08:06:09] ip=::1 wallet=0x40daa13061889429cabf314bc51c4abbdeb88de6 page=logs uri=/tokencafe/index.php?page=logs&date=2026-03-30&days=7
[2026-03-31 08:06:09] ip=::1 wallet=0x40daa13061889429cabf314bc51c4abbdeb88de6 page=index.php uri=/tokencafe/tools-header.php
[2026-03-31 08:06:31] ip=::1 wallet=0x40daa13061889429cabf314bc51c4abbdeb88de6 page=logs uri=/tokencafe/index.php?page=logs&date=2026-03-30&days=30
[2026-03-31 08:06:31] ip=::1 wallet=0x40daa13061889429cabf314bc51c4abbdeb88de6 page=index.php uri=/tokencafe/tools-header.php
[2026-03-31 08:06:50] ip=::1 wallet=0x40daa13061889429cabf314bc51c4abbdeb88de6 page=logs uri=/tokencafe/index.php?page=logs&date=2026-03-31&days=30
[2026-03-31 08:06:51] ip=::1 wallet=0x40daa13061889429cabf314bc51c4abbdeb88de6 page=index.php uri=/tokencafe/tools-header.php
[2026-03-31 10:57:37] ip=::1 wallet=0x40daa13061889429cabf314bc51c4abbdeb88de6 page=logs uri=/tokencafe/index.php?page=logs&date=2026-03-30&days=30
[2026-03-31 10:57:38] ip=::1 wallet=0x40daa13061889429cabf314bc51c4abbdeb88de6 page=index.php uri=/tokencafe/tools-header.php
[2026-03-31 11:00:21] ip=::1 wallet=0x40daa13061889429cabf314bc51c4abbdeb88de6 page=logs uri=/tokencafe/index.php?page=logs&date=2026-03-31&days=30
[2026-03-31 11:00:21] ip=::1 wallet=0x40daa13061889429cabf314bc51c4abbdeb88de6 page=index.php uri=/tokencafe/tools-header.php
[2026-03-31 11:17:38] ip=::1 wallet=0x40daa13061889429cabf314bc51c4abbdeb88de6 page=logs uri=/tokencafe/index.php?page=logs&date=2026-03-31&days=30
[2026-03-31 11:17:39] ip=::1 wallet=0x40daa13061889429cabf314bc51c4abbdeb88de6 page=index.php uri=/tokencafe/tools-header.php
[2026-03-31 11:17:42] ip=::1 wallet=0x40daa13061889429cabf314bc51c4abbdeb88de6 page=logs uri=/tokencafe/index.php?page=logs&date=2026-03-31&days=30
[2026-03-31 11:17:43] ip=::1 wallet=0x40daa13061889429cabf314bc51c4abbdeb88de6 page=index.php uri=/tokencafe/tools-header.php
[2026-03-31 11:18:15] ip=::1 page=index.php uri=/tokencafe/index.php
[2026-03-31 11:18:30] ip=::1 wallet=0x0b81337f18767565d2ea40913799317a25dc4bc5 page=tools.php uri=/tokencafe/tools.php
[2026-03-31 11:18:31] ip=::1 wallet=0x0b81337f18767565d2ea40913799317a25dc4bc5 page=index.php uri=/tokencafe/tools-header.php
[2026-03-31 11:18:56] ip=::1 page=tools.php uri=/tokencafe/tools.php
[2026-03-31 11:18:56] ip=::1 page=index.php uri=/tokencafe/tools-header.php
[2026-03-31 11:18:57] ip=::1 page=tools uri=/tokencafe/index.php?page=tools
[2026-03-31 11:18:58] ip=::1 page=index.php uri=/tokencafe/tools-header.php
[2026-03-31 11:19:03] ip=::1 page=tools uri=/tokencafe/index.php?page=tools
[2026-03-31 11:19:04] ip=::1 page=index.php uri=/tokencafe/tools-header.php
[2026-03-31 11:19:32] ip=::1 wallet=0xee02e32d8d2888e9f1d6d13391e716bc7f41f6ae page=tools uri=/tokencafe/index.php?page=tools
[2026-03-31 11:19:32] ip=::1 wallet=0xee02e32d8d2888e9f1d6d13391e716bc7f41f6ae page=index.php uri=/tokencafe/tools-header.php
[2026-03-31 11:19:34] ip=::1 wallet=0xee02e32d8d2888e9f1d6d13391e716bc7f41f6ae page=logs uri=/tokencafe/index.php?page=logs
[2026-03-31 11:19:34] ip=::1 wallet=0xee02e32d8d2888e9f1d6d13391e716bc7f41f6ae page=index.php uri=/tokencafe/tools-header.php
[2026-03-31 11:20:10] ip=::1 wallet=0xee02e32d8d2888e9f1d6d13391e716bc7f41f6ae page=logs uri=/tokencafe/index.php?page=logs&start=2026-03-01&end=2026-03-31
[2026-03-31 11:20:11] ip=::1 wallet=0xee02e32d8d2888e9f1d6d13391e716bc7f41f6ae page=index.php uri=/tokencafe/tools-header.php
[2026-03-31 12:50:21] ip=::1 wallet=0x40daa13061889429cabf314bc51c4abbdeb88de6 page=logs uri=/tokencafe/index.php?page=logs&date=2026-03-31&days=30
[2026-03-31 12:50:22] ip=::1 wallet=0x40daa13061889429cabf314bc51c4abbdeb88de6 page=index.php uri=/tokencafe/tools-header.php
[2026-03-31 12:51:32] ip=::1 wallet=0x0b81337f18767565d2ea40913799317a25dc4bc5 page=logs uri=/tokencafe/index.php?page=logs&start=2026-03-01&end=2026-03-31
[2026-03-31 12:51:33] ip=::1 wallet=0x0b81337f18767565d2ea40913799317a25dc4bc5 page=index.php uri=/tokencafe/tools-header.php
[2026-03-31 12:52:35] ip=::1 wallet=0x40daa13061889429cabf314bc51c4abbdeb88de6 page=logs uri=/tokencafe/index.php?page=logs&date=2026-03-31&days=30
[2026-03-31 12:52:35] ip=::1 wallet=0x40daa13061889429cabf314bc51c4abbdeb88de6 page=index.php uri=/tokencafe/tools-header.php
[2026-03-31 13:14:23] ip=::1 wallet=0x0b81337f18767565d2ea40913799317a25dc4bc5 page=logs uri=/tokencafe/index.php?page=logs&start=2026-03-01&end=2026-03-31
[2026-03-31 13:14:24] ip=::1 wallet=0x0b81337f18767565d2ea40913799317a25dc4bc5 page=index.php uri=/tokencafe/tools-header.php
[2026-03-31 13:30:11] ip=::1 wallet=0x40daa13061889429cabf314bc51c4abbdeb88de6 page=logs uri=/tokencafe/index.php?page=logs&date=2026-03-31&days=30
[2026-03-31 13:30:11] ip=::1 wallet=0x40daa13061889429cabf314bc51c4abbdeb88de6 page=index.php uri=/tokencafe/tools-header.php
[2026-03-31 13:31:10] ip=::1 wallet=0x40daa13061889429cabf314bc51c4abbdeb88de6 page=logs uri=/tokencafe/index.php?page=logs&start=2026-03-01&end=2026-03-29
[2026-03-31 13:31:10] ip=::1 wallet=0x40daa13061889429cabf314bc51c4abbdeb88de6 page=index.php uri=/tokencafe/tools-header.php
[2026-03-31 13:32:05] ip=::1 wallet=0x40daa13061889429cabf314bc51c4abbdeb88de6 page=logs uri=/tokencafe/index.php?page=logs&start=2026-03-30&end=2026-03-31
[2026-03-31 13:32:05] ip=::1 wallet=0x40daa13061889429cabf314bc51c4abbdeb88de6 page=index.php uri=/tokencafe/tools-header.php
[2026-03-31 13:43:01] ip=::1 wallet=0x40daa13061889429cabf314bc51c4abbdeb88de6 page=logs uri=/tokencafe/index.php?page=logs&start=2026-03-30&end=2026-03-31
[2026-03-31 13:43:02] ip=::1 wallet=0x40daa13061889429cabf314bc51c4abbdeb88de6 page=index.php uri=/tokencafe/tools-header.php
[2026-03-31 13:54:54] ip=::1 wallet=0x40daa13061889429cabf314bc51c4abbdeb88de6 page=logs uri=/tokencafe/index.php?page=logs&start=2026-03-30&end=2026-03-31
[2026-03-31 13:54:54] ip=::1 wallet=0x40daa13061889429cabf314bc51c4abbdeb88de6 page=index.php uri=/tokencafe/tools-header.php
[2026-03-31 14:20:49] ip=::1 wallet=0x40daa13061889429cabf314bc51c4abbdeb88de6 page=logs uri=/tokencafe/index.php?page=logs&start=2026-03-30&end=2026-03-31
[2026-03-31 14:20:49] ip=::1 wallet=0x40daa13061889429cabf314bc51c4abbdeb88de6 page=index.php uri=/tokencafe/tools-header.php
[2026-03-31 14:20:55] ip=::1 wallet=0x40daa13061889429cabf314bc51c4abbdeb88de6 page=logs uri=/tokencafe/index.php?page=logs&start=2026-03-30&end=2026-03-31
[2026-03-31 14:20:55] ip=::1 wallet=0x40daa13061889429cabf314bc51c4abbdeb88de6 page=index.php uri=/tokencafe/tools-header.php
[2026-03-31 14:24:02] ip=::1 wallet=0x40daa13061889429cabf314bc51c4abbdeb88de6 page=logs uri=/tokencafe/index.php?page=logs&start=2026-03-30&end=2026-03-31
[2026-03-31 14:24:03] ip=::1 wallet=0x40daa13061889429cabf314bc51c4abbdeb88de6 page=index.php uri=/tokencafe/tools-header.php
[2026-03-31 14:24:24] ip=::1 wallet=0x40daa13061889429cabf314bc51c4abbdeb88de6 page=logs uri=/tokencafe/index.php?page=logs&start=2026-03-30&end=2026-03-31
[2026-03-31 14:24:24] ip=::1 wallet=0x40daa13061889429cabf314bc51c4abbdeb88de6 page=index.php uri=/tokencafe/tools-header.php
[2026-03-31 14:24:29] ip=::1 wallet=0x40daa13061889429cabf314bc51c4abbdeb88de6 page=logs uri=/tokencafe/index.php?page=logs&start=2026-03-30&end=2026-03-31
[2026-03-31 14:24:29] ip=::1 wallet=0x40daa13061889429cabf314bc51c4abbdeb88de6 page=index.php uri=/tokencafe/tools-header.php
[2026-03-31 14:24:57] ip=::1 wallet=0x40daa13061889429cabf314bc51c4abbdeb88de6 page=logs uri=/tokencafe/index.php?page=logs&start=2026-03-22&end=2026-03-31
[2026-03-31 14:24:57] ip=::1 wallet=0x40daa13061889429cabf314bc51c4abbdeb88de6 page=index.php uri=/tokencafe/tools-header.php
[2026-03-31 14:36:35] ip=::1 wallet=0x40daa13061889429cabf314bc51c4abbdeb88de6 page=logs uri=/tokencafe/index.php?page=logs&start=2026-03-22&end=2026-03-31
[2026-03-31 14:36:35] ip=::1 wallet=0x40daa13061889429cabf314bc51c4abbdeb88de6 page=index.php uri=/tokencafe/tools-header.php
[2026-03-31 14:42:52] ip=::1 wallet=0x40daa13061889429cabf314bc51c4abbdeb88de6 page=logs uri=/tokencafe/index.php?page=logs&start=2026-03-22&end=2026-03-31
[2026-03-31 14:42:53] ip=::1 wallet=0x40daa13061889429cabf314bc51c4abbdeb88de6 page=index.php uri=/tokencafe/tools-header.php
[2026-03-31 16:02:03] ip=::1 wallet=0x40daa13061889429cabf314bc51c4abbdeb88de6 page=logs uri=/tokencafe/index.php?page=logs&start=2026-03-22&end=2026-03-31
[2026-03-31 16:02:03] ip=::1 wallet=0x40daa13061889429cabf314bc51c4abbdeb88de6 page=index.php uri=/tokencafe/tools-header.php
[2026-03-31 16:02:22] ip=::1 wallet=0x40daa13061889429cabf314bc51c4abbdeb88de6 page=logs uri=/tokencafe/index.php?page=logs&start=2026-03-22&end=2026-03-31
[2026-03-31 16:02:22] ip=::1 wallet=0x40daa13061889429cabf314bc51c4abbdeb88de6 page=index.php uri=/tokencafe/tools-header.php
[2026-03-31 16:07:03] ip=::1 wallet=0x40daa13061889429cabf314bc51c4abbdeb88de6 page=logs uri=/tokencafe/index.php?page=logs&start=2026-03-22&end=2026-03-31
[2026-03-31 16:07:03] ip=::1 wallet=0x40daa13061889429cabf314bc51c4abbdeb88de6 page=index.php uri=/tokencafe/tools-header.php
[2026-03-31 16:07:07] ip=::1 wallet=0x40daa13061889429cabf314bc51c4abbdeb88de6 page=logs uri=/tokencafe/index.php?page=logs&start=2026-03-22&end=2026-03-31
[2026-03-31 16:07:07] ip=::1 wallet=0x40daa13061889429cabf314bc51c4abbdeb88de6 page=index.php uri=/tokencafe/tools-header.php
[2026-03-31 16:07:16] ip=::1 wallet=0x0b81337f18767565d2ea40913799317a25dc4bc5 page=logs uri=/tokencafe/index.php?page=logs&start=2026-03-01&end=2026-03-31
[2026-03-31 16:07:17] ip=::1 wallet=0x0b81337f18767565d2ea40913799317a25dc4bc5 page=index.php uri=/tokencafe/tools-header.php
[2026-03-31 16:08:14] ip=::1 wallet=0x0b81337f18767565d2ea40913799317a25dc4bc5 page=logs uri=/tokencafe/index.php?page=logs&start=2026-03-01&end=2026-03-31
[2026-03-31 16:08:15] ip=::1 wallet=0x0b81337f18767565d2ea40913799317a25dc4bc5 page=index.php uri=/tokencafe/tools-header.php
[2026-03-31 16:10:57] ip=::1 wallet=0x0b81337f18767565d2ea40913799317a25dc4bc5 page=logs uri=/tokencafe/index.php?page=logs&start=2026-03-01&end=2026-03-31
[2026-03-31 16:10:57] ip=::1 wallet=0x0b81337f18767565d2ea40913799317a25dc4bc5 page=index.php uri=/tokencafe/tools-header.php
[2026-03-31 16:13:38] ip=::1 wallet=0x40daa13061889429cabf314bc51c4abbdeb88de6 page=tools uri=/tokencafe/index.php?page=tools
[2026-03-31 16:13:38] ip=::1 wallet=0x40daa13061889429cabf314bc51c4abbdeb88de6 page=index.php uri=/tokencafe/tools-header.php
[2026-03-31 16:13:43] ip=::1 wallet=0x40daa13061889429cabf314bc51c4abbdeb88de6 page=link uri=/tokencafe/index.php?page=link
[2026-03-31 16:13:43] ip=::1 wallet=0x40daa13061889429cabf314bc51c4abbdeb88de6 page=index.php uri=/tokencafe/tools-header.php
[2026-03-31 16:13:43] ip=::1 wallet=0x40daa13061889429cabf314bc51c4abbdeb88de6 page=index.php uri=/tokencafe/shared/components/network-search.php
[2026-03-31 16:13:43] ip=::1 wallet=0x40daa13061889429cabf314bc51c4abbdeb88de6 page=index.php uri=/tokencafe/shared/components/contract-search.php
[2026-03-31 16:13:44] ip=::1 wallet=0x40daa13061889429cabf314bc51c4abbdeb88de6 page=index.php uri=/tokencafe/shared/components/section-title.php
[2026-03-31 16:15:19] ip=::1 wallet=0x40daa13061889429cabf314bc51c4abbdeb88de6 page=logs uri=/tokencafe/index.php?page=logs
[2026-03-31 16:15:19] ip=::1 wallet=0x40daa13061889429cabf314bc51c4abbdeb88de6 page=index.php uri=/tokencafe/tools-header.php
[2026-03-31 16:15:21] ip=::1 wallet=0x40daa13061889429cabf314bc51c4abbdeb88de6 page=logs uri=/tokencafe/index.php?page=logs
[2026-03-31 16:15:22] ip=::1 wallet=0x40daa13061889429cabf314bc51c4abbdeb88de6 page=index.php uri=/tokencafe/tools-header.php
[2026-03-31 16:15:27] ip=::1 wallet=0x0b81337f18767565d2ea40913799317a25dc4bc5 page=logs uri=/tokencafe/index.php?page=logs&start=2026-03-01&end=2026-03-31
[2026-03-31 16:15:28] ip=::1 wallet=0x0b81337f18767565d2ea40913799317a25dc4bc5 page=index.php uri=/tokencafe/tools-header.php
[2026-03-31 16:28:58] ip=::1 wallet=0x0b81337f18767565d2ea40913799317a25dc4bc5 page=logs uri=/tokencafe/index.php?page=logs&start=2026-03-01&end=2026-03-31
[2026-03-31 16:28:59] ip=::1 wallet=0x0b81337f18767565d2ea40913799317a25dc4bc5 page=index.php uri=/tokencafe/tools-header.php
[2026-03-31 16:29:09] ip=::1 wallet=0x0b81337f18767565d2ea40913799317a25dc4bc5 page=logs uri=/tokencafe/index.php?page=logs&start=2026-03-01&end=2026-03-31&f_wallet=0x0b81337f18767565d2ea40913799317a25dc4bc5&f_chain=0x61
[2026-03-31 16:29:09] ip=::1 wallet=0x0b81337f18767565d2ea40913799317a25dc4bc5 page=index.php uri=/tokencafe/tools-header.php
[2026-03-31 16:30:03] ip=::1 wallet=0x0b81337f18767565d2ea40913799317a25dc4bc5 page=logs uri=/tokencafe/index.php?page=logs&start=2026-03-01&end=2026-03-31&f_chain=0x61
[2026-03-31 16:30:04] ip=::1 wallet=0x0b81337f18767565d2ea40913799317a25dc4bc5 page=index.php uri=/tokencafe/tools-header.php
[2026-03-31 16:48:18] ip=::1 wallet=0x0b81337f18767565d2ea40913799317a25dc4bc5 page=logs uri=/tokencafe/index.php?page=logs&start=2026-03-01&end=2026-03-31&f_chain=0x61
[2026-03-31 16:48:19] ip=::1 wallet=0x0b81337f18767565d2ea40913799317a25dc4bc5 page=index.php uri=/tokencafe/tools-header.php
[2026-03-31 16:51:17] ip=::1 wallet=0x40daa13061889429cabf314bc51c4abbdeb88de6 page=logs uri=/tokencafe/index.php?page=logs
[2026-03-31 16:51:17] ip=::1 wallet=0x40daa13061889429cabf314bc51c4abbdeb88de6 page=index.php uri=/tokencafe/tools-header.php
[2026-03-31 16:52:33] ip=::1 wallet=0x40daa13061889429cabf314bc51c4abbdeb88de6 page=tools uri=/tokencafe/index.php?page=tools
[2026-03-31 16:52:34] ip=::1 wallet=0x40daa13061889429cabf314bc51c4abbdeb88de6 page=index.php uri=/tokencafe/tools-header.php
[2026-03-31 16:52:36] ip=::1 wallet=0x40daa13061889429cabf314bc51c4abbdeb88de6 page=rpc uri=/tokencafe/index.php?page=rpc
[2026-03-31 16:52:37] ip=::1 wallet=0x40daa13061889429cabf314bc51c4abbdeb88de6 page=index.php uri=/tokencafe/tools-header.php
[2026-03-31 16:52:37] ip=::1 wallet=0x40daa13061889429cabf314bc51c4abbdeb88de6 page=index.php uri=/tokencafe/shared/components/network-search.php
[2026-03-31 16:52:37] ip=::1 wallet=0x40daa13061889429cabf314bc51c4abbdeb88de6 page=index.php uri=/tokencafe/shared/components/section-title.php
[2026-03-31 16:54:03] ip=::1 wallet=0x40daa13061889429cabf314bc51c4abbdeb88de6 page=tools uri=/tokencafe/index.php?page=tools
[2026-03-31 16:54:04] ip=::1 wallet=0x40daa13061889429cabf314bc51c4abbdeb88de6 page=index.php uri=/tokencafe/tools-header.php
[2026-03-31 16:54:06] ip=::1 wallet=0x40daa13061889429cabf314bc51c4abbdeb88de6 page=contrato uri=/tokencafe/index.php?page=contrato
[2026-03-31 16:54:06] ip=::1 wallet=0x40daa13061889429cabf314bc51c4abbdeb88de6 page=index.php uri=/tokencafe/tools-header.php
[2026-03-31 16:54:07] ip=::1 wallet=0x40daa13061889429cabf314bc51c4abbdeb88de6 page=index.php uri=/tokencafe/shared/components/api-status.php
[2026-03-31 16:54:07] ip=::1 wallet=0x40daa13061889429cabf314bc51c4abbdeb88de6 page=index.php uri=/tokencafe/shared/components/network-search.php
[2026-03-31 16:54:07] ip=::1 wallet=0x40daa13061889429cabf314bc51c4abbdeb88de6 page=index.php uri=/tokencafe/shared/components/section-title.php
[2026-03-31 16:54:07] ip=::1 wallet=0x40daa13061889429cabf314bc51c4abbdeb88de6 page=index.php uri=/tokencafe/shared/components/section-title.php
[2026-03-31 16:54:07] ip=::1 wallet=0x40daa13061889429cabf314bc51c4abbdeb88de6 page=index.php uri=/tokencafe/shared/components/section-title.php
[2026-03-31 16:54:07] ip=::1 wallet=0x40daa13061889429cabf314bc51c4abbdeb88de6 page=index.php uri=/tokencafe/shared/components/section-title.php
[2026-03-31 16:54:59] ip=::1 wallet=0x40daa13061889429cabf314bc51c4abbdeb88de6 page=contrato uri=/tokencafe/index.php?page=contrato
[2026-03-31 16:55:00] ip=::1 wallet=0x40daa13061889429cabf314bc51c4abbdeb88de6 page=index.php uri=/tokencafe/tools-header.php
[2026-03-31 16:55:00] ip=::1 wallet=0x40daa13061889429cabf314bc51c4abbdeb88de6 page=index.php uri=/tokencafe/shared/components/api-status.php
[2026-03-31 16:55:00] ip=::1 wallet=0x40daa13061889429cabf314bc51c4abbdeb88de6 page=index.php uri=/tokencafe/shared/components/network-search.php
[2026-03-31 16:55:00] ip=::1 wallet=0x40daa13061889429cabf314bc51c4abbdeb88de6 page=index.php uri=/tokencafe/shared/components/section-title.php
[2026-03-31 16:55:00] ip=::1 wallet=0x40daa13061889429cabf314bc51c4abbdeb88de6 page=index.php uri=/tokencafe/shared/components/section-title.php
[2026-03-31 16:55:00] ip=::1 wallet=0x40daa13061889429cabf314bc51c4abbdeb88de6 page=index.php uri=/tokencafe/shared/components/section-title.php
[2026-03-31 16:55:00] ip=::1 wallet=0x40daa13061889429cabf314bc51c4abbdeb88de6 page=index.php uri=/tokencafe/shared/components/section-title.php
[2026-03-31 16:55:40] ip=::1 wallet=0x0b81337f18767565d2ea40913799317a25dc4bc5 page=tools uri=/tokencafe/index.php?page=tools
[2026-03-31 16:55:41] ip=::1 wallet=0x0b81337f18767565d2ea40913799317a25dc4bc5 page=index.php uri=/tokencafe/tools-header.php
[2026-03-31 16:55:43] ip=::1 wallet=0x0b81337f18767565d2ea40913799317a25dc4bc5 page=contrato uri=/tokencafe/index.php?page=contrato
[2026-03-31 16:55:43] ip=::1 wallet=0x0b81337f18767565d2ea40913799317a25dc4bc5 page=index.php uri=/tokencafe/tools-header.php
[2026-03-31 16:55:44] ip=::1 wallet=0x0b81337f18767565d2ea40913799317a25dc4bc5 page=index.php uri=/tokencafe/shared/components/api-status.php
[2026-03-31 16:55:44] ip=::1 wallet=0x0b81337f18767565d2ea40913799317a25dc4bc5 page=index.php uri=/tokencafe/shared/components/network-search.php
[2026-03-31 16:55:44] ip=::1 wallet=0x0b81337f18767565d2ea40913799317a25dc4bc5 page=index.php uri=/tokencafe/shared/components/section-title.php
[2026-03-31 16:55:44] ip=::1 wallet=0x0b81337f18767565d2ea40913799317a25dc4bc5 page=index.php uri=/tokencafe/shared/components/section-title.php
[2026-03-31 16:55:44] ip=::1 wallet=0x0b81337f18767565d2ea40913799317a25dc4bc5 page=index.php uri=/tokencafe/shared/components/section-title.php
[2026-03-31 16:55:44] ip=::1 wallet=0x0b81337f18767565d2ea40913799317a25dc4bc5 page=index.php uri=/tokencafe/shared/components/section-title.php
[2026-03-31 16:56:40] ip=::1 wallet=0x0b81337f18767565d2ea40913799317a25dc4bc5 page=contrato-detalhes uri=/tokencafe/index.php?page=contrato-detalhes
[2026-03-31 16:56:41] ip=::1 wallet=0x0b81337f18767565d2ea40913799317a25dc4bc5 page=index.php uri=/tokencafe/tools-header.php
[2026-03-31 16:56:41] ip=::1 wallet=0x0b81337f18767565d2ea40913799317a25dc4bc5 page=index.php uri=/tokencafe/shared/components/contract-search.php
[2026-03-31 16:56:41] ip=::1 wallet=0x0b81337f18767565d2ea40913799317a25dc4bc5 page=index.php uri=/tokencafe/shared/components/contract-actions.php
[2026-03-31 16:56:41] ip=::1 wallet=0x0b81337f18767565d2ea40913799317a25dc4bc5 page=index.php uri=/tokencafe/shared/components/section-title.php
[2026-03-31 16:56:41] ip=::1 wallet=0x0b81337f18767565d2ea40913799317a25dc4bc5 page=index.php uri=/tokencafe/shared/components/section-title.php
[2026-03-31 16:58:10] ip=::1 wallet=0x0b81337f18767565d2ea40913799317a25dc4bc5 page=tools uri=/tokencafe/index.php?page=tools
[2026-03-31 16:58:10] ip=::1 wallet=0x0b81337f18767565d2ea40913799317a25dc4bc5 page=index.php uri=/tokencafe/tools-header.php
[2026-03-31 16:58:13] ip=::1 wallet=0x0b81337f18767565d2ea40913799317a25dc4bc5 page=logs uri=/tokencafe/index.php?page=logs
[2026-03-31 16:58:14] ip=::1 wallet=0x0b81337f18767565d2ea40913799317a25dc4bc5 page=index.php uri=/tokencafe/tools-header.php
[2026-03-31 17:14:10] ip=::1 wallet=0x40daa13061889429cabf314bc51c4abbdeb88de6 page=tools uri=/tokencafe/index.php?page=tools
[2026-03-31 17:14:11] ip=::1 wallet=0x40daa13061889429cabf314bc51c4abbdeb88de6 page=index.php uri=/tokencafe/tools-header.php
[2026-03-31 17:14:15] ip=::1 wallet=0x40daa13061889429cabf314bc51c4abbdeb88de6 page=logs uri=/tokencafe/index.php?page=logs
[2026-03-31 17:14:15] ip=::1 wallet=0x40daa13061889429cabf314bc51c4abbdeb88de6 page=index.php uri=/tokencafe/tools-header.php
[2026-03-31 17:16:48] ip=::1 wallet=0x40daa13061889429cabf314bc51c4abbdeb88de6 page=logs uri=/tokencafe/index.php?page=logs
[2026-03-31 17:16:49] ip=::1 wallet=0x40daa13061889429cabf314bc51c4abbdeb88de6 page=index.php uri=/tokencafe/tools-header.php
[2026-03-31 17:20:18] ip=::1 wallet=0x0b81337f18767565d2ea40913799317a25dc4bc5 page=logs uri=/tokencafe/index.php?page=logs
[2026-03-31 17:20:18] ip=::1 wallet=0x0b81337f18767565d2ea40913799317a25dc4bc5 page=index.php uri=/tokencafe/tools-header.php
[2026-03-31 17:20:19] ip=::1 wallet=0x0b81337f18767565d2ea40913799317a25dc4bc5 page=index.php uri=/tokencafe/shared/components/network-search.php
[2026-03-31 17:25:26] ip=::1 wallet=0x40daa13061889429cabf314bc51c4abbdeb88de6 page=logs uri=/tokencafe/index.php?page=logs
[2026-03-31 17:25:27] ip=::1 wallet=0x40daa13061889429cabf314bc51c4abbdeb88de6 page=index.php uri=/tokencafe/tools-header.php
[2026-03-31 17:31:30] ip=::1 wallet=0x40daa13061889429cabf314bc51c4abbdeb88de6 page=logs uri=/tokencafe/index.php?page=logs
[2026-03-31 17:31:30] ip=::1 wallet=0x40daa13061889429cabf314bc51c4abbdeb88de6 page=index.php uri=/tokencafe/tools-header.php
[2026-03-31 17:37:42] ip=::1 wallet=0x40daa13061889429cabf314bc51c4abbdeb88de6 page=logs uri=/tokencafe/index.php?page=logs
[2026-03-31 17:37:42] ip=::1 wallet=0x40daa13061889429cabf314bc51c4abbdeb88de6 page=index.php uri=/tokencafe/tools-header.php
[2026-03-31 17:38:10] ip=::1 wallet=0x0b81337f18767565d2ea40913799317a25dc4bc5 page=logs uri=/tokencafe/index.php?page=logs&start=2026-03-01&end=2026-03-31
[2026-03-31 17:38:11] ip=::1 wallet=0x0b81337f18767565d2ea40913799317a25dc4bc5 page=index.php uri=/tokencafe/tools-header.php
[2026-03-31 17:38:11] ip=::1 wallet=0x0b81337f18767565d2ea40913799317a25dc4bc5 page=index.php uri=/tokencafe/shared/components/network-search.php
[2026-03-31 17:38:20] ip=::1 wallet=0x0b81337f18767565d2ea40913799317a25dc4bc5 page=logs uri=/tokencafe/index.php?page=logs&start=2026-03-01&end=2026-03-31
[2026-03-31 17:38:20] ip=::1 wallet=0x0b81337f18767565d2ea40913799317a25dc4bc5 page=index.php uri=/tokencafe/tools-header.php
[2026-03-31 17:38:21] ip=::1 wallet=0x0b81337f18767565d2ea40913799317a25dc4bc5 page=index.php uri=/tokencafe/shared/components/network-search.php
[2026-03-31 17:38:32] ip=::1 wallet=0x0b81337f18767565d2ea40913799317a25dc4bc5 page=logs uri=/tokencafe/index.php?page=logs&start=2026-03-01&end=2026-03-31
[2026-03-31 17:38:32] ip=::1 wallet=0x0b81337f18767565d2ea40913799317a25dc4bc5 page=index.php uri=/tokencafe/tools-header.php
[2026-03-31 17:38:33] ip=::1 wallet=0x0b81337f18767565d2ea40913799317a25dc4bc5 page=index.php uri=/tokencafe/shared/components/network-search.php
[2026-03-31 17:38:43] ip=::1 wallet=0x0b81337f18767565d2ea40913799317a25dc4bc5 page=logs uri=/tokencafe/index.php?page=logs
[2026-03-31 17:38:44] ip=::1 wallet=0x0b81337f18767565d2ea40913799317a25dc4bc5 page=index.php uri=/tokencafe/tools-header.php
[2026-03-31 17:38:44] ip=::1 wallet=0x0b81337f18767565d2ea40913799317a25dc4bc5 page=index.php uri=/tokencafe/shared/components/network-search.php
[2026-03-31 17:38:51] ip=::1 wallet=0x0b81337f18767565d2ea40913799317a25dc4bc5 page=logs uri=/tokencafe/index.php?page=logs
[2026-03-31 17:38:52] ip=::1 wallet=0x0b81337f18767565d2ea40913799317a25dc4bc5 page=index.php uri=/tokencafe/tools-header.php
[2026-03-31 17:38:52] ip=::1 wallet=0x0b81337f18767565d2ea40913799317a25dc4bc5 page=index.php uri=/tokencafe/shared/components/network-search.php
[2026-03-31 17:38:56] ip=::1 wallet=0x40daa13061889429cabf314bc51c4abbdeb88de6 page=logs uri=/tokencafe/index.php?page=logs
[2026-03-31 17:38:57] ip=::1 wallet=0x40daa13061889429cabf314bc51c4abbdeb88de6 page=index.php uri=/tokencafe/tools-header.php
[2026-03-31 17:40:29] ip=::1 wallet=0x40daa13061889429cabf314bc51c4abbdeb88de6 page=logs uri=/tokencafe/index.php?page=logs
[2026-03-31 17:40:30] ip=::1 wallet=0x40daa13061889429cabf314bc51c4abbdeb88de6 page=index.php uri=/tokencafe/tools-header.php
[2026-03-31 17:40:59] ip=::1 wallet=0x0b81337f18767565d2ea40913799317a25dc4bc5 page=logs uri=/tokencafe/index.php?page=logs
[2026-03-31 17:41:00] ip=::1 wallet=0x0b81337f18767565d2ea40913799317a25dc4bc5 page=index.php uri=/tokencafe/tools-header.php
[2026-03-31 17:41:00] ip=::1 wallet=0x0b81337f18767565d2ea40913799317a25dc4bc5 page=index.php uri=/tokencafe/shared/components/network-search.php
[2026-03-31 17:41:03] ip=::1 wallet=0x0b81337f18767565d2ea40913799317a25dc4bc5 page=logs uri=/tokencafe/index.php?page=logs
[2026-03-31 17:41:04] ip=::1 wallet=0x0b81337f18767565d2ea40913799317a25dc4bc5 page=index.php uri=/tokencafe/tools-header.php
[2026-03-31 17:41:04] ip=::1 wallet=0x0b81337f18767565d2ea40913799317a25dc4bc5 page=index.php uri=/tokencafe/shared/components/network-search.php
[2026-03-31 17:41:04] ip=::1 wallet=0x0b81337f18767565d2ea40913799317a25dc4bc5 page=logs uri=/tokencafe/index.php?page=logs
[2026-03-31 17:41:05] ip=::1 wallet=0x0b81337f18767565d2ea40913799317a25dc4bc5 page=index.php uri=/tokencafe/tools-header.php
[2026-03-31 17:41:05] ip=::1 wallet=0x0b81337f18767565d2ea40913799317a25dc4bc5 page=index.php uri=/tokencafe/shared/components/network-search.php
[2026-03-31 17:41:05] ip=::1 wallet=0x0b81337f18767565d2ea40913799317a25dc4bc5 page=logs uri=/tokencafe/index.php?page=logs
[2026-03-31 17:41:05] ip=::1 wallet=0x0b81337f18767565d2ea40913799317a25dc4bc5 page=index.php uri=/tokencafe/tools-header.php
[2026-03-31 17:41:05] ip=::1 wallet=0x0b81337f18767565d2ea40913799317a25dc4bc5 page=index.php uri=/tokencafe/shared/components/network-search.php
[2026-03-31 17:41:05] ip=::1 wallet=0x0b81337f18767565d2ea40913799317a25dc4bc5 page=logs uri=/tokencafe/index.php?page=logs
[2026-03-31 17:41:06] ip=::1 wallet=0x0b81337f18767565d2ea40913799317a25dc4bc5 page=index.php uri=/tokencafe/tools-header.php
[2026-03-31 17:41:06] ip=::1 wallet=0x0b81337f18767565d2ea40913799317a25dc4bc5 page=logs uri=/tokencafe/index.php?page=logs
[2026-03-31 17:41:06] ip=::1 wallet=0x0b81337f18767565d2ea40913799317a25dc4bc5 page=index.php uri=/tokencafe/shared/components/network-search.php
[2026-03-31 17:41:06] ip=::1 wallet=0x0b81337f18767565d2ea40913799317a25dc4bc5 page=logs uri=/tokencafe/index.php?page=logs
[2026-03-31 17:41:06] ip=::1 wallet=0x0b81337f18767565d2ea40913799317a25dc4bc5 page=index.php uri=/tokencafe/tools-header.php
[2026-03-31 17:41:06] ip=::1 wallet=0x0b81337f18767565d2ea40913799317a25dc4bc5 page=logs uri=/tokencafe/index.php?page=logs
[2026-03-31 17:41:07] ip=::1 wallet=0x0b81337f18767565d2ea40913799317a25dc4bc5 page=logs uri=/tokencafe/index.php?page=logs
[2026-03-31 17:41:07] ip=::1 wallet=0x0b81337f18767565d2ea40913799317a25dc4bc5 page=logs uri=/tokencafe/index.php?page=logs
[2026-03-31 17:41:07] ip=::1 wallet=0x0b81337f18767565d2ea40913799317a25dc4bc5 page=logs uri=/tokencafe/index.php?page=logs
[2026-03-31 17:41:07] ip=::1 wallet=0x0b81337f18767565d2ea40913799317a25dc4bc5 page=logs uri=/tokencafe/index.php?page=logs
[2026-03-31 17:41:07] ip=::1 wallet=0x0b81337f18767565d2ea40913799317a25dc4bc5 page=logs uri=/tokencafe/index.php?page=logs
[2026-03-31 17:41:08] ip=::1 wallet=0x0b81337f18767565d2ea40913799317a25dc4bc5 page=logs uri=/tokencafe/index.php?page=logs
[2026-03-31 17:41:08] ip=::1 wallet=0x0b81337f18767565d2ea40913799317a25dc4bc5 page=index.php uri=/tokencafe/tools-header.php
[2026-03-31 17:41:08] ip=::1 wallet=0x0b81337f18767565d2ea40913799317a25dc4bc5 page=index.php uri=/tokencafe/shared/components/network-search.php
[2026-03-31 17:51:53] ip=::1 wallet=0x40daa13061889429cabf314bc51c4abbdeb88de6 page=logs uri=/tokencafe/index.php?page=logs
[2026-03-31 17:51:54] ip=::1 wallet=0x40daa13061889429cabf314bc51c4abbdeb88de6 page=index.php uri=/tokencafe/tools-header.php
[2026-03-31 17:52:04] ip=::1 wallet=0x0b81337f18767565d2ea40913799317a25dc4bc5 page=logs uri=/tokencafe/index.php?page=logs
[2026-03-31 17:52:05] ip=::1 wallet=0x0b81337f18767565d2ea40913799317a25dc4bc5 page=index.php uri=/tokencafe/tools-header.php
[2026-03-31 17:52:05] ip=::1 wallet=0x0b81337f18767565d2ea40913799317a25dc4bc5 page=index.php uri=/tokencafe/shared/components/network-search.php
[2026-03-31 17:52:05] ip=::1 wallet=0x0b81337f18767565d2ea40913799317a25dc4bc5 page=logs uri=/tokencafe/index.php?page=logs
[2026-03-31 17:52:06] ip=::1 wallet=0x0b81337f18767565d2ea40913799317a25dc4bc5 page=index.php uri=/tokencafe/tools-header.php
[2026-03-31 17:52:06] ip=::1 wallet=0x0b81337f18767565d2ea40913799317a25dc4bc5 page=index.php uri=/tokencafe/shared/components/network-search.php
[2026-03-31 17:52:06] ip=::1 wallet=0x0b81337f18767565d2ea40913799317a25dc4bc5 page=logs uri=/tokencafe/index.php?page=logs
[2026-03-31 17:52:06] ip=::1 wallet=0x0b81337f18767565d2ea40913799317a25dc4bc5 page=logs uri=/tokencafe/index.php?page=logs
[2026-03-31 17:52:07] ip=::1 wallet=0x0b81337f18767565d2ea40913799317a25dc4bc5 page=logs uri=/tokencafe/index.php?page=logs
[2026-03-31 17:52:07] ip=::1 wallet=0x0b81337f18767565d2ea40913799317a25dc4bc5 page=index.php uri=/tokencafe/tools-header.php
[2026-03-31 17:52:07] ip=::1 wallet=0x0b81337f18767565d2ea40913799317a25dc4bc5 page=index.php uri=/tokencafe/shared/components/network-search.php
[2026-03-31 18:12:43] ip=::1 wallet=0x0b81337f18767565d2ea40913799317a25dc4bc5 page=logs uri=/tokencafe/index.php?page=logs
[2026-03-31 18:12:44] ip=::1 wallet=0x0b81337f18767565d2ea40913799317a25dc4bc5 page=index.php uri=/tokencafe/tools-header.php
[2026-03-31 18:12:44] ip=::1 wallet=0x0b81337f18767565d2ea40913799317a25dc4bc5 page=index.php uri=/tokencafe/shared/components/network-search.php
[2026-03-31 18:13:46] ip=::1 wallet=0x0b81337f18767565d2ea40913799317a25dc4bc5 page=logs uri=/tokencafe/index.php?page=logs
[2026-03-31 18:13:46] ip=::1 wallet=0x0b81337f18767565d2ea40913799317a25dc4bc5 page=index.php uri=/tokencafe/tools-header.php
[2026-03-31 18:13:46] ip=::1 wallet=0x0b81337f18767565d2ea40913799317a25dc4bc5 page=index.php uri=/tokencafe/shared/components/network-search.php
[2026-03-31 18:28:45] ip=::1 wallet=0x40daa13061889429cabf314bc51c4abbdeb88de6 page=logs uri=/tokencafe/index.php?page=logs
[2026-03-31 18:28:46] ip=::1 wallet=0x40daa13061889429cabf314bc51c4abbdeb88de6 page=index.php uri=/tokencafe/tools-header.php
[2026-03-31 18:29:07] ip=::1 wallet=0x0b81337f18767565d2ea40913799317a25dc4bc5 page=logs uri=/tokencafe/index.php?page=logs
[2026-03-31 18:29:08] ip=::1 wallet=0x0b81337f18767565d2ea40913799317a25dc4bc5 page=index.php uri=/tokencafe/tools-header.php
[2026-03-31 18:29:08] ip=::1 wallet=0x0b81337f18767565d2ea40913799317a25dc4bc5 page=index.php uri=/tokencafe/shared/components/network-search.php
[2026-03-31 18:29:43] ip=::1 wallet=0x0b81337f18767565d2ea40913799317a25dc4bc5 page=logs uri=/tokencafe/index.php?page=logs&start=2026-03-01&end=2026-03-31
[2026-03-31 18:29:43] ip=::1 wallet=0x0b81337f18767565d2ea40913799317a25dc4bc5 page=index.php uri=/tokencafe/tools-header.php
[2026-03-31 18:29:44] ip=::1 wallet=0x0b81337f18767565d2ea40913799317a25dc4bc5 page=index.php uri=/tokencafe/shared/components/network-search.php
[2026-03-31 18:33:56] ip=::1 wallet=0x40daa13061889429cabf314bc51c4abbdeb88de6 page=logs uri=/tokencafe/index.php?page=logs
[2026-03-31 18:33:57] ip=::1 wallet=0x40daa13061889429cabf314bc51c4abbdeb88de6 page=index.php uri=/tokencafe/tools-header.php
[2026-03-31 18:40:55] ip=::1 wallet=0x0b81337f18767565d2ea40913799317a25dc4bc5 page=logs uri=/tokencafe/index.php?page=logs&start=2026-03-01&end=2026-03-31
[2026-03-31 18:40:55] ip=::1 wallet=0x0b81337f18767565d2ea40913799317a25dc4bc5 page=index.php uri=/tokencafe/tools-header.php
[2026-03-31 18:40:56] ip=::1 wallet=0x0b81337f18767565d2ea40913799317a25dc4bc5 page=index.php uri=/tokencafe/shared/components/network-search.php
[2026-03-31 18:49:34] ip=::1 wallet=0x0b81337f18767565d2ea40913799317a25dc4bc5 page=logs uri=/tokencafe/index.php?page=logs&start=2026-03-01&end=2026-03-31
[2026-03-31 18:49:35] ip=::1 wallet=0x0b81337f18767565d2ea40913799317a25dc4bc5 page=index.php uri=/tokencafe/tools-header.php
[2026-03-31 18:49:35] ip=::1 wallet=0x0b81337f18767565d2ea40913799317a25dc4bc5 page=index.php uri=/tokencafe/shared/components/network-search.php
[2026-03-31 18:49:45] ip=::1 wallet=0x0b81337f18767565d2ea40913799317a25dc4bc5 page=logs uri=/tokencafe/index.php?page=logs&start=2026-03-01&end=2026-03-31
[2026-03-31 18:49:46] ip=::1 wallet=0x0b81337f18767565d2ea40913799317a25dc4bc5 page=index.php uri=/tokencafe/tools-header.php
[2026-03-31 18:49:46] ip=::1 wallet=0x0b81337f18767565d2ea40913799317a25dc4bc5 page=index.php uri=/tokencafe/shared/components/network-search.php
[2026-03-31 18:49:54] ip=::1 wallet=0x0b81337f18767565d2ea40913799317a25dc4bc5 page=logs uri=/tokencafe/index.php?page=logs&start=2026-03-01&end=2026-03-31
[2026-03-31 18:49:55] ip=::1 wallet=0x0b81337f18767565d2ea40913799317a25dc4bc5 page=index.php uri=/tokencafe/tools-header.php
[2026-03-31 18:49:55] ip=::1 wallet=0x0b81337f18767565d2ea40913799317a25dc4bc5 page=index.php uri=/tokencafe/shared/components/network-search.php
[2026-03-31 18:50:09] ip=::1 wallet=0x0b81337f18767565d2ea40913799317a25dc4bc5 page=logs uri=/tokencafe/index.php?page=logs&start=2026-03-01&end=2026-03-31
[2026-03-31 18:50:10] ip=::1 wallet=0x0b81337f18767565d2ea40913799317a25dc4bc5 page=index.php uri=/tokencafe/tools-header.php
[2026-03-31 18:50:10] ip=::1 wallet=0x0b81337f18767565d2ea40913799317a25dc4bc5 page=index.php uri=/tokencafe/shared/components/network-search.php
[2026-03-31 19:05:25] ip=::1 wallet=0x0b81337f18767565d2ea40913799317a25dc4bc5 page=logs uri=/tokencafe/index.php?page=logs&start=2026-03-01&end=2026-03-31
[2026-03-31 19:05:26] ip=::1 wallet=0x0b81337f18767565d2ea40913799317a25dc4bc5 page=index.php uri=/tokencafe/tools-header.php
[2026-03-31 19:05:26] ip=::1 wallet=0x0b81337f18767565d2ea40913799317a25dc4bc5 page=index.php uri=/tokencafe/shared/components/network-search.php
[2026-03-31 19:07:16] ip=::1 wallet=0x0b81337f18767565d2ea40913799317a25dc4bc5 page=tools uri=/tokencafe/index.php?page=tools
[2026-03-31 19:07:16] ip=::1 wallet=0x0b81337f18767565d2ea40913799317a25dc4bc5 page=index.php uri=/tokencafe/tools-header.php
[2026-03-31 19:07:19] ip=::1 wallet=0x0b81337f18767565d2ea40913799317a25dc4bc5 page=contrato uri=/tokencafe/index.php?page=contrato
[2026-03-31 19:07:19] ip=::1 wallet=0x0b81337f18767565d2ea40913799317a25dc4bc5 page=index.php uri=/tokencafe/tools-header.php
[2026-03-31 19:07:20] ip=::1 wallet=0x0b81337f18767565d2ea40913799317a25dc4bc5 page=index.php uri=/tokencafe/shared/components/api-status.php
[2026-03-31 19:07:20] ip=::1 wallet=0x0b81337f18767565d2ea40913799317a25dc4bc5 page=index.php uri=/tokencafe/shared/components/network-search.php
[2026-03-31 19:07:20] ip=::1 wallet=0x0b81337f18767565d2ea40913799317a25dc4bc5 page=index.php uri=/tokencafe/shared/components/section-title.php
[2026-03-31 19:07:20] ip=::1 wallet=0x0b81337f18767565d2ea40913799317a25dc4bc5 page=index.php uri=/tokencafe/shared/components/section-title.php
[2026-03-31 19:07:20] ip=::1 wallet=0x0b81337f18767565d2ea40913799317a25dc4bc5 page=index.php uri=/tokencafe/shared/components/section-title.php
[2026-03-31 19:07:20] ip=::1 wallet=0x0b81337f18767565d2ea40913799317a25dc4bc5 page=index.php uri=/tokencafe/shared/components/section-title.php
[2026-03-31 19:08:53] ip=::1 wallet=0x0b81337f18767565d2ea40913799317a25dc4bc5 page=contrato-detalhes uri=/tokencafe/index.php?page=contrato-detalhes
[2026-03-31 19:08:53] ip=::1 wallet=0x0b81337f18767565d2ea40913799317a25dc4bc5 page=index.php uri=/tokencafe/tools-header.php
[2026-03-31 19:08:54] ip=::1 wallet=0x0b81337f18767565d2ea40913799317a25dc4bc5 page=index.php uri=/tokencafe/shared/components/contract-search.php
[2026-03-31 19:08:54] ip=::1 wallet=0x0b81337f18767565d2ea40913799317a25dc4bc5 page=index.php uri=/tokencafe/shared/components/contract-actions.php
[2026-03-31 19:08:54] ip=::1 wallet=0x0b81337f18767565d2ea40913799317a25dc4bc5 page=index.php uri=/tokencafe/shared/components/section-title.php
[2026-03-31 19:08:54] ip=::1 wallet=0x0b81337f18767565d2ea40913799317a25dc4bc5 page=index.php uri=/tokencafe/shared/components/section-title.php
[2026-03-31 19:12:59] ip=::1 wallet=0x0b81337f18767565d2ea40913799317a25dc4bc5 page=tools uri=/tokencafe/index.php?page=tools
[2026-03-31 19:12:59] ip=::1 wallet=0x0b81337f18767565d2ea40913799317a25dc4bc5 page=index.php uri=/tokencafe/tools-header.php
[2026-03-31 19:13:03] ip=::1 wallet=0x0b81337f18767565d2ea40913799317a25dc4bc5 page=logs uri=/tokencafe/index.php?page=logs
[2026-03-31 19:13:03] ip=::1 wallet=0x0b81337f18767565d2ea40913799317a25dc4bc5 page=index.php uri=/tokencafe/tools-header.php
[2026-03-31 19:13:03] ip=::1 wallet=0x0b81337f18767565d2ea40913799317a25dc4bc5 page=index.php uri=/tokencafe/shared/components/network-search.php
[2026-03-31 19:24:37] ip=::1 wallet=0x0b81337f18767565d2ea40913799317a25dc4bc5 page=logs uri=/tokencafe/index.php?page=logs
[2026-03-31 19:24:38] ip=::1 wallet=0x0b81337f18767565d2ea40913799317a25dc4bc5 page=index.php uri=/tokencafe/tools-header.php
[2026-03-31 19:24:38] ip=::1 wallet=0x0b81337f18767565d2ea40913799317a25dc4bc5 page=index.php uri=/tokencafe/shared/components/network-search.php
[2026-03-31 19:24:48] ip=::1 wallet=0x0b81337f18767565d2ea40913799317a25dc4bc5 page=tools uri=/tokencafe/index.php?page=tools
[2026-03-31 19:24:48] ip=::1 wallet=0x0b81337f18767565d2ea40913799317a25dc4bc5 page=index.php uri=/tokencafe/tools-header.php
[2026-03-31 19:24:50] ip=::1 wallet=0x0b81337f18767565d2ea40913799317a25dc4bc5 page=contrato uri=/tokencafe/index.php?page=contrato
[2026-03-31 19:24:50] ip=::1 wallet=0x0b81337f18767565d2ea40913799317a25dc4bc5 page=index.php uri=/tokencafe/tools-header.php
[2026-03-31 19:24:50] ip=::1 wallet=0x0b81337f18767565d2ea40913799317a25dc4bc5 page=index.php uri=/tokencafe/shared/components/api-status.php
[2026-03-31 19:24:50] ip=::1 wallet=0x0b81337f18767565d2ea40913799317a25dc4bc5 page=index.php uri=/tokencafe/shared/components/network-search.php
[2026-03-31 19:24:50] ip=::1 wallet=0x0b81337f18767565d2ea40913799317a25dc4bc5 page=index.php uri=/tokencafe/shared/components/section-title.php
[2026-03-31 19:24:50] ip=::1 wallet=0x0b81337f18767565d2ea40913799317a25dc4bc5 page=index.php uri=/tokencafe/shared/components/section-title.php
[2026-03-31 19:24:50] ip=::1 wallet=0x0b81337f18767565d2ea40913799317a25dc4bc5 page=index.php uri=/tokencafe/shared/components/section-title.php
[2026-03-31 19:24:50] ip=::1 wallet=0x0b81337f18767565d2ea40913799317a25dc4bc5 page=index.php uri=/tokencafe/shared/components/section-title.php
[2026-03-31 19:26:06] ip=::1 wallet=0x0b81337f18767565d2ea40913799317a25dc4bc5 page=tools uri=/tokencafe/index.php?page=tools
[2026-03-31 19:26:07] ip=::1 wallet=0x0b81337f18767565d2ea40913799317a25dc4bc5 page=index.php uri=/tokencafe/tools-header.php
[2026-03-31 19:26:10] ip=::1 wallet=0x0b81337f18767565d2ea40913799317a25dc4bc5 page=logs uri=/tokencafe/index.php?page=logs
[2026-03-31 19:26:10] ip=::1 wallet=0x0b81337f18767565d2ea40913799317a25dc4bc5 page=index.php uri=/tokencafe/tools-header.php
[2026-03-31 19:26:11] ip=::1 wallet=0x0b81337f18767565d2ea40913799317a25dc4bc5 page=index.php uri=/tokencafe/shared/components/network-search.php
[2026-03-31 19:26:17] ip=::1 wallet=0x0b81337f18767565d2ea40913799317a25dc4bc5 page=logs uri=/tokencafe/index.php?page=logs
[2026-03-31 19:26:17] ip=::1 wallet=0x0b81337f18767565d2ea40913799317a25dc4bc5 page=index.php uri=/tokencafe/tools-header.php
[2026-03-31 19:26:17] ip=::1 wallet=0x0b81337f18767565d2ea40913799317a25dc4bc5 page=index.php uri=/tokencafe/shared/components/network-search.php
