[2026-04-01 11:32:45] ip=::1 wallet=0x0b81337f18767565d2ea40913799317a25dc4bc5 page=logs uri=/tokencafe/index.php?page=logs
[2026-04-01 11:32:45] ip=::1 wallet=0x0b81337f18767565d2ea40913799317a25dc4bc5 page=index.php uri=/tokencafe/tools-header.php
[2026-04-01 11:32:46] ip=::1 wallet=0x0b81337f18767565d2ea40913799317a25dc4bc5 page=index.php uri=/tokencafe/shared/components/network-search.php
[2026-04-01 11:32:59] ip=::1 wallet=0x0b81337f18767565d2ea40913799317a25dc4bc5 page=logs uri=/tokencafe/index.php?page=logs&start=2026-03-31&end=2026-04-01
[2026-04-01 11:33:00] ip=::1 wallet=0x0b81337f18767565d2ea40913799317a25dc4bc5 page=index.php uri=/tokencafe/tools-header.php
[2026-04-01 11:33:00] ip=::1 wallet=0x0b81337f18767565d2ea40913799317a25dc4bc5 page=index.php uri=/tokencafe/shared/components/network-search.php
[2026-04-01 11:35:56] ip=::1 wallet=0x0b81337f18767565d2ea40913799317a25dc4bc5 page=logs uri=/tokencafe/index.php?page=logs&start=2026-04-01&end=2026-04-01
[2026-04-01 11:35:56] ip=::1 wallet=0x0b81337f18767565d2ea40913799317a25dc4bc5 page=index.php uri=/tokencafe/tools-header.php
[2026-04-01 11:35:56] ip=::1 wallet=0x0b81337f18767565d2ea40913799317a25dc4bc5 page=index.php uri=/tokencafe/shared/components/network-search.php
[2026-04-01 11:40:10] ip=::1 wallet=0x0b81337f18767565d2ea40913799317a25dc4bc5 page=tools uri=/tokencafe/index.php?page=tools
[2026-04-01 11:40:11] ip=::1 wallet=0x0b81337f18767565d2ea40913799317a25dc4bc5 page=index.php uri=/tokencafe/tools-header.php
[2026-04-01 11:40:14] ip=::1 wallet=0x0b81337f18767565d2ea40913799317a25dc4bc5 page=contrato uri=/tokencafe/index.php?page=contrato
[2026-04-01 11:40:14] ip=::1 wallet=0x0b81337f18767565d2ea40913799317a25dc4bc5 page=index.php uri=/tokencafe/tools-header.php
[2026-04-01 11:40:14] ip=::1 wallet=0x0b81337f18767565d2ea40913799317a25dc4bc5 page=index.php uri=/tokencafe/shared/components/api-status.php
[2026-04-01 11:40:14] ip=::1 wallet=0x0b81337f18767565d2ea40913799317a25dc4bc5 page=index.php uri=/tokencafe/shared/components/network-search.php
[2026-04-01 11:40:15] ip=::1 wallet=0x0b81337f18767565d2ea40913799317a25dc4bc5 page=index.php uri=/tokencafe/shared/components/section-title.php
[2026-04-01 11:40:15] ip=::1 wallet=0x0b81337f18767565d2ea40913799317a25dc4bc5 page=index.php uri=/tokencafe/shared/components/section-title.php
[2026-04-01 11:40:15] ip=::1 wallet=0x0b81337f18767565d2ea40913799317a25dc4bc5 page=index.php uri=/tokencafe/shared/components/section-title.php
[2026-04-01 11:40:15] ip=::1 wallet=0x0b81337f18767565d2ea40913799317a25dc4bc5 page=index.php uri=/tokencafe/shared/components/section-title.php
[2026-04-01 11:41:15] ip=::1 wallet=0x0b81337f18767565d2ea40913799317a25dc4bc5 page=contrato-detalhes uri=/tokencafe/index.php?page=contrato-detalhes
[2026-04-01 11:41:15] ip=::1 wallet=0x0b81337f18767565d2ea40913799317a25dc4bc5 page=index.php uri=/tokencafe/tools-header.php
[2026-04-01 11:41:15] ip=::1 wallet=0x0b81337f18767565d2ea40913799317a25dc4bc5 page=index.php uri=/tokencafe/shared/components/contract-search.php
[2026-04-01 11:41:15] ip=::1 wallet=0x0b81337f18767565d2ea40913799317a25dc4bc5 page=index.php uri=/tokencafe/shared/components/contract-actions.php
[2026-04-01 11:41:15] ip=::1 wallet=0x0b81337f18767565d2ea40913799317a25dc4bc5 page=index.php uri=/tokencafe/shared/components/section-title.php
[2026-04-01 11:41:15] ip=::1 wallet=0x0b81337f18767565d2ea40913799317a25dc4bc5 page=index.php uri=/tokencafe/shared/components/section-title.php
[2026-04-01 11:44:45] ip=::1 wallet=0x0b81337f18767565d2ea40913799317a25dc4bc5 page=tools uri=/tokencafe/index.php?page=tools
[2026-04-01 11:44:46] ip=::1 wallet=0x0b81337f18767565d2ea40913799317a25dc4bc5 page=index.php uri=/tokencafe/tools-header.php
[2026-04-01 11:44:50] ip=::1 wallet=0x0b81337f18767565d2ea40913799317a25dc4bc5 page=contrato uri=/tokencafe/index.php?page=contrato
[2026-04-01 11:44:50] ip=::1 wallet=0x0b81337f18767565d2ea40913799317a25dc4bc5 page=index.php uri=/tokencafe/tools-header.php
[2026-04-01 11:44:50] ip=::1 wallet=0x0b81337f18767565d2ea40913799317a25dc4bc5 page=index.php uri=/tokencafe/shared/components/api-status.php
[2026-04-01 11:44:50] ip=::1 wallet=0x0b81337f18767565d2ea40913799317a25dc4bc5 page=index.php uri=/tokencafe/shared/components/network-search.php
[2026-04-01 11:44:50] ip=::1 wallet=0x0b81337f18767565d2ea40913799317a25dc4bc5 page=index.php uri=/tokencafe/shared/components/section-title.php
[2026-04-01 11:44:50] ip=::1 wallet=0x0b81337f18767565d2ea40913799317a25dc4bc5 page=index.php uri=/tokencafe/shared/components/section-title.php
[2026-04-01 11:44:50] ip=::1 wallet=0x0b81337f18767565d2ea40913799317a25dc4bc5 page=index.php uri=/tokencafe/shared/components/section-title.php
[2026-04-01 11:44:50] ip=::1 wallet=0x0b81337f18767565d2ea40913799317a25dc4bc5 page=index.php uri=/tokencafe/shared/components/section-title.php
[2026-04-01 11:44:52] ip=::1 wallet=0x0b81337f18767565d2ea40913799317a25dc4bc5 page=contrato uri=/tokencafe/index.php?page=contrato
[2026-04-01 11:44:52] ip=::1 wallet=0x0b81337f18767565d2ea40913799317a25dc4bc5 page=index.php uri=/tokencafe/tools-header.php
[2026-04-01 11:44:52] ip=::1 wallet=0x0b81337f18767565d2ea40913799317a25dc4bc5 page=index.php uri=/tokencafe/shared/components/api-status.php
[2026-04-01 11:44:52] ip=::1 wallet=0x0b81337f18767565d2ea40913799317a25dc4bc5 page=index.php uri=/tokencafe/shared/components/network-search.php
[2026-04-01 11:44:52] ip=::1 wallet=0x0b81337f18767565d2ea40913799317a25dc4bc5 page=index.php uri=/tokencafe/shared/components/section-title.php
[2026-04-01 11:44:52] ip=::1 wallet=0x0b81337f18767565d2ea40913799317a25dc4bc5 page=index.php uri=/tokencafe/shared/components/section-title.php
[2026-04-01 11:44:52] ip=::1 wallet=0x0b81337f18767565d2ea40913799317a25dc4bc5 page=index.php uri=/tokencafe/shared/components/section-title.php
[2026-04-01 11:44:53] ip=::1 wallet=0x0b81337f18767565d2ea40913799317a25dc4bc5 page=index.php uri=/tokencafe/shared/components/section-title.php
[2026-04-01 11:46:12] ip=::1 wallet=0x0b81337f18767565d2ea40913799317a25dc4bc5 page=contrato-detalhes uri=/tokencafe/index.php?page=contrato-detalhes
[2026-04-01 11:46:13] ip=::1 wallet=0x0b81337f18767565d2ea40913799317a25dc4bc5 page=index.php uri=/tokencafe/tools-header.php
[2026-04-01 11:46:13] ip=::1 wallet=0x0b81337f18767565d2ea40913799317a25dc4bc5 page=index.php uri=/tokencafe/shared/components/contract-search.php
[2026-04-01 11:46:13] ip=::1 wallet=0x0b81337f18767565d2ea40913799317a25dc4bc5 page=index.php uri=/tokencafe/shared/components/contract-actions.php
[2026-04-01 11:46:13] ip=::1 wallet=0x0b81337f18767565d2ea40913799317a25dc4bc5 page=index.php uri=/tokencafe/shared/components/section-title.php
[2026-04-01 11:46:13] ip=::1 wallet=0x0b81337f18767565d2ea40913799317a25dc4bc5 page=index.php uri=/tokencafe/shared/components/section-title.php
[2026-04-01 11:46:28] ip=::1 wallet=0x0b81337f18767565d2ea40913799317a25dc4bc5 page=tools uri=/tokencafe/index.php?page=tools
[2026-04-01 11:46:28] ip=::1 wallet=0x0b81337f18767565d2ea40913799317a25dc4bc5 page=index.php uri=/tokencafe/tools-header.php
[2026-04-01 11:46:33] ip=::1 wallet=0x0b81337f18767565d2ea40913799317a25dc4bc5 page=logs uri=/tokencafe/index.php?page=logs
[2026-04-01 11:46:33] ip=::1 wallet=0x0b81337f18767565d2ea40913799317a25dc4bc5 page=index.php uri=/tokencafe/tools-header.php
[2026-04-01 11:46:33] ip=::1 wallet=0x0b81337f18767565d2ea40913799317a25dc4bc5 page=index.php uri=/tokencafe/shared/components/network-search.php
[2026-04-01 12:06:25] ip=::1 wallet=0x0b81337f18767565d2ea40913799317a25dc4bc5 page=logs uri=/tokencafe/index.php?page=logs
[2026-04-01 12:06:25] ip=::1 wallet=0x0b81337f18767565d2ea40913799317a25dc4bc5 page=index.php uri=/tokencafe/tools-header.php
[2026-04-01 12:06:25] ip=::1 wallet=0x0b81337f18767565d2ea40913799317a25dc4bc5 page=index.php uri=/tokencafe/shared/components/network-search.php
[2026-04-01 12:15:19] ip=::1 wallet=0x0b81337f18767565d2ea40913799317a25dc4bc5 page=logs uri=/tokencafe/index.php?page=logs
[2026-04-01 12:15:19] ip=::1 wallet=0x0b81337f18767565d2ea40913799317a25dc4bc5 page=index.php uri=/tokencafe/tools-header.php
[2026-04-01 12:15:19] ip=::1 wallet=0x0b81337f18767565d2ea40913799317a25dc4bc5 page=index.php uri=/tokencafe/shared/components/network-search.php
[2026-04-01 12:23:16] ip=::1 wallet=0x0b81337f18767565d2ea40913799317a25dc4bc5 page=logs uri=/tokencafe/index.php?page=logs&start=2026-03-31&end=2026-04-01
[2026-04-01 12:23:16] ip=::1 wallet=0x0b81337f18767565d2ea40913799317a25dc4bc5 page=index.php uri=/tokencafe/tools-header.php
[2026-04-01 12:23:16] ip=::1 wallet=0x0b81337f18767565d2ea40913799317a25dc4bc5 page=index.php uri=/tokencafe/shared/components/network-search.php
[2026-04-01 12:31:45] ip=::1 wallet=0x0b81337f18767565d2ea40913799317a25dc4bc5 page=logs uri=/tokencafe/index.php?page=logs&start=2026-03-31&end=2026-04-01
[2026-04-01 12:31:46] ip=::1 wallet=0x0b81337f18767565d2ea40913799317a25dc4bc5 page=index.php uri=/tokencafe/tools-header.php
[2026-04-01 12:31:46] ip=::1 wallet=0x0b81337f18767565d2ea40913799317a25dc4bc5 page=index.php uri=/tokencafe/shared/components/network-search.php
[2026-04-01 12:32:53] ip=::1 wallet=0x0b81337f18767565d2ea40913799317a25dc4bc5 page=tools uri=/tokencafe/index.php?page=tools
[2026-04-01 12:32:54] ip=::1 wallet=0x0b81337f18767565d2ea40913799317a25dc4bc5 page=index.php uri=/tokencafe/tools-header.php
[2026-04-01 12:32:56] ip=::1 wallet=0x0b81337f18767565d2ea40913799317a25dc4bc5 page=contrato uri=/tokencafe/index.php?page=contrato
[2026-04-01 12:32:56] ip=::1 wallet=0x0b81337f18767565d2ea40913799317a25dc4bc5 page=index.php uri=/tokencafe/tools-header.php
[2026-04-01 12:32:56] ip=::1 wallet=0x0b81337f18767565d2ea40913799317a25dc4bc5 page=index.php uri=/tokencafe/shared/components/api-status.php
[2026-04-01 12:32:56] ip=::1 wallet=0x0b81337f18767565d2ea40913799317a25dc4bc5 page=index.php uri=/tokencafe/shared/components/network-search.php
[2026-04-01 12:32:56] ip=::1 wallet=0x0b81337f18767565d2ea40913799317a25dc4bc5 page=index.php uri=/tokencafe/shared/components/section-title.php
[2026-04-01 12:32:56] ip=::1 wallet=0x0b81337f18767565d2ea40913799317a25dc4bc5 page=index.php uri=/tokencafe/shared/components/section-title.php
[2026-04-01 12:32:56] ip=::1 wallet=0x0b81337f18767565d2ea40913799317a25dc4bc5 page=index.php uri=/tokencafe/shared/components/section-title.php
[2026-04-01 12:32:56] ip=::1 wallet=0x0b81337f18767565d2ea40913799317a25dc4bc5 page=index.php uri=/tokencafe/shared/components/section-title.php
[2026-04-01 12:33:59] ip=::1 wallet=0x0b81337f18767565d2ea40913799317a25dc4bc5 page=contrato-detalhes uri=/tokencafe/index.php?page=contrato-detalhes
[2026-04-01 12:33:59] ip=::1 wallet=0x0b81337f18767565d2ea40913799317a25dc4bc5 page=index.php uri=/tokencafe/tools-header.php
[2026-04-01 12:34:00] ip=::1 wallet=0x0b81337f18767565d2ea40913799317a25dc4bc5 page=index.php uri=/tokencafe/shared/components/contract-search.php
[2026-04-01 12:34:00] ip=::1 wallet=0x0b81337f18767565d2ea40913799317a25dc4bc5 page=index.php uri=/tokencafe/shared/components/contract-actions.php
[2026-04-01 12:34:00] ip=::1 wallet=0x0b81337f18767565d2ea40913799317a25dc4bc5 page=index.php uri=/tokencafe/shared/components/section-title.php
[2026-04-01 12:34:00] ip=::1 wallet=0x0b81337f18767565d2ea40913799317a25dc4bc5 page=index.php uri=/tokencafe/shared/components/section-title.php
[2026-04-01 12:34:16] ip=::1 wallet=0x0b81337f18767565d2ea40913799317a25dc4bc5 page=tools uri=/tokencafe/index.php?page=tools
[2026-04-01 12:34:17] ip=::1 wallet=0x0b81337f18767565d2ea40913799317a25dc4bc5 page=index.php uri=/tokencafe/tools-header.php
[2026-04-01 12:34:24] ip=::1 wallet=0x0b81337f18767565d2ea40913799317a25dc4bc5 page=logs uri=/tokencafe/index.php?page=logs
[2026-04-01 12:34:25] ip=::1 wallet=0x0b81337f18767565d2ea40913799317a25dc4bc5 page=index.php uri=/tokencafe/tools-header.php
[2026-04-01 12:34:25] ip=::1 wallet=0x0b81337f18767565d2ea40913799317a25dc4bc5 page=index.php uri=/tokencafe/shared/components/network-search.php
[2026-04-01 12:45:25] ip=::1 wallet=0x0b81337f18767565d2ea40913799317a25dc4bc5 page=logs uri=/tokencafe/index.php?page=logs
[2026-04-01 12:45:26] ip=::1 wallet=0x0b81337f18767565d2ea40913799317a25dc4bc5 page=index.php uri=/tokencafe/tools-header.php
[2026-04-01 12:45:26] ip=::1 wallet=0x0b81337f18767565d2ea40913799317a25dc4bc5 page=index.php uri=/tokencafe/shared/components/network-search.php
[2026-04-01 12:45:51] ip=::1 wallet=0x0b81337f18767565d2ea40913799317a25dc4bc5 page=tools uri=/tokencafe/index.php?page=tools
[2026-04-01 12:45:51] ip=::1 wallet=0x0b81337f18767565d2ea40913799317a25dc4bc5 page=index.php uri=/tokencafe/tools-header.php
[2026-04-01 12:45:53] ip=::1 wallet=0x0b81337f18767565d2ea40913799317a25dc4bc5 page=contrato uri=/tokencafe/index.php?page=contrato
[2026-04-01 12:45:54] ip=::1 wallet=0x0b81337f18767565d2ea40913799317a25dc4bc5 page=index.php uri=/tokencafe/tools-header.php
[2026-04-01 12:45:54] ip=::1 wallet=0x0b81337f18767565d2ea40913799317a25dc4bc5 page=index.php uri=/tokencafe/shared/components/api-status.php
[2026-04-01 12:45:54] ip=::1 wallet=0x0b81337f18767565d2ea40913799317a25dc4bc5 page=index.php uri=/tokencafe/shared/components/network-search.php
[2026-04-01 12:45:54] ip=::1 wallet=0x0b81337f18767565d2ea40913799317a25dc4bc5 page=index.php uri=/tokencafe/shared/components/section-title.php
[2026-04-01 12:45:54] ip=::1 wallet=0x0b81337f18767565d2ea40913799317a25dc4bc5 page=index.php uri=/tokencafe/shared/components/section-title.php
[2026-04-01 12:45:54] ip=::1 wallet=0x0b81337f18767565d2ea40913799317a25dc4bc5 page=index.php uri=/tokencafe/shared/components/section-title.php
[2026-04-01 12:45:54] ip=::1 wallet=0x0b81337f18767565d2ea40913799317a25dc4bc5 page=index.php uri=/tokencafe/shared/components/section-title.php
[2026-04-01 12:46:55] ip=::1 wallet=0x0b81337f18767565d2ea40913799317a25dc4bc5 page=contrato-detalhes uri=/tokencafe/index.php?page=contrato-detalhes
[2026-04-01 12:46:55] ip=::1 wallet=0x0b81337f18767565d2ea40913799317a25dc4bc5 page=index.php uri=/tokencafe/tools-header.php
[2026-04-01 12:46:55] ip=::1 wallet=0x0b81337f18767565d2ea40913799317a25dc4bc5 page=index.php uri=/tokencafe/shared/components/contract-search.php
[2026-04-01 12:46:55] ip=::1 wallet=0x0b81337f18767565d2ea40913799317a25dc4bc5 page=index.php uri=/tokencafe/shared/components/contract-actions.php
[2026-04-01 12:46:55] ip=::1 wallet=0x0b81337f18767565d2ea40913799317a25dc4bc5 page=index.php uri=/tokencafe/shared/components/section-title.php
[2026-04-01 12:46:55] ip=::1 wallet=0x0b81337f18767565d2ea40913799317a25dc4bc5 page=index.php uri=/tokencafe/shared/components/section-title.php
[2026-04-01 12:47:02] ip=::1 wallet=0x0b81337f18767565d2ea40913799317a25dc4bc5 page=tools uri=/tokencafe/index.php?page=tools
[2026-04-01 12:47:02] ip=::1 wallet=0x0b81337f18767565d2ea40913799317a25dc4bc5 page=index.php uri=/tokencafe/tools-header.php
[2026-04-01 12:47:05] ip=::1 wallet=0x0b81337f18767565d2ea40913799317a25dc4bc5 page=logs uri=/tokencafe/index.php?page=logs
[2026-04-01 12:47:05] ip=::1 wallet=0x0b81337f18767565d2ea40913799317a25dc4bc5 page=index.php uri=/tokencafe/tools-header.php
[2026-04-01 12:47:05] ip=::1 wallet=0x0b81337f18767565d2ea40913799317a25dc4bc5 page=index.php uri=/tokencafe/shared/components/network-search.php
[2026-04-01 12:47:58] ip=::1 wallet=0x0b81337f18767565d2ea40913799317a25dc4bc5 page=logs uri=/tokencafe/index.php?page=logs
[2026-04-01 12:47:59] ip=::1 wallet=0x0b81337f18767565d2ea40913799317a25dc4bc5 page=index.php uri=/tokencafe/tools-header.php
[2026-04-01 12:47:59] ip=::1 wallet=0x0b81337f18767565d2ea40913799317a25dc4bc5 page=index.php uri=/tokencafe/shared/components/network-search.php
[2026-04-01 12:57:19] ip=::1 wallet=0x0b81337f18767565d2ea40913799317a25dc4bc5 page=tools uri=/tokencafe/index.php?page=tools
[2026-04-01 12:57:20] ip=::1 wallet=0x0b81337f18767565d2ea40913799317a25dc4bc5 page=index.php uri=/tokencafe/tools-header.php
[2026-04-01 12:57:21] ip=::1 wallet=0x0b81337f18767565d2ea40913799317a25dc4bc5 page=contrato uri=/tokencafe/index.php?page=contrato
[2026-04-01 12:57:22] ip=::1 wallet=0x0b81337f18767565d2ea40913799317a25dc4bc5 page=index.php uri=/tokencafe/tools-header.php
[2026-04-01 12:57:22] ip=::1 wallet=0x0b81337f18767565d2ea40913799317a25dc4bc5 page=index.php uri=/tokencafe/shared/components/api-status.php
[2026-04-01 12:57:22] ip=::1 wallet=0x0b81337f18767565d2ea40913799317a25dc4bc5 page=index.php uri=/tokencafe/shared/components/network-search.php
[2026-04-01 12:57:22] ip=::1 wallet=0x0b81337f18767565d2ea40913799317a25dc4bc5 page=index.php uri=/tokencafe/shared/components/section-title.php
[2026-04-01 12:57:22] ip=::1 wallet=0x0b81337f18767565d2ea40913799317a25dc4bc5 page=index.php uri=/tokencafe/shared/components/section-title.php
[2026-04-01 12:57:22] ip=::1 wallet=0x0b81337f18767565d2ea40913799317a25dc4bc5 page=index.php uri=/tokencafe/shared/components/section-title.php
[2026-04-01 12:57:22] ip=::1 wallet=0x0b81337f18767565d2ea40913799317a25dc4bc5 page=index.php uri=/tokencafe/shared/components/section-title.php
[2026-04-01 12:58:14] ip=::1 wallet=0x0b81337f18767565d2ea40913799317a25dc4bc5 page=contrato-detalhes uri=/tokencafe/index.php?page=contrato-detalhes
[2026-04-01 12:58:15] ip=::1 wallet=0x0b81337f18767565d2ea40913799317a25dc4bc5 page=index.php uri=/tokencafe/tools-header.php
[2026-04-01 12:58:15] ip=::1 wallet=0x0b81337f18767565d2ea40913799317a25dc4bc5 page=index.php uri=/tokencafe/shared/components/contract-search.php
[2026-04-01 12:58:15] ip=::1 wallet=0x0b81337f18767565d2ea40913799317a25dc4bc5 page=index.php uri=/tokencafe/shared/components/contract-actions.php
[2026-04-01 12:58:15] ip=::1 wallet=0x0b81337f18767565d2ea40913799317a25dc4bc5 page=index.php uri=/tokencafe/shared/components/section-title.php
[2026-04-01 12:58:15] ip=::1 wallet=0x0b81337f18767565d2ea40913799317a25dc4bc5 page=index.php uri=/tokencafe/shared/components/section-title.php
[2026-04-01 12:58:22] ip=::1 wallet=0x0b81337f18767565d2ea40913799317a25dc4bc5 page=tools uri=/tokencafe/index.php?page=tools
[2026-04-01 12:58:23] ip=::1 wallet=0x0b81337f18767565d2ea40913799317a25dc4bc5 page=index.php uri=/tokencafe/tools-header.php
[2026-04-01 12:58:26] ip=::1 wallet=0x0b81337f18767565d2ea40913799317a25dc4bc5 page=logs uri=/tokencafe/index.php?page=logs
[2026-04-01 12:58:26] ip=::1 wallet=0x0b81337f18767565d2ea40913799317a25dc4bc5 page=index.php uri=/tokencafe/tools-header.php
[2026-04-01 12:58:26] ip=::1 wallet=0x0b81337f18767565d2ea40913799317a25dc4bc5 page=index.php uri=/tokencafe/shared/components/network-search.php
[2026-04-01 12:58:51] ip=::1 wallet=0x0b81337f18767565d2ea40913799317a25dc4bc5 page=logs uri=/tokencafe/index.php?page=logs
[2026-04-01 12:58:52] ip=::1 wallet=0x0b81337f18767565d2ea40913799317a25dc4bc5 page=index.php uri=/tokencafe/tools-header.php
[2026-04-01 12:58:52] ip=::1 wallet=0x0b81337f18767565d2ea40913799317a25dc4bc5 page=index.php uri=/tokencafe/shared/components/network-search.php
[2026-04-01 12:58:55] ip=::1 wallet=0x0b81337f18767565d2ea40913799317a25dc4bc5 page=logs uri=/tokencafe/index.php?page=logs
[2026-04-01 12:58:56] ip=::1 wallet=0x0b81337f18767565d2ea40913799317a25dc4bc5 page=index.php uri=/tokencafe/tools-header.php
[2026-04-01 12:58:56] ip=::1 wallet=0x0b81337f18767565d2ea40913799317a25dc4bc5 page=index.php uri=/tokencafe/shared/components/network-search.php
[2026-04-01 13:37:39] ip=::1 wallet=0x0b81337f18767565d2ea40913799317a25dc4bc5 page=logs uri=/tokencafe/index.php?page=logs
[2026-04-01 13:37:40] ip=::1 wallet=0x0b81337f18767565d2ea40913799317a25dc4bc5 page=index.php uri=/tokencafe/tools-header.php
[2026-04-01 13:37:40] ip=::1 wallet=0x0b81337f18767565d2ea40913799317a25dc4bc5 page=index.php uri=/tokencafe/shared/components/network-search.php
[2026-04-01 13:38:01] ip=::1 wallet=0x0b81337f18767565d2ea40913799317a25dc4bc5 page=tools uri=/tokencafe/index.php?page=tools
[2026-04-01 13:38:01] ip=::1 wallet=0x0b81337f18767565d2ea40913799317a25dc4bc5 page=index.php uri=/tokencafe/tools-header.php
[2026-04-01 13:38:03] ip=::1 wallet=0x0b81337f18767565d2ea40913799317a25dc4bc5 page=contrato uri=/tokencafe/index.php?page=contrato
[2026-04-01 13:38:03] ip=::1 wallet=0x0b81337f18767565d2ea40913799317a25dc4bc5 page=index.php uri=/tokencafe/tools-header.php
[2026-04-01 13:38:04] ip=::1 wallet=0x0b81337f18767565d2ea40913799317a25dc4bc5 page=index.php uri=/tokencafe/shared/components/api-status.php
[2026-04-01 13:38:04] ip=::1 wallet=0x0b81337f18767565d2ea40913799317a25dc4bc5 page=index.php uri=/tokencafe/shared/components/network-search.php
[2026-04-01 13:38:04] ip=::1 wallet=0x0b81337f18767565d2ea40913799317a25dc4bc5 page=index.php uri=/tokencafe/shared/components/section-title.php
[2026-04-01 13:38:04] ip=::1 wallet=0x0b81337f18767565d2ea40913799317a25dc4bc5 page=index.php uri=/tokencafe/shared/components/section-title.php
[2026-04-01 13:38:04] ip=::1 wallet=0x0b81337f18767565d2ea40913799317a25dc4bc5 page=index.php uri=/tokencafe/shared/components/section-title.php
[2026-04-01 13:38:04] ip=::1 wallet=0x0b81337f18767565d2ea40913799317a25dc4bc5 page=index.php uri=/tokencafe/shared/components/section-title.php
[2026-04-01 13:39:25] ip=::1 wallet=0x0b81337f18767565d2ea40913799317a25dc4bc5 page=contrato-detalhes uri=/tokencafe/index.php?page=contrato-detalhes&address=0xE85bF46389C51068D29d3b55004eA0e06779Fbb0&chainId=97
[2026-04-01 13:39:26] ip=::1 wallet=0x0b81337f18767565d2ea40913799317a25dc4bc5 page=index.php uri=/tokencafe/tools-header.php
[2026-04-01 13:39:26] ip=::1 wallet=0x0b81337f18767565d2ea40913799317a25dc4bc5 page=index.php uri=/tokencafe/shared/components/contract-search.php
[2026-04-01 13:39:26] ip=::1 wallet=0x0b81337f18767565d2ea40913799317a25dc4bc5 page=index.php uri=/tokencafe/shared/components/contract-actions.php
[2026-04-01 13:39:26] ip=::1 wallet=0x0b81337f18767565d2ea40913799317a25dc4bc5 page=index.php uri=/tokencafe/shared/components/section-title.php
[2026-04-01 13:39:26] ip=::1 wallet=0x0b81337f18767565d2ea40913799317a25dc4bc5 page=index.php uri=/tokencafe/shared/components/section-title.php
[2026-04-01 13:39:37] ip=::1 wallet=0x0b81337f18767565d2ea40913799317a25dc4bc5 page=tools uri=/tokencafe/index.php?page=tools
[2026-04-01 13:39:37] ip=::1 wallet=0x0b81337f18767565d2ea40913799317a25dc4bc5 page=index.php uri=/tokencafe/tools-header.php
[2026-04-01 13:39:42] ip=::1 wallet=0x0b81337f18767565d2ea40913799317a25dc4bc5 page=logs uri=/tokencafe/index.php?page=logs
[2026-04-01 13:39:42] ip=::1 wallet=0x0b81337f18767565d2ea40913799317a25dc4bc5 page=index.php uri=/tokencafe/tools-header.php
[2026-04-01 13:39:42] ip=::1 wallet=0x0b81337f18767565d2ea40913799317a25dc4bc5 page=index.php uri=/tokencafe/shared/components/network-search.php
[2026-04-01 13:40:30] ip=::1 wallet=0x0b81337f18767565d2ea40913799317a25dc4bc5 page=contrato-detalhes uri=/tokencafe/index.php?page=contrato-detalhes&address=0xe85bf46389c51068d29d3b55004ea0e06779fbb0&chainId=97
[2026-04-01 13:40:30] ip=::1 wallet=0x0b81337f18767565d2ea40913799317a25dc4bc5 page=index.php uri=/tokencafe/tools-header.php
[2026-04-01 13:40:31] ip=::1 wallet=0x0b81337f18767565d2ea40913799317a25dc4bc5 page=index.php uri=/tokencafe/shared/components/contract-search.php
[2026-04-01 13:40:31] ip=::1 wallet=0x0b81337f18767565d2ea40913799317a25dc4bc5 page=index.php uri=/tokencafe/shared/components/contract-actions.php
[2026-04-01 13:40:31] ip=::1 wallet=0x0b81337f18767565d2ea40913799317a25dc4bc5 page=index.php uri=/tokencafe/shared/components/section-title.php
[2026-04-01 13:40:31] ip=::1 wallet=0x0b81337f18767565d2ea40913799317a25dc4bc5 page=index.php uri=/tokencafe/shared/components/section-title.php
[2026-04-01 14:13:10] ip=::1 wallet=0x0b81337f18767565d2ea40913799317a25dc4bc5 page=logs uri=/tokencafe/index.php?page=logs
[2026-04-01 14:13:11] ip=::1 wallet=0x0b81337f18767565d2ea40913799317a25dc4bc5 page=index.php uri=/tokencafe/tools-header.php
[2026-04-01 14:13:11] ip=::1 wallet=0x0b81337f18767565d2ea40913799317a25dc4bc5 page=index.php uri=/tokencafe/shared/components/network-search.php
[2026-04-01 14:25:04] ip=::1 wallet=0x0b81337f18767565d2ea40913799317a25dc4bc5 page=logs uri=/tokencafe/index.php?page=logs
[2026-04-01 14:25:05] ip=::1 wallet=0x0b81337f18767565d2ea40913799317a25dc4bc5 page=index.php uri=/tokencafe/tools-header.php
[2026-04-01 14:25:05] ip=::1 wallet=0x0b81337f18767565d2ea40913799317a25dc4bc5 page=index.php uri=/tokencafe/shared/components/network-search.php
[2026-04-01 14:25:42] ip=::1 wallet=0x0b81337f18767565d2ea40913799317a25dc4bc5 page=contrato-detalhes uri=/tokencafe/index.php?page=contrato-detalhes&address=0xE85bF46389C51068D29d3b55004eA0e06779Fbb0&chainId=97
[2026-04-01 14:25:42] ip=::1 wallet=0x0b81337f18767565d2ea40913799317a25dc4bc5 page=index.php uri=/tokencafe/tools-header.php
[2026-04-01 14:25:42] ip=::1 wallet=0x0b81337f18767565d2ea40913799317a25dc4bc5 page=index.php uri=/tokencafe/shared/components/contract-search.php
[2026-04-01 14:25:42] ip=::1 wallet=0x0b81337f18767565d2ea40913799317a25dc4bc5 page=index.php uri=/tokencafe/shared/components/contract-actions.php
[2026-04-01 14:25:42] ip=::1 wallet=0x0b81337f18767565d2ea40913799317a25dc4bc5 page=index.php uri=/tokencafe/shared/components/section-title.php
[2026-04-01 14:25:42] ip=::1 wallet=0x0b81337f18767565d2ea40913799317a25dc4bc5 page=index.php uri=/tokencafe/shared/components/section-title.php
[2026-04-01 14:31:43] ip=::1 wallet=0x0b81337f18767565d2ea40913799317a25dc4bc5 page=logs uri=/tokencafe/index.php?page=logs
[2026-04-01 14:31:44] ip=::1 wallet=0x0b81337f18767565d2ea40913799317a25dc4bc5 page=index.php uri=/tokencafe/tools-header.php
[2026-04-01 14:31:44] ip=::1 wallet=0x0b81337f18767565d2ea40913799317a25dc4bc5 page=index.php uri=/tokencafe/shared/components/network-search.php
[2026-04-01 14:31:50] ip=::1 wallet=0x0b81337f18767565d2ea40913799317a25dc4bc5 page=contrato-detalhes uri=/tokencafe/index.php?page=contrato-detalhes&address=0xE85bF46389C51068D29d3b55004eA0e06779Fbb0&chainId=97
[2026-04-01 14:31:50] ip=::1 wallet=0x0b81337f18767565d2ea40913799317a25dc4bc5 page=index.php uri=/tokencafe/tools-header.php
[2026-04-01 14:31:50] ip=::1 wallet=0x0b81337f18767565d2ea40913799317a25dc4bc5 page=index.php uri=/tokencafe/shared/components/contract-search.php
[2026-04-01 14:31:50] ip=::1 wallet=0x0b81337f18767565d2ea40913799317a25dc4bc5 page=index.php uri=/tokencafe/shared/components/contract-actions.php
[2026-04-01 14:31:50] ip=::1 wallet=0x0b81337f18767565d2ea40913799317a25dc4bc5 page=index.php uri=/tokencafe/shared/components/section-title.php
[2026-04-01 14:31:50] ip=::1 wallet=0x0b81337f18767565d2ea40913799317a25dc4bc5 page=index.php uri=/tokencafe/shared/components/section-title.php
[2026-04-01 14:31:55] ip=::1 wallet=0x0b81337f18767565d2ea40913799317a25dc4bc5 page=logs uri=/tokencafe/index.php?page=logs
[2026-04-01 14:31:55] ip=::1 wallet=0x0b81337f18767565d2ea40913799317a25dc4bc5 page=index.php uri=/tokencafe/tools-header.php
[2026-04-01 14:31:55] ip=::1 wallet=0x0b81337f18767565d2ea40913799317a25dc4bc5 page=index.php uri=/tokencafe/shared/components/network-search.php
[2026-04-01 14:32:34] ip=::1 wallet=0x0b81337f18767565d2ea40913799317a25dc4bc5 page=contrato-detalhes uri=/tokencafe/index.php?page=contrato-detalhes&address=0xE85bF46389C51068D29d3b55004eA0e06779Fbb0&chainId=97
[2026-04-01 14:32:34] ip=::1 wallet=0x0b81337f18767565d2ea40913799317a25dc4bc5 page=contrato-detalhes uri=/tokencafe/index.php?page=contrato-detalhes&address=0xe85bf46389c51068d29d3b55004ea0e06779fbb0&chainId=97
[2026-04-01 14:32:34] ip=::1 wallet=0x0b81337f18767565d2ea40913799317a25dc4bc5 page=index.php uri=/tokencafe/tools-header.php
[2026-04-01 14:32:34] ip=::1 wallet=0x0b81337f18767565d2ea40913799317a25dc4bc5 page=index.php uri=/tokencafe/tools-header.php
[2026-04-01 14:32:34] ip=::1 wallet=0x0b81337f18767565d2ea40913799317a25dc4bc5 page=index.php uri=/tokencafe/shared/components/contract-search.php
[2026-04-01 14:32:34] ip=::1 wallet=0x0b81337f18767565d2ea40913799317a25dc4bc5 page=index.php uri=/tokencafe/shared/components/contract-search.php
[2026-04-01 14:32:34] ip=::1 wallet=0x0b81337f18767565d2ea40913799317a25dc4bc5 page=index.php uri=/tokencafe/shared/components/contract-actions.php
[2026-04-01 14:32:35] ip=::1 wallet=0x0b81337f18767565d2ea40913799317a25dc4bc5 page=index.php uri=/tokencafe/shared/components/contract-actions.php
[2026-04-01 14:32:35] ip=::1 wallet=0x0b81337f18767565d2ea40913799317a25dc4bc5 page=index.php uri=/tokencafe/shared/components/section-title.php
[2026-04-01 14:32:35] ip=::1 wallet=0x0b81337f18767565d2ea40913799317a25dc4bc5 page=index.php uri=/tokencafe/shared/components/section-title.php
[2026-04-01 14:32:35] ip=::1 wallet=0x0b81337f18767565d2ea40913799317a25dc4bc5 page=index.php uri=/tokencafe/shared/components/section-title.php
[2026-04-01 14:32:35] ip=::1 wallet=0x0b81337f18767565d2ea40913799317a25dc4bc5 page=index.php uri=/tokencafe/shared/components/section-title.php
[2026-04-01 14:32:36] ip=::1 wallet=0x0b81337f18767565d2ea40913799317a25dc4bc5 page=contrato-detalhes uri=/tokencafe/index.php?page=contrato-detalhes&address=0xe85bf46389c51068d29d3b55004ea0e06779fbb0&chainId=97
[2026-04-01 14:32:36] ip=::1 wallet=0x0b81337f18767565d2ea40913799317a25dc4bc5 page=contrato-detalhes uri=/tokencafe/index.php?page=contrato-detalhes&address=0xE85bF46389C51068D29d3b55004eA0e06779Fbb0&chainId=97
[2026-04-01 14:32:37] ip=::1 wallet=0x0b81337f18767565d2ea40913799317a25dc4bc5 page=index.php uri=/tokencafe/tools-header.php
[2026-04-01 14:32:37] ip=::1 wallet=0x0b81337f18767565d2ea40913799317a25dc4bc5 page=index.php uri=/tokencafe/tools-header.php
[2026-04-01 14:32:37] ip=::1 wallet=0x0b81337f18767565d2ea40913799317a25dc4bc5 page=index.php uri=/tokencafe/shared/components/contract-search.php
[2026-04-01 14:32:37] ip=::1 wallet=0x0b81337f18767565d2ea40913799317a25dc4bc5 page=index.php uri=/tokencafe/shared/components/contract-search.php
[2026-04-01 14:32:37] ip=::1 wallet=0x0b81337f18767565d2ea40913799317a25dc4bc5 page=index.php uri=/tokencafe/shared/components/contract-actions.php
[2026-04-01 14:32:37] ip=::1 wallet=0x0b81337f18767565d2ea40913799317a25dc4bc5 page=index.php uri=/tokencafe/shared/components/contract-actions.php
[2026-04-01 14:32:37] ip=::1 wallet=0x0b81337f18767565d2ea40913799317a25dc4bc5 page=index.php uri=/tokencafe/shared/components/section-title.php
[2026-04-01 14:32:37] ip=::1 wallet=0x0b81337f18767565d2ea40913799317a25dc4bc5 page=index.php uri=/tokencafe/shared/components/section-title.php
[2026-04-01 14:32:37] ip=::1 wallet=0x0b81337f18767565d2ea40913799317a25dc4bc5 page=index.php uri=/tokencafe/shared/components/section-title.php
[2026-04-01 14:32:37] ip=::1 wallet=0x0b81337f18767565d2ea40913799317a25dc4bc5 page=index.php uri=/tokencafe/shared/components/section-title.php
[2026-04-01 14:32:39] ip=::1 wallet=0x0b81337f18767565d2ea40913799317a25dc4bc5 page=logs uri=/tokencafe/index.php?page=logs
[2026-04-01 14:32:39] ip=::1 wallet=0x0b81337f18767565d2ea40913799317a25dc4bc5 page=index.php uri=/tokencafe/tools-header.php
[2026-04-01 14:32:39] ip=::1 wallet=0x0b81337f18767565d2ea40913799317a25dc4bc5 page=index.php uri=/tokencafe/shared/components/network-search.php
[2026-04-01 15:03:44] ip=::1 wallet=0x0b81337f18767565d2ea40913799317a25dc4bc5 page=logs uri=/tokencafe/index.php?page=logs
[2026-04-01 15:03:45] ip=::1 wallet=0x0b81337f18767565d2ea40913799317a25dc4bc5 page=index.php uri=/tokencafe/tools-header.php
[2026-04-01 15:03:45] ip=::1 wallet=0x0b81337f18767565d2ea40913799317a25dc4bc5 page=index.php uri=/tokencafe/shared/components/network-search.php
[2026-04-01 15:28:46] ip=::1 wallet=0x0b81337f18767565d2ea40913799317a25dc4bc5 page=logs uri=/tokencafe/index.php?page=logs
[2026-04-01 15:28:47] ip=::1 wallet=0x0b81337f18767565d2ea40913799317a25dc4bc5 page=index.php uri=/tokencafe/tools-header.php
[2026-04-01 15:28:47] ip=::1 wallet=0x0b81337f18767565d2ea40913799317a25dc4bc5 page=index.php uri=/tokencafe/shared/components/network-search.php
[2026-04-01 15:29:36] ip=::1 wallet=0x0b81337f18767565d2ea40913799317a25dc4bc5 page=logs uri=/tokencafe/index.php?page=logs&start=2026-03-31&end=2026-04-01
[2026-04-01 15:29:37] ip=::1 wallet=0x0b81337f18767565d2ea40913799317a25dc4bc5 page=index.php uri=/tokencafe/tools-header.php
[2026-04-01 15:29:37] ip=::1 wallet=0x0b81337f18767565d2ea40913799317a25dc4bc5 page=index.php uri=/tokencafe/shared/components/network-search.php
[2026-04-01 15:39:38] ip=::1 wallet=0x40daa13061889429cabf314bc51c4abbdeb88de6 page=tools uri=/tokencafe/index.php?page=tools
[2026-04-01 15:39:38] ip=::1 wallet=0x40daa13061889429cabf314bc51c4abbdeb88de6 page=index.php uri=/tokencafe/tools-header.php
[2026-04-01 15:39:41] ip=::1 wallet=0x40daa13061889429cabf314bc51c4abbdeb88de6 page=contrato uri=/tokencafe/index.php?page=contrato
[2026-04-01 15:39:42] ip=::1 wallet=0x40daa13061889429cabf314bc51c4abbdeb88de6 page=index.php uri=/tokencafe/tools-header.php
[2026-04-01 15:39:42] ip=::1 wallet=0x40daa13061889429cabf314bc51c4abbdeb88de6 page=index.php uri=/tokencafe/shared/components/api-status.php
[2026-04-01 15:39:42] ip=::1 wallet=0x40daa13061889429cabf314bc51c4abbdeb88de6 page=index.php uri=/tokencafe/shared/components/network-search.php
[2026-04-01 15:39:42] ip=::1 wallet=0x40daa13061889429cabf314bc51c4abbdeb88de6 page=index.php uri=/tokencafe/shared/components/section-title.php
[2026-04-01 15:39:42] ip=::1 wallet=0x40daa13061889429cabf314bc51c4abbdeb88de6 page=index.php uri=/tokencafe/shared/components/section-title.php
[2026-04-01 15:39:42] ip=::1 wallet=0x40daa13061889429cabf314bc51c4abbdeb88de6 page=index.php uri=/tokencafe/shared/components/section-title.php
[2026-04-01 15:39:42] ip=::1 wallet=0x40daa13061889429cabf314bc51c4abbdeb88de6 page=index.php uri=/tokencafe/shared/components/section-title.php
[2026-04-01 15:40:56] ip=::1 wallet=0x40daa13061889429cabf314bc51c4abbdeb88de6 page=contrato-detalhes uri=/tokencafe/index.php?page=contrato-detalhes
[2026-04-01 15:40:56] ip=::1 wallet=0x40daa13061889429cabf314bc51c4abbdeb88de6 page=index.php uri=/tokencafe/tools-header.php
[2026-04-01 15:40:56] ip=::1 wallet=0x40daa13061889429cabf314bc51c4abbdeb88de6 page=index.php uri=/tokencafe/shared/components/contract-search.php
[2026-04-01 15:40:56] ip=::1 wallet=0x40daa13061889429cabf314bc51c4abbdeb88de6 page=index.php uri=/tokencafe/shared/components/contract-actions.php
[2026-04-01 15:40:56] ip=::1 wallet=0x40daa13061889429cabf314bc51c4abbdeb88de6 page=index.php uri=/tokencafe/shared/components/section-title.php
[2026-04-01 15:40:56] ip=::1 wallet=0x40daa13061889429cabf314bc51c4abbdeb88de6 page=index.php uri=/tokencafe/shared/components/section-title.php
[2026-04-01 15:41:44] ip=::1 wallet=0x0b81337f18767565d2ea40913799317a25dc4bc5 page=logs uri=/tokencafe/index.php?page=logs&start=2026-03-31&end=2026-04-01
[2026-04-01 15:41:45] ip=::1 wallet=0x0b81337f18767565d2ea40913799317a25dc4bc5 page=index.php uri=/tokencafe/tools-header.php
[2026-04-01 15:41:45] ip=::1 wallet=0x0b81337f18767565d2ea40913799317a25dc4bc5 page=index.php uri=/tokencafe/shared/components/network-search.php
[2026-04-01 15:55:10] ip=::1 wallet=0x0b81337f18767565d2ea40913799317a25dc4bc5 page=logs uri=/tokencafe/index.php?page=logs&start=2026-03-31&end=2026-04-01
[2026-04-01 15:55:11] ip=::1 wallet=0x0b81337f18767565d2ea40913799317a25dc4bc5 page=index.php uri=/tokencafe/tools-header.php
[2026-04-01 15:55:11] ip=::1 wallet=0x0b81337f18767565d2ea40913799317a25dc4bc5 page=index.php uri=/tokencafe/shared/components/network-search.php
[2026-04-01 15:56:22] ip=::1 wallet=0x40daa13061889429cabf314bc51c4abbdeb88de6 page=tools uri=/tokencafe/index.php?page=tools
[2026-04-01 15:56:23] ip=::1 wallet=0x40daa13061889429cabf314bc51c4abbdeb88de6 page=index.php uri=/tokencafe/tools-header.php
[2026-04-01 15:56:25] ip=::1 wallet=0x40daa13061889429cabf314bc51c4abbdeb88de6 page=logs uri=/tokencafe/index.php?page=logs
[2026-04-01 15:56:25] ip=::1 wallet=0x40daa13061889429cabf314bc51c4abbdeb88de6 page=index.php uri=/tokencafe/tools-header.php
[2026-04-01 15:57:44] ip=::1 wallet=0x0b81337f18767565d2ea40913799317a25dc4bc5 page=logs uri=/tokencafe/index.php?page=logs&start=2026-04-01&end=2026-04-01
[2026-04-01 15:57:44] ip=::1 wallet=0x0b81337f18767565d2ea40913799317a25dc4bc5 page=index.php uri=/tokencafe/tools-header.php
[2026-04-01 15:57:44] ip=::1 wallet=0x0b81337f18767565d2ea40913799317a25dc4bc5 page=index.php uri=/tokencafe/shared/components/network-search.php
[2026-04-01 15:58:53] ip=::1 wallet=0x40daa13061889429cabf314bc51c4abbdeb88de6 page=logs uri=/tokencafe/index.php?page=logs&start=2026-04-01&end=2026-04-01
[2026-04-01 15:58:53] ip=::1 wallet=0x40daa13061889429cabf314bc51c4abbdeb88de6 page=index.php uri=/tokencafe/tools-header.php
[2026-04-01 16:07:31] ip=::1 wallet=0x0b81337f18767565d2ea40913799317a25dc4bc5 page=logs uri=/tokencafe/index.php?page=logs&start=2026-04-01&end=2026-04-01
[2026-04-01 16:07:32] ip=::1 wallet=0x0b81337f18767565d2ea40913799317a25dc4bc5 page=index.php uri=/tokencafe/tools-header.php
[2026-04-01 16:07:32] ip=::1 wallet=0x0b81337f18767565d2ea40913799317a25dc4bc5 page=index.php uri=/tokencafe/shared/components/network-search.php
[2026-04-01 16:08:19] ip=::1 wallet=0x40daa13061889429cabf314bc51c4abbdeb88de6 page=logs uri=/tokencafe/index.php?page=logs&start=2026-04-01&end=2026-04-01
[2026-04-01 16:08:19] ip=::1 wallet=0x40daa13061889429cabf314bc51c4abbdeb88de6 page=index.php uri=/tokencafe/tools-header.php
[2026-04-01 16:08:28] ip=::1 wallet=0x0b81337f18767565d2ea40913799317a25dc4bc5 page=logs uri=/tokencafe/index.php?page=logs&start=2026-04-01&end=2026-04-01
[2026-04-01 16:08:28] ip=::1 wallet=0x0b81337f18767565d2ea40913799317a25dc4bc5 page=index.php uri=/tokencafe/tools-header.php
[2026-04-01 16:08:28] ip=::1 wallet=0x0b81337f18767565d2ea40913799317a25dc4bc5 page=index.php uri=/tokencafe/shared/components/network-search.php
[2026-04-01 16:18:50] ip=::1 wallet=0x0b81337f18767565d2ea40913799317a25dc4bc5 page=contrato-detalhes uri=/tokencafe/index.php?page=contrato-detalhes&address=0xef99DE58905381715423CEe4121f7EB44996a7a5&chainId=97
[2026-04-01 16:18:51] ip=::1 wallet=0x0b81337f18767565d2ea40913799317a25dc4bc5 page=index.php uri=/tokencafe/tools-header.php
[2026-04-01 16:18:51] ip=::1 wallet=0x0b81337f18767565d2ea40913799317a25dc4bc5 page=index.php uri=/tokencafe/shared/components/contract-search.php
[2026-04-01 16:18:51] ip=::1 wallet=0x0b81337f18767565d2ea40913799317a25dc4bc5 page=index.php uri=/tokencafe/shared/components/contract-actions.php
[2026-04-01 16:18:51] ip=::1 wallet=0x0b81337f18767565d2ea40913799317a25dc4bc5 page=index.php uri=/tokencafe/shared/components/section-title.php
[2026-04-01 16:18:51] ip=::1 wallet=0x0b81337f18767565d2ea40913799317a25dc4bc5 page=index.php uri=/tokencafe/shared/components/section-title.php
[2026-04-01 16:30:03] ip=::1 wallet=0x40daa13061889429cabf314bc51c4abbdeb88de6 page=tools uri=/tokencafe/index.php?page=tools
[2026-04-01 16:30:04] ip=::1 wallet=0x40daa13061889429cabf314bc51c4abbdeb88de6 page=index.php uri=/tokencafe/tools-header.php
[2026-04-01 16:30:05] ip=::1 wallet=0x40daa13061889429cabf314bc51c4abbdeb88de6 page=contrato uri=/tokencafe/index.php?page=contrato
[2026-04-01 16:30:05] ip=::1 wallet=0x40daa13061889429cabf314bc51c4abbdeb88de6 page=index.php uri=/tokencafe/tools-header.php
[2026-04-01 16:30:05] ip=::1 wallet=0x40daa13061889429cabf314bc51c4abbdeb88de6 page=index.php uri=/tokencafe/shared/components/api-status.php
[2026-04-01 16:30:05] ip=::1 wallet=0x40daa13061889429cabf314bc51c4abbdeb88de6 page=index.php uri=/tokencafe/shared/components/network-search.php
[2026-04-01 16:30:05] ip=::1 wallet=0x40daa13061889429cabf314bc51c4abbdeb88de6 page=index.php uri=/tokencafe/shared/components/section-title.php
[2026-04-01 16:30:05] ip=::1 wallet=0x40daa13061889429cabf314bc51c4abbdeb88de6 page=index.php uri=/tokencafe/shared/components/section-title.php
[2026-04-01 16:30:05] ip=::1 wallet=0x40daa13061889429cabf314bc51c4abbdeb88de6 page=index.php uri=/tokencafe/shared/components/section-title.php
[2026-04-01 16:30:06] ip=::1 wallet=0x40daa13061889429cabf314bc51c4abbdeb88de6 page=index.php uri=/tokencafe/shared/components/section-title.php
[2026-04-01 16:31:00] ip=::1 wallet=0x40daa13061889429cabf314bc51c4abbdeb88de6 page=contrato-detalhes uri=/tokencafe/index.php?page=contrato-detalhes
[2026-04-01 16:31:01] ip=::1 wallet=0x40daa13061889429cabf314bc51c4abbdeb88de6 page=index.php uri=/tokencafe/tools-header.php
[2026-04-01 16:31:01] ip=::1 wallet=0x40daa13061889429cabf314bc51c4abbdeb88de6 page=index.php uri=/tokencafe/shared/components/contract-search.php
[2026-04-01 16:31:01] ip=::1 wallet=0x40daa13061889429cabf314bc51c4abbdeb88de6 page=index.php uri=/tokencafe/shared/components/contract-actions.php
[2026-04-01 16:31:01] ip=::1 wallet=0x40daa13061889429cabf314bc51c4abbdeb88de6 page=index.php uri=/tokencafe/shared/components/section-title.php
[2026-04-01 16:31:01] ip=::1 wallet=0x40daa13061889429cabf314bc51c4abbdeb88de6 page=index.php uri=/tokencafe/shared/components/section-title.php
[2026-04-01 16:38:43] ip=::1 wallet=0x0b81337f18767565d2ea40913799317a25dc4bc5 page=tools uri=/tokencafe/index.php?page=tools
[2026-04-01 16:38:44] ip=::1 wallet=0x0b81337f18767565d2ea40913799317a25dc4bc5 page=index.php uri=/tokencafe/tools-header.php
[2026-04-01 17:16:08] ip=::1 wallet=0x0b81337f18767565d2ea40913799317a25dc4bc5 page=rpc uri=/tokencafe/index.php?page=rpc
[2026-04-01 17:16:08] ip=::1 wallet=0x0b81337f18767565d2ea40913799317a25dc4bc5 page=index.php uri=/tokencafe/tools-header.php
[2026-04-01 17:16:08] ip=::1 wallet=0x0b81337f18767565d2ea40913799317a25dc4bc5 page=index.php uri=/tokencafe/shared/components/network-search.php
[2026-04-01 17:16:08] ip=::1 wallet=0x0b81337f18767565d2ea40913799317a25dc4bc5 page=index.php uri=/tokencafe/shared/components/section-title.php
[2026-04-01 17:16:12] ip=::1 wallet=0x0b81337f18767565d2ea40913799317a25dc4bc5 page=tools uri=/tokencafe/index.php?page=tools
[2026-04-01 17:16:12] ip=::1 wallet=0x0b81337f18767565d2ea40913799317a25dc4bc5 page=index.php uri=/tokencafe/tools-header.php
