[2026-03-30 12:06:14] ip=::1 page=index.php uri=/tokencafe/index.php
[2026-03-30 12:06:17] ip=::1 page=index.php uri=/tokencafe/index.php
[2026-03-30 12:06:25] ip=::1 page=tools.php uri=/tokencafe/tools.php
[2026-03-30 12:06:25] ip=::1 page=index.php uri=/tokencafe/tools-header.php
[2026-03-30 12:43:39] ip=::1 wallet=0x0b81337f18767565d2ea40913799317a25dc4bc5 page=tools.php uri=/tokencafe/tools.php
[2026-03-30 12:43:40] ip=::1 wallet=0x0b81337f18767565d2ea40913799317a25dc4bc5 page=index.php uri=/tokencafe/tools-header.php
[2026-03-30 12:43:54] ip=::1 wallet=0x0b81337f18767565d2ea40913799317a25dc4bc5 page=logs uri=/tokencafe/index.php?page=logs
[2026-03-30 12:43:54] ip=::1 wallet=0x0b81337f18767565d2ea40913799317a25dc4bc5 page=index.php uri=/tokencafe/tools-header.php
[2026-03-30 12:43:54] ip=::1 wallet=0x0b81337f18767565d2ea40913799317a25dc4bc5 page=index.php uri=/tokencafe/tools-header.php
[2026-03-30 12:45:05] ip=::1 wallet=0x0b81337f18767565d2ea40913799317a25dc4bc5 page=tools uri=/tokencafe/index.php?page=tools
[2026-03-30 12:45:05] ip=::1 wallet=0x0b81337f18767565d2ea40913799317a25dc4bc5 page=index.php uri=/tokencafe/tools-header.php
[2026-03-30 12:45:08] ip=::1 wallet=0x0b81337f18767565d2ea40913799317a25dc4bc5 page=wallet uri=/tokencafe/index.php?page=wallet
[2026-03-30 12:45:08] ip=::1 wallet=0x0b81337f18767565d2ea40913799317a25dc4bc5 page=index.php uri=/tokencafe/tools-header.php
[2026-03-30 12:45:09] ip=::1 wallet=0x0b81337f18767565d2ea40913799317a25dc4bc5 page=index.php uri=/tokencafe/shared/components/section-title.php
[2026-03-30 12:45:11] ip=::1 wallet=0x0b81337f18767565d2ea40913799317a25dc4bc5 page=tools uri=/tokencafe/index.php?page=tools
[2026-03-30 12:45:11] ip=::1 wallet=0x0b81337f18767565d2ea40913799317a25dc4bc5 page=index.php uri=/tokencafe/tools-header.php
[2026-03-30 12:45:20] ip=::1 wallet=0x0b81337f18767565d2ea40913799317a25dc4bc5 page=logs uri=/tokencafe/index.php?page=logs
[2026-03-30 12:45:21] ip=::1 wallet=0x0b81337f18767565d2ea40913799317a25dc4bc5 page=index.php uri=/tokencafe/tools-header.php
[2026-03-30 12:45:21] ip=::1 wallet=0x0b81337f18767565d2ea40913799317a25dc4bc5 page=index.php uri=/tokencafe/tools-header.php
[2026-03-30 13:03:11] ip=::1 wallet=0x0b81337f18767565d2ea40913799317a25dc4bc5 page=logs uri=/tokencafe/index.php?page=logs
[2026-03-30 13:03:12] ip=::1 wallet=0x0b81337f18767565d2ea40913799317a25dc4bc5 page=index.php uri=/tokencafe/tools-header.php
[2026-03-30 13:03:12] ip=::1 wallet=0x0b81337f18767565d2ea40913799317a25dc4bc5 page=index.php uri=/tokencafe/tools-header.php
[2026-03-30 13:03:16] ip=::1 wallet=0x0b81337f18767565d2ea40913799317a25dc4bc5 page=logs uri=/tokencafe/index.php?page=logs
[2026-03-30 13:03:16] ip=::1 wallet=0x0b81337f18767565d2ea40913799317a25dc4bc5 page=index.php uri=/tokencafe/tools-header.php
[2026-03-30 13:03:16] ip=::1 wallet=0x0b81337f18767565d2ea40913799317a25dc4bc5 page=index.php uri=/tokencafe/tools-header.php
[2026-03-30 13:08:26] ip=::1 wallet=0x0b81337f18767565d2ea40913799317a25dc4bc5 page=logs uri=/tokencafe/index.php?page=logs
[2026-03-30 13:08:27] ip=::1 wallet=0x0b81337f18767565d2ea40913799317a25dc4bc5 page=index.php uri=/tokencafe/tools-header.php
[2026-03-30 13:15:35] ip=::1 wallet=0x0b81337f18767565d2ea40913799317a25dc4bc5 page=logs uri=/tokencafe/index.php?page=logs
[2026-03-30 13:15:35] ip=::1 wallet=0x0b81337f18767565d2ea40913799317a25dc4bc5 page=index.php uri=/tokencafe/tools-header.php
[2026-03-30 13:16:11] ip=::1 wallet=0x0b81337f18767565d2ea40913799317a25dc4bc5 page=logs uri=/tokencafe/index.php?page=logs&date=2026-03-30
[2026-03-30 13:16:11] ip=::1 wallet=0x0b81337f18767565d2ea40913799317a25dc4bc5 page=index.php uri=/tokencafe/tools-header.php
[2026-03-30 13:34:37] ip=::1 wallet=0x0b81337f18767565d2ea40913799317a25dc4bc5 page=logs uri=/tokencafe/index.php?page=logs&date=2026-03-30
[2026-03-30 13:34:38] ip=::1 wallet=0x0b81337f18767565d2ea40913799317a25dc4bc5 page=index.php uri=/tokencafe/tools-header.php
[2026-03-30 13:35:00] ip=::1 wallet=0x0b81337f18767565d2ea40913799317a25dc4bc5 page=logs uri=/tokencafe/index.php?page=logs&date=2026-03-30
[2026-03-30 13:35:00] ip=::1 wallet=0x0b81337f18767565d2ea40913799317a25dc4bc5 page=index.php uri=/tokencafe/tools-header.php
[2026-03-30 13:35:31] ip=::1 wallet=0x0b81337f18767565d2ea40913799317a25dc4bc5 page=logs-resumo uri=/tokencafe/index.php?page=logs-resumo
[2026-03-30 13:35:31] ip=::1 wallet=0x0b81337f18767565d2ea40913799317a25dc4bc5 page=index.php uri=/tokencafe/tools-header.php
[2026-03-30 13:35:32] ip=::1 wallet=0x0b81337f18767565d2ea40913799317a25dc4bc5 page=index.php uri=/tokencafe/tools-header.php
[2026-03-30 13:36:07] ip=::1 wallet=0x0b81337f18767565d2ea40913799317a25dc4bc5 page=tools uri=/tokencafe/index.php?page=tools
[2026-03-30 13:36:07] ip=::1 wallet=0x0b81337f18767565d2ea40913799317a25dc4bc5 page=index.php uri=/tokencafe/tools-header.php
[2026-03-30 13:36:15] ip=::1 wallet=0x0b81337f18767565d2ea40913799317a25dc4bc5 page=admin uri=/tokencafe/index.php?page=admin
[2026-03-30 13:36:16] ip=::1 wallet=0x0b81337f18767565d2ea40913799317a25dc4bc5 page=index.php uri=/tokencafe/tools-header.php
[2026-03-30 13:36:29] ip=::1 wallet=0x0b81337f18767565d2ea40913799317a25dc4bc5 page=admin uri=/tokencafe/index.php?page=admin
[2026-03-30 13:36:30] ip=::1 wallet=0x0b81337f18767565d2ea40913799317a25dc4bc5 page=index.php uri=/tokencafe/tools-header.php
[2026-03-30 13:36:59] ip=::1 wallet=0x0b81337f18767565d2ea40913799317a25dc4bc5 page=tools uri=/tokencafe/index.php?page=tools
[2026-03-30 13:36:59] ip=::1 wallet=0x0b81337f18767565d2ea40913799317a25dc4bc5 page=index.php uri=/tokencafe/tools-header.php
[2026-03-30 13:37:03] ip=::1 wallet=0x0b81337f18767565d2ea40913799317a25dc4bc5 page=tools uri=/tokencafe/index.php?page=tools
[2026-03-30 13:37:03] ip=::1 wallet=0x0b81337f18767565d2ea40913799317a25dc4bc5 page=index.php uri=/tokencafe/tools-header.php
[2026-03-30 13:37:08] ip=::1 wallet=0x0b81337f18767565d2ea40913799317a25dc4bc5 page=logs-resumo uri=/tokencafe/index.php?page=logs-resumo
[2026-03-30 13:37:08] ip=::1 wallet=0x0b81337f18767565d2ea40913799317a25dc4bc5 page=index.php uri=/tokencafe/tools-header.php
[2026-03-30 13:37:08] ip=::1 wallet=0x0b81337f18767565d2ea40913799317a25dc4bc5 page=index.php uri=/tokencafe/tools-header.php
[2026-03-30 13:56:15] ip=::1 wallet=0x0b81337f18767565d2ea40913799317a25dc4bc5 page=tools uri=/tokencafe/index.php?page=tools
[2026-03-30 13:56:15] ip=::1 wallet=0x0b81337f18767565d2ea40913799317a25dc4bc5 page=index.php uri=/tokencafe/tools-header.php
[2026-03-30 13:56:21] ip=::1 wallet=0x0b81337f18767565d2ea40913799317a25dc4bc5 page=logs uri=/tokencafe/index.php?page=logs
[2026-03-30 13:56:21] ip=::1 wallet=0x0b81337f18767565d2ea40913799317a25dc4bc5 page=index.php uri=/tokencafe/tools-header.php
[2026-03-30 13:57:00] ip=::1 wallet=0x0b81337f18767565d2ea40913799317a25dc4bc5 page=tools uri=/tokencafe/index.php?page=tools
[2026-03-30 13:57:00] ip=::1 wallet=0x0b81337f18767565d2ea40913799317a25dc4bc5 page=index.php uri=/tokencafe/tools-header.php
[2026-03-30 13:57:06] ip=::1 wallet=0x0b81337f18767565d2ea40913799317a25dc4bc5 page=logs-resumo uri=/tokencafe/index.php?page=logs-resumo
[2026-03-30 13:57:06] ip=::1 wallet=0x0b81337f18767565d2ea40913799317a25dc4bc5 page=index.php uri=/tokencafe/tools-header.php
[2026-03-30 13:57:07] ip=::1 wallet=0x0b81337f18767565d2ea40913799317a25dc4bc5 page=index.php uri=/tokencafe/tools-header.php
[2026-03-30 13:57:09] ip=::1 wallet=0x0b81337f18767565d2ea40913799317a25dc4bc5 page=logs-resumo uri=/tokencafe/index.php?page=logs-resumo
[2026-03-30 13:57:09] ip=::1 wallet=0x0b81337f18767565d2ea40913799317a25dc4bc5 page=index.php uri=/tokencafe/tools-header.php
[2026-03-30 13:57:10] ip=::1 wallet=0x0b81337f18767565d2ea40913799317a25dc4bc5 page=index.php uri=/tokencafe/tools-header.php
[2026-03-30 13:57:14] ip=::1 wallet=0x0b81337f18767565d2ea40913799317a25dc4bc5 page=logs-resumo uri=/tokencafe/index.php?page=logs-resumo
[2026-03-30 13:57:14] ip=::1 wallet=0x0b81337f18767565d2ea40913799317a25dc4bc5 page=index.php uri=/tokencafe/tools-header.php
[2026-03-30 13:57:15] ip=::1 wallet=0x0b81337f18767565d2ea40913799317a25dc4bc5 page=index.php uri=/tokencafe/tools-header.php
[2026-03-30 13:57:19] ip=::1 wallet=0x0b81337f18767565d2ea40913799317a25dc4bc5 page=tools uri=/tokencafe/index.php?page=tools
[2026-03-30 13:57:19] ip=::1 wallet=0x0b81337f18767565d2ea40913799317a25dc4bc5 page=index.php uri=/tokencafe/tools-header.php
[2026-03-30 13:57:24] ip=::1 wallet=0x0b81337f18767565d2ea40913799317a25dc4bc5 page=logs uri=/tokencafe/index.php?page=logs
[2026-03-30 13:57:24] ip=::1 wallet=0x0b81337f18767565d2ea40913799317a25dc4bc5 page=index.php uri=/tokencafe/tools-header.php
[2026-03-30 13:57:26] ip=::1 wallet=0x0b81337f18767565d2ea40913799317a25dc4bc5 page=logs uri=/tokencafe/index.php?page=logs
[2026-03-30 13:57:27] ip=::1 wallet=0x0b81337f18767565d2ea40913799317a25dc4bc5 page=index.php uri=/tokencafe/tools-header.php
[2026-03-30 13:57:33] ip=::1 wallet=0x0b81337f18767565d2ea40913799317a25dc4bc5 page=tools uri=/tokencafe/index.php?page=tools
[2026-03-30 13:57:33] ip=::1 wallet=0x0b81337f18767565d2ea40913799317a25dc4bc5 page=index.php uri=/tokencafe/tools-header.php
[2026-03-30 13:57:37] ip=::1 wallet=0x0b81337f18767565d2ea40913799317a25dc4bc5 page=admin uri=/tokencafe/index.php?page=admin
[2026-03-30 13:57:38] ip=::1 wallet=0x0b81337f18767565d2ea40913799317a25dc4bc5 page=index.php uri=/tokencafe/tools-header.php
[2026-03-30 13:57:41] ip=::1 wallet=0x0b81337f18767565d2ea40913799317a25dc4bc5 page=admin uri=/tokencafe/index.php?page=admin
[2026-03-30 13:57:41] ip=::1 wallet=0x0b81337f18767565d2ea40913799317a25dc4bc5 page=index.php uri=/tokencafe/tools-header.php
[2026-03-30 13:57:49] ip=::1 wallet=0x0b81337f18767565d2ea40913799317a25dc4bc5 page=tools uri=/tokencafe/index.php?page=tools
[2026-03-30 13:57:49] ip=::1 wallet=0x0b81337f18767565d2ea40913799317a25dc4bc5 page=index.php uri=/tokencafe/tools-header.php
[2026-03-30 13:58:26] ip=::1 wallet=0x0b81337f18767565d2ea40913799317a25dc4bc5 page=admin uri=/tokencafe/index.php?page=admin
[2026-03-30 13:58:26] ip=::1 wallet=0x0b81337f18767565d2ea40913799317a25dc4bc5 page=index.php uri=/tokencafe/tools-header.php
[2026-03-30 13:59:02] ip=::1 wallet=0x0b81337f18767565d2ea40913799317a25dc4bc5 page=index.php uri=/tokencafe/admin/activity-dashboard.php
[2026-03-30 13:59:21] ip=::1 wallet=0x0b81337f18767565d2ea40913799317a25dc4bc5 page=tools.php uri=/tokencafe/tools.php
[2026-03-30 13:59:21] ip=::1 wallet=0x0b81337f18767565d2ea40913799317a25dc4bc5 page=index.php uri=/tokencafe/tools-header.php
[2026-03-30 14:00:45] ip=::1 wallet=0x0b81337f18767565d2ea40913799317a25dc4bc5 page=admin uri=/tokencafe/index.php?page=admin
[2026-03-30 14:00:46] ip=::1 wallet=0x0b81337f18767565d2ea40913799317a25dc4bc5 page=index.php uri=/tokencafe/tools-header.php
[2026-03-30 14:00:50] ip=::1 wallet=0x0b81337f18767565d2ea40913799317a25dc4bc5 page=tools uri=/tokencafe/index.php?page=tools
[2026-03-30 14:00:50] ip=::1 wallet=0x0b81337f18767565d2ea40913799317a25dc4bc5 page=index.php uri=/tokencafe/tools-header.php
[2026-03-30 14:00:56] ip=::1 wallet=0x0b81337f18767565d2ea40913799317a25dc4bc5 page=logs-resumo uri=/tokencafe/index.php?page=logs-resumo
[2026-03-30 14:00:56] ip=::1 wallet=0x0b81337f18767565d2ea40913799317a25dc4bc5 page=index.php uri=/tokencafe/tools-header.php
[2026-03-30 14:00:56] ip=::1 wallet=0x0b81337f18767565d2ea40913799317a25dc4bc5 page=index.php uri=/tokencafe/tools-header.php
[2026-03-30 14:02:03] ip=::1 wallet=0x0b81337f18767565d2ea40913799317a25dc4bc5 page=logs-resumo uri=/tokencafe/index.php?page=logs-resumo
[2026-03-30 14:02:04] ip=::1 wallet=0x0b81337f18767565d2ea40913799317a25dc4bc5 page=index.php uri=/tokencafe/tools-header.php
[2026-03-30 14:02:04] ip=::1 wallet=0x0b81337f18767565d2ea40913799317a25dc4bc5 page=index.php uri=/tokencafe/tools-header.php
[2026-03-30 14:10:09] ip=::1 wallet=0x0b81337f18767565d2ea40913799317a25dc4bc5 page=tools uri=/tokencafe/index.php?page=tools
[2026-03-30 14:10:10] ip=::1 wallet=0x0b81337f18767565d2ea40913799317a25dc4bc5 page=index.php uri=/tokencafe/tools-header.php
[2026-03-30 14:10:12] ip=::1 wallet=0x0b81337f18767565d2ea40913799317a25dc4bc5 page=tools uri=/tokencafe/index.php?page=tools
[2026-03-30 14:10:12] ip=::1 wallet=0x0b81337f18767565d2ea40913799317a25dc4bc5 page=index.php uri=/tokencafe/tools-header.php
[2026-03-30 14:10:36] ip=::1 wallet=0x0b81337f18767565d2ea40913799317a25dc4bc5 page=logs uri=/tokencafe/index.php?page=logs
[2026-03-30 14:10:36] ip=::1 wallet=0x0b81337f18767565d2ea40913799317a25dc4bc5 page=index.php uri=/tokencafe/tools-header.php
[2026-03-30 14:10:38] ip=::1 wallet=0x0b81337f18767565d2ea40913799317a25dc4bc5 page=logs uri=/tokencafe/index.php?page=logs
[2026-03-30 14:10:38] ip=::1 wallet=0x0b81337f18767565d2ea40913799317a25dc4bc5 page=index.php uri=/tokencafe/tools-header.php
[2026-03-30 14:11:08] ip=::1 wallet=0x0b81337f18767565d2ea40913799317a25dc4bc5 page=logs-resumo uri=/tokencafe/index.php?page=logs-resumo
[2026-03-30 14:11:08] ip=::1 wallet=0x0b81337f18767565d2ea40913799317a25dc4bc5 page=index.php uri=/tokencafe/tools-header.php
[2026-03-30 14:11:08] ip=::1 wallet=0x0b81337f18767565d2ea40913799317a25dc4bc5 page=index.php uri=/tokencafe/tools-header.php
[2026-03-30 14:11:10] ip=::1 wallet=0x0b81337f18767565d2ea40913799317a25dc4bc5 page=logs-resumo uri=/tokencafe/index.php?page=logs-resumo
[2026-03-30 14:11:11] ip=::1 wallet=0x0b81337f18767565d2ea40913799317a25dc4bc5 page=index.php uri=/tokencafe/tools-header.php
[2026-03-30 14:11:11] ip=::1 wallet=0x0b81337f18767565d2ea40913799317a25dc4bc5 page=index.php uri=/tokencafe/tools-header.php
[2026-03-30 14:11:40] ip=::1 wallet=0x0b81337f18767565d2ea40913799317a25dc4bc5 page=tools uri=/tokencafe/index.php?page=tools
[2026-03-30 14:11:40] ip=::1 wallet=0x0b81337f18767565d2ea40913799317a25dc4bc5 page=index.php uri=/tokencafe/tools-header.php
[2026-03-30 14:11:43] ip=::1 wallet=0x0b81337f18767565d2ea40913799317a25dc4bc5 page=admin uri=/tokencafe/index.php?page=admin
[2026-03-30 14:11:44] ip=::1 wallet=0x0b81337f18767565d2ea40913799317a25dc4bc5 page=index.php uri=/tokencafe/tools-header.php
[2026-03-30 14:11:56] ip=::1 wallet=0x0b81337f18767565d2ea40913799317a25dc4bc5 page=admin uri=/tokencafe/index.php?page=admin&days=30
[2026-03-30 14:11:56] ip=::1 wallet=0x0b81337f18767565d2ea40913799317a25dc4bc5 page=index.php uri=/tokencafe/tools-header.php
[2026-03-30 14:12:02] ip=::1 wallet=0x0b81337f18767565d2ea40913799317a25dc4bc5 page=logs-resumo uri=/tokencafe/index.php?page=logs-resumo
[2026-03-30 14:12:03] ip=::1 wallet=0x0b81337f18767565d2ea40913799317a25dc4bc5 page=index.php uri=/tokencafe/tools-header.php
[2026-03-30 14:12:03] ip=::1 wallet=0x0b81337f18767565d2ea40913799317a25dc4bc5 page=index.php uri=/tokencafe/tools-header.php
[2026-03-30 14:12:10] ip=::1 wallet=0x0b81337f18767565d2ea40913799317a25dc4bc5 page=logs uri=/tokencafe/index.php?page=logs
[2026-03-30 14:12:10] ip=::1 wallet=0x0b81337f18767565d2ea40913799317a25dc4bc5 page=index.php uri=/tokencafe/tools-header.php
[2026-03-30 14:12:47] ip=::1 wallet=0x0b81337f18767565d2ea40913799317a25dc4bc5 page=admin uri=/tokencafe/index.php?page=admin&days=30
[2026-03-30 14:12:47] ip=::1 wallet=0x0b81337f18767565d2ea40913799317a25dc4bc5 page=index.php uri=/tokencafe/tools-header.php
[2026-03-30 14:14:12] ip=::1 wallet=0x0b81337f18767565d2ea40913799317a25dc4bc5 page=logs-resumo uri=/tokencafe/index.php?page=logs-resumo
[2026-03-30 14:14:13] ip=::1 wallet=0x0b81337f18767565d2ea40913799317a25dc4bc5 page=index.php uri=/tokencafe/tools-header.php
[2026-03-30 14:14:13] ip=::1 wallet=0x0b81337f18767565d2ea40913799317a25dc4bc5 page=index.php uri=/tokencafe/tools-header.php
[2026-03-30 14:14:47] ip=::1 wallet=0x0b81337f18767565d2ea40913799317a25dc4bc5 page=logs uri=/tokencafe/index.php?page=logs
[2026-03-30 14:14:48] ip=::1 wallet=0x0b81337f18767565d2ea40913799317a25dc4bc5 page=index.php uri=/tokencafe/tools-header.php
[2026-03-30 14:37:00] ip=::1 wallet=0x0b81337f18767565d2ea40913799317a25dc4bc5 page=tools uri=/tokencafe/index.php?page=tools
[2026-03-30 14:37:01] ip=::1 wallet=0x0b81337f18767565d2ea40913799317a25dc4bc5 page=index.php uri=/tokencafe/tools-header.php
[2026-03-30 14:37:05] ip=::1 wallet=0x0b81337f18767565d2ea40913799317a25dc4bc5 page=admin uri=/tokencafe/index.php?page=admin
[2026-03-30 14:37:06] ip=::1 wallet=0x0b81337f18767565d2ea40913799317a25dc4bc5 page=index.php uri=/tokencafe/tools-header.php
[2026-03-30 14:38:00] ip=::1 wallet=0x0b81337f18767565d2ea40913799317a25dc4bc5 page=tools uri=/tokencafe/index.php?page=tools
[2026-03-30 14:38:00] ip=::1 wallet=0x0b81337f18767565d2ea40913799317a25dc4bc5 page=index.php uri=/tokencafe/tools-header.php
[2026-03-30 14:38:04] ip=::1 wallet=0x0b81337f18767565d2ea40913799317a25dc4bc5 page=logs uri=/tokencafe/index.php?page=logs
[2026-03-30 14:38:04] ip=::1 wallet=0x0b81337f18767565d2ea40913799317a25dc4bc5 page=index.php uri=/tokencafe/tools-header.php
[2026-03-30 14:38:31] ip=::1 wallet=0x0b81337f18767565d2ea40913799317a25dc4bc5 page=tools uri=/tokencafe/index.php?page=tools
[2026-03-30 14:38:32] ip=::1 wallet=0x0b81337f18767565d2ea40913799317a25dc4bc5 page=index.php uri=/tokencafe/tools-header.php
[2026-03-30 14:38:36] ip=::1 wallet=0x0b81337f18767565d2ea40913799317a25dc4bc5 page=logs-resumo uri=/tokencafe/index.php?page=logs-resumo
[2026-03-30 14:38:36] ip=::1 wallet=0x0b81337f18767565d2ea40913799317a25dc4bc5 page=index.php uri=/tokencafe/tools-header.php
[2026-03-30 14:38:41] ip=::1 wallet=0x0b81337f18767565d2ea40913799317a25dc4bc5 page=tools uri=/tokencafe/index.php?page=tools
[2026-03-30 14:38:41] ip=::1 wallet=0x0b81337f18767565d2ea40913799317a25dc4bc5 page=index.php uri=/tokencafe/tools-header.php
[2026-03-30 15:27:03] ip=::1 wallet=0x0b81337f18767565d2ea40913799317a25dc4bc5 page=tools uri=/tokencafe/index.php?page=tools
[2026-03-30 15:27:03] ip=::1 wallet=0x0b81337f18767565d2ea40913799317a25dc4bc5 page=index.php uri=/tokencafe/tools-header.php
[2026-03-30 15:27:12] ip=::1 wallet=0x0b81337f18767565d2ea40913799317a25dc4bc5 page=admin uri=/tokencafe/index.php?page=admin
[2026-03-30 15:27:13] ip=::1 wallet=0x0b81337f18767565d2ea40913799317a25dc4bc5 page=index.php uri=/tokencafe/tools-header.php
[2026-03-30 15:27:41] ip=::1 wallet=0x0b81337f18767565d2ea40913799317a25dc4bc5 page=tools uri=/tokencafe/index.php?page=tools
[2026-03-30 15:27:41] ip=::1 wallet=0x0b81337f18767565d2ea40913799317a25dc4bc5 page=index.php uri=/tokencafe/tools-header.php
[2026-03-30 15:27:45] ip=::1 wallet=0x0b81337f18767565d2ea40913799317a25dc4bc5 page=logs uri=/tokencafe/index.php?page=logs
[2026-03-30 15:27:45] ip=::1 wallet=0x0b81337f18767565d2ea40913799317a25dc4bc5 page=index.php uri=/tokencafe/tools-header.php
[2026-03-30 15:27:54] ip=::1 wallet=0x0b81337f18767565d2ea40913799317a25dc4bc5 page=logs-resumo uri=/tokencafe/index.php?page=logs-resumo
[2026-03-30 15:27:54] ip=::1 wallet=0x0b81337f18767565d2ea40913799317a25dc4bc5 page=index.php uri=/tokencafe/tools-header.php
[2026-03-30 15:28:12] ip=::1 wallet=0x0b81337f18767565d2ea40913799317a25dc4bc5 page=meu-dashboard uri=/tokencafe/index.php?page=meu-dashboard
[2026-03-30 15:28:12] ip=::1 wallet=0x0b81337f18767565d2ea40913799317a25dc4bc5 page=index.php uri=/tokencafe/tools-header.php
[2026-03-30 15:28:49] ip=::1 wallet=0x0b81337f18767565d2ea40913799317a25dc4bc5 page=tools uri=/tokencafe/index.php?page=tools
[2026-03-30 15:28:49] ip=::1 wallet=0x0b81337f18767565d2ea40913799317a25dc4bc5 page=index.php uri=/tokencafe/tools-header.php
[2026-03-30 16:02:48] ip=::1 wallet=0x0b81337f18767565d2ea40913799317a25dc4bc5 page=tools uri=/tokencafe/index.php?page=tools
[2026-03-30 16:02:48] ip=::1 wallet=0x0b81337f18767565d2ea40913799317a25dc4bc5 page=index.php uri=/tokencafe/tools-header.php
[2026-03-30 16:02:55] ip=::1 wallet=0x0b81337f18767565d2ea40913799317a25dc4bc5 page=meu-dashboard uri=/tokencafe/index.php?page=meu-dashboard
[2026-03-30 16:02:55] ip=::1 wallet=0x0b81337f18767565d2ea40913799317a25dc4bc5 page=index.php uri=/tokencafe/tools-header.php
[2026-03-30 16:03:19] ip=::1 wallet=0x0b81337f18767565d2ea40913799317a25dc4bc5 page=meu-dashboard uri=/tokencafe/index.php?page=meu-dashboard
[2026-03-30 16:03:19] ip=::1 wallet=0x0b81337f18767565d2ea40913799317a25dc4bc5 page=index.php uri=/tokencafe/tools-header.php
[2026-03-30 16:03:22] ip=::1 wallet=0x0b81337f18767565d2ea40913799317a25dc4bc5 page=meu-dashboard uri=/tokencafe/index.php?page=meu-dashboard&tab=explorer
[2026-03-30 16:03:23] ip=::1 wallet=0x0b81337f18767565d2ea40913799317a25dc4bc5 page=index.php uri=/tokencafe/tools-header.php
[2026-03-30 16:03:32] ip=::1 wallet=0x0b81337f18767565d2ea40913799317a25dc4bc5 page=tools uri=/tokencafe/index.php?page=tools
[2026-03-30 16:03:32] ip=::1 wallet=0x0b81337f18767565d2ea40913799317a25dc4bc5 page=index.php uri=/tokencafe/tools-header.php
[2026-03-30 16:03:37] ip=::1 wallet=0x0b81337f18767565d2ea40913799317a25dc4bc5 page=admin uri=/tokencafe/index.php?page=admin
[2026-03-30 16:03:37] ip=::1 wallet=0x0b81337f18767565d2ea40913799317a25dc4bc5 page=index.php uri=/tokencafe/tools-header.php
[2026-03-30 16:03:44] ip=::1 wallet=0x0b81337f18767565d2ea40913799317a25dc4bc5 page=logs uri=/tokencafe/index.php?page=logs
[2026-03-30 16:03:44] ip=::1 wallet=0x0b81337f18767565d2ea40913799317a25dc4bc5 page=index.php uri=/tokencafe/tools-header.php
[2026-03-30 16:07:00] ip=::1 wallet=0x0b81337f18767565d2ea40913799317a25dc4bc5 page=logs uri=/tokencafe/index.php?page=logs
[2026-03-30 16:07:00] ip=::1 wallet=0x0b81337f18767565d2ea40913799317a25dc4bc5 page=index.php uri=/tokencafe/tools-header.php
[2026-03-30 16:07:04] ip=::1 wallet=0x0b81337f18767565d2ea40913799317a25dc4bc5 page=logs-resumo uri=/tokencafe/index.php?page=logs-resumo
[2026-03-30 16:07:04] ip=::1 wallet=0x0b81337f18767565d2ea40913799317a25dc4bc5 page=index.php uri=/tokencafe/tools-header.php
[2026-03-30 16:07:54] ip=::1 wallet=0x0b81337f18767565d2ea40913799317a25dc4bc5 page=logs-resumo uri=/tokencafe/index.php?page=logs-resumo
[2026-03-30 16:07:55] ip=::1 wallet=0x0b81337f18767565d2ea40913799317a25dc4bc5 page=index.php uri=/tokencafe/tools-header.php
[2026-03-30 16:09:38] ip=::1 wallet=0x0b81337f18767565d2ea40913799317a25dc4bc5 page=tools uri=/tokencafe/index.php?page=tools
[2026-03-30 16:09:38] ip=::1 wallet=0x0b81337f18767565d2ea40913799317a25dc4bc5 page=index.php uri=/tokencafe/tools-header.php
[2026-03-30 16:09:43] ip=::1 wallet=0x0b81337f18767565d2ea40913799317a25dc4bc5 page=admin uri=/tokencafe/index.php?page=admin
[2026-03-30 16:09:43] ip=::1 wallet=0x0b81337f18767565d2ea40913799317a25dc4bc5 page=index.php uri=/tokencafe/tools-header.php
[2026-03-30 16:11:17] ip=::1 wallet=0x0b81337f18767565d2ea40913799317a25dc4bc5 page=tools uri=/tokencafe/index.php?page=tools
[2026-03-30 16:11:18] ip=::1 wallet=0x0b81337f18767565d2ea40913799317a25dc4bc5 page=index.php uri=/tokencafe/tools-header.php
[2026-03-30 16:11:22] ip=::1 wallet=0x0b81337f18767565d2ea40913799317a25dc4bc5 page=admin uri=/tokencafe/index.php?page=admin
[2026-03-30 16:11:22] ip=::1 wallet=0x0b81337f18767565d2ea40913799317a25dc4bc5 page=index.php uri=/tokencafe/tools-header.php
[2026-03-30 16:11:26] ip=::1 wallet=0x0b81337f18767565d2ea40913799317a25dc4bc5 page=meu-dashboard uri=/tokencafe/index.php?page=meu-dashboard
[2026-03-30 16:11:26] ip=::1 wallet=0x0b81337f18767565d2ea40913799317a25dc4bc5 page=index.php uri=/tokencafe/tools-header.php
[2026-03-30 16:11:34] ip=::1 wallet=0x0b81337f18767565d2ea40913799317a25dc4bc5 page=meu-dashboard uri=/tokencafe/index.php?page=meu-dashboard&tab=explorer
[2026-03-30 16:11:34] ip=::1 wallet=0x0b81337f18767565d2ea40913799317a25dc4bc5 page=index.php uri=/tokencafe/tools-header.php
[2026-03-30 16:11:37] ip=::1 wallet=0x0b81337f18767565d2ea40913799317a25dc4bc5 page=meu-dashboard uri=/tokencafe/index.php?page=meu-dashboard&tab=meu
[2026-03-30 16:11:37] ip=::1 wallet=0x0b81337f18767565d2ea40913799317a25dc4bc5 page=index.php uri=/tokencafe/tools-header.php
[2026-03-30 16:13:14] ip=::1 wallet=0x0b81337f18767565d2ea40913799317a25dc4bc5 page=tools uri=/tokencafe/index.php?page=tools
[2026-03-30 16:13:15] ip=::1 wallet=0x0b81337f18767565d2ea40913799317a25dc4bc5 page=index.php uri=/tokencafe/tools-header.php
[2026-03-30 16:36:49] ip=::1 wallet=0x0b81337f18767565d2ea40913799317a25dc4bc5 page=tools uri=/tokencafe/index.php?page=tools
[2026-03-30 16:36:50] ip=::1 wallet=0x0b81337f18767565d2ea40913799317a25dc4bc5 page=index.php uri=/tokencafe/tools-header.php
[2026-03-30 16:36:56] ip=::1 wallet=0x0b81337f18767565d2ea40913799317a25dc4bc5 page=logs uri=/tokencafe/index.php?page=logs
[2026-03-30 16:36:57] ip=::1 wallet=0x0b81337f18767565d2ea40913799317a25dc4bc5 page=index.php uri=/tokencafe/tools-header.php
[2026-03-30 16:50:46] ip=::1 wallet=0x0b81337f18767565d2ea40913799317a25dc4bc5 page=logs uri=/tokencafe/index.php?page=logs
[2026-03-30 16:50:46] ip=::1 wallet=0x0b81337f18767565d2ea40913799317a25dc4bc5 page=index.php uri=/tokencafe/tools-header.php
[2026-03-30 16:59:59] ip=::1 wallet=0x0b81337f18767565d2ea40913799317a25dc4bc5 page=tools uri=/tokencafe/index.php?page=tools
[2026-03-30 17:00:00] ip=::1 wallet=0x0b81337f18767565d2ea40913799317a25dc4bc5 page=index.php uri=/tokencafe/tools-header.php
[2026-03-30 17:06:46] ip=::1 wallet=0x0b81337f18767565d2ea40913799317a25dc4bc5 page=tools uri=/tokencafe/index.php?page=tools
[2026-03-30 17:06:47] ip=::1 wallet=0x0b81337f18767565d2ea40913799317a25dc4bc5 page=index.php uri=/tokencafe/tools-header.php
[2026-03-30 17:06:51] ip=::1 wallet=0x0b81337f18767565d2ea40913799317a25dc4bc5 page=logs uri=/tokencafe/index.php?page=logs
[2026-03-30 17:06:51] ip=::1 wallet=0x0b81337f18767565d2ea40913799317a25dc4bc5 page=index.php uri=/tokencafe/tools-header.php
[2026-03-30 17:06:59] ip=::1 wallet=0x0b81337f18767565d2ea40913799317a25dc4bc5 page=logs uri=/tokencafe/index.php?page=logs
[2026-03-30 17:06:59] ip=::1 wallet=0x0b81337f18767565d2ea40913799317a25dc4bc5 page=index.php uri=/tokencafe/tools-header.php
[2026-03-30 17:07:02] ip=::1 wallet=0x0b81337f18767565d2ea40913799317a25dc4bc5 page=logs uri=/tokencafe/index.php?page=logs
[2026-03-30 17:07:03] ip=::1 wallet=0x0b81337f18767565d2ea40913799317a25dc4bc5 page=index.php uri=/tokencafe/tools-header.php
[2026-03-30 17:07:03] ip=::1 wallet=0x0b81337f18767565d2ea40913799317a25dc4bc5 page=logs uri=/tokencafe/index.php?page=logs
[2026-03-30 17:07:04] ip=::1 wallet=0x0b81337f18767565d2ea40913799317a25dc4bc5 page=index.php uri=/tokencafe/tools-header.php
[2026-03-30 17:07:04] ip=::1 wallet=0x0b81337f18767565d2ea40913799317a25dc4bc5 page=logs uri=/tokencafe/index.php?page=logs
[2026-03-30 17:07:04] ip=::1 wallet=0x0b81337f18767565d2ea40913799317a25dc4bc5 page=index.php uri=/tokencafe/tools-header.php
[2026-03-30 17:12:28] ip=::1 wallet=0x0b81337f18767565d2ea40913799317a25dc4bc5 page=logs uri=/tokencafe/index.php?page=logs&f_wallet=&f_chain=&f_contract=
[2026-03-30 17:12:28] ip=::1 wallet=0x0b81337f18767565d2ea40913799317a25dc4bc5 page=index.php uri=/tokencafe/tools-header.php
[2026-03-30 17:19:16] ip=::1 wallet=0x0b81337f18767565d2ea40913799317a25dc4bc5 page=logs uri=/tokencafe/index.php?page=logs&f_wallet=&f_chain=&f_contract=
[2026-03-30 17:19:16] ip=::1 wallet=0x0b81337f18767565d2ea40913799317a25dc4bc5 page=index.php uri=/tokencafe/tools-header.php
[2026-03-30 17:22:06] ip=::1 wallet=0x0b81337f18767565d2ea40913799317a25dc4bc5 page=logs uri=/tokencafe/index.php?page=logs&f_wallet=&f_chain=&f_contract=&date=2026-03-30&days=7
[2026-03-30 17:22:07] ip=::1 wallet=0x0b81337f18767565d2ea40913799317a25dc4bc5 page=index.php uri=/tokencafe/tools-header.php
[2026-03-30 17:23:05] ip=::1 wallet=0x0b81337f18767565d2ea40913799317a25dc4bc5 page=logs uri=/tokencafe/index.php?page=logs&f_wallet=0x0b81337F18767565D2eA40913799317A25DC4bc5&f_chain=&f_contract=&date=2026-03-30&days=7
[2026-03-30 17:23:05] ip=::1 wallet=0x0b81337f18767565d2ea40913799317a25dc4bc5 page=index.php uri=/tokencafe/tools-header.php
[2026-03-30 17:23:22] ip=::1 wallet=0x0b81337f18767565d2ea40913799317a25dc4bc5 page=logs uri=/tokencafe/index.php?page=logs&f_wallet=0x0b81337F18767565D2eA40913799317A25DC4bc5&f_chain=&f_contract=&date=2026-03-30&days=7
[2026-03-30 17:23:22] ip=::1 wallet=0x0b81337f18767565d2ea40913799317a25dc4bc5 page=index.php uri=/tokencafe/tools-header.php
[2026-03-30 17:28:41] ip=::1 wallet=0x0b81337f18767565d2ea40913799317a25dc4bc5 page=logs uri=/tokencafe/index.php?page=logs&f_wallet=0x0b81337F18767565D2eA40913799317A25DC4bc5&f_chain=&f_contract=&date=2026-03-30&days=7
[2026-03-30 17:28:41] ip=::1 wallet=0x0b81337f18767565d2ea40913799317a25dc4bc5 page=index.php uri=/tokencafe/tools-header.php
[2026-03-30 17:29:13] ip=::1 wallet=0x0b81337f18767565d2ea40913799317a25dc4bc5 page=logs uri=/tokencafe/index.php?page=logs&f_wallet=0x0b81337f18767565d2ea40913799317a25dc4bc5&f_chain=&f_contract=&date=2026-03-30&days=7
[2026-03-30 17:29:13] ip=::1 wallet=0x0b81337f18767565d2ea40913799317a25dc4bc5 page=index.php uri=/tokencafe/tools-header.php
[2026-03-30 17:29:23] ip=::1 wallet=0x0b81337f18767565d2ea40913799317a25dc4bc5 page=logs uri=/tokencafe/index.php?page=logs&date=2026-03-30&days=7
[2026-03-30 17:29:23] ip=::1 wallet=0x0b81337f18767565d2ea40913799317a25dc4bc5 page=index.php uri=/tokencafe/tools-header.php
[2026-03-30 17:30:05] ip=::1 wallet=0x0b81337f18767565d2ea40913799317a25dc4bc5 page=logs uri=/tokencafe/index.php?page=logs&date=2026-03-30&days=7
[2026-03-30 17:30:05] ip=::1 wallet=0x0b81337f18767565d2ea40913799317a25dc4bc5 page=index.php uri=/tokencafe/tools-header.php
[2026-03-30 17:30:15] ip=::1 wallet=0x0b81337f18767565d2ea40913799317a25dc4bc5 page=logs uri=/tokencafe/index.php?page=logs&date=2026-03-30&days=7
[2026-03-30 17:30:15] ip=::1 wallet=0x0b81337f18767565d2ea40913799317a25dc4bc5 page=index.php uri=/tokencafe/tools-header.php
[2026-03-30 17:51:42] ip=::1 wallet=0x0b81337f18767565d2ea40913799317a25dc4bc5 page=logs uri=/tokencafe/index.php?page=logs&date=2026-03-30&days=7
[2026-03-30 17:51:43] ip=::1 wallet=0x0b81337f18767565d2ea40913799317a25dc4bc5 page=index.php uri=/tokencafe/tools-header.php
[2026-03-30 17:59:30] ip=::1 wallet=0x0b81337f18767565d2ea40913799317a25dc4bc5 page=logs uri=/tokencafe/index.php?page=logs&date=2026-03-30&days=7
[2026-03-30 17:59:31] ip=::1 wallet=0x0b81337f18767565d2ea40913799317a25dc4bc5 page=index.php uri=/tokencafe/tools-header.php
[2026-03-30 18:38:13] ip=::1 wallet=0x0b81337f18767565d2ea40913799317a25dc4bc5 page=logs uri=/tokencafe/index.php?page=logs&date=2026-03-30&days=7
[2026-03-30 18:38:14] ip=::1 wallet=0x0b81337f18767565d2ea40913799317a25dc4bc5 page=index.php uri=/tokencafe/tools-header.php
[2026-03-30 18:46:28] ip=::1 wallet=0x0b81337f18767565d2ea40913799317a25dc4bc5 page=logs uri=/tokencafe/index.php?page=logs&date=2026-03-30&days=7
[2026-03-30 18:46:29] ip=::1 wallet=0x0b81337f18767565d2ea40913799317a25dc4bc5 page=index.php uri=/tokencafe/tools-header.php
[2026-03-30 18:59:11] ip=::1 wallet=0x0b81337f18767565d2ea40913799317a25dc4bc5 page=logs uri=/tokencafe/index.php?page=logs&date=2026-03-30&days=7
[2026-03-30 18:59:11] ip=::1 wallet=0x0b81337f18767565d2ea40913799317a25dc4bc5 page=index.php uri=/tokencafe/tools-header.php
[2026-03-30 19:06:32] ip=::1 wallet=0x0b81337f18767565d2ea40913799317a25dc4bc5 page=logs uri=/tokencafe/index.php?page=logs&date=2026-03-30&days=7
[2026-03-30 19:06:33] ip=::1 wallet=0x0b81337f18767565d2ea40913799317a25dc4bc5 page=index.php uri=/tokencafe/tools-header.php
[2026-03-30 19:10:56] ip=::1 wallet=0x0b81337f18767565d2ea40913799317a25dc4bc5 page=logs uri=/tokencafe/index.php?page=logs&date=2026-03-30&days=7
[2026-03-30 19:10:57] ip=::1 wallet=0x0b81337f18767565d2ea40913799317a25dc4bc5 page=index.php uri=/tokencafe/tools-header.php
[2026-03-30 19:11:11] ip=::1 wallet=0x0b81337f18767565d2ea40913799317a25dc4bc5 page=logs uri=/tokencafe/index.php?page=logs&date=2026-03-30&days=7
[2026-03-30 19:11:11] ip=::1 wallet=0x0b81337f18767565d2ea40913799317a25dc4bc5 page=index.php uri=/tokencafe/tools-header.php
[2026-03-30 19:11:35] ip=::1 wallet=0x0b81337f18767565d2ea40913799317a25dc4bc5 page=logs uri=/tokencafe/index.php?page=logs&date=2026-03-30&days=7
[2026-03-30 19:11:36] ip=::1 wallet=0x0b81337f18767565d2ea40913799317a25dc4bc5 page=index.php uri=/tokencafe/tools-header.php
[2026-03-30 19:19:28] ip=::1 wallet=0x0b81337f18767565d2ea40913799317a25dc4bc5 page=logs uri=/tokencafe/index.php?page=logs&date=2026-03-30&days=7
[2026-03-30 19:19:29] ip=::1 wallet=0x0b81337f18767565d2ea40913799317a25dc4bc5 page=index.php uri=/tokencafe/tools-header.php
[2026-03-30 19:20:04] ip=::1 wallet=0x0b81337f18767565d2ea40913799317a25dc4bc5 page=tools uri=/tokencafe/index.php?page=tools
[2026-03-30 19:20:04] ip=::1 wallet=0x0b81337f18767565d2ea40913799317a25dc4bc5 page=index.php uri=/tokencafe/tools-header.php
[2026-03-30 19:27:28] ip=::1 wallet=0x0b81337f18767565d2ea40913799317a25dc4bc5 page=tools uri=/tokencafe/index.php?page=tools
[2026-03-30 19:27:29] ip=::1 wallet=0x0b81337f18767565d2ea40913799317a25dc4bc5 page=index.php uri=/tokencafe/tools-header.php
[2026-03-30 19:31:31] ip=::1 wallet=0x0b81337f18767565d2ea40913799317a25dc4bc5 page=tools uri=/tokencafe/index.php?page=tools
[2026-03-30 19:31:32] ip=::1 wallet=0x0b81337f18767565d2ea40913799317a25dc4bc5 page=index.php uri=/tokencafe/tools-header.php
[2026-03-30 19:31:33] ip=::1 wallet=0x0b81337f18767565d2ea40913799317a25dc4bc5 page=tools uri=/tokencafe/index.php?page=tools
[2026-03-30 19:31:34] ip=::1 wallet=0x0b81337f18767565d2ea40913799317a25dc4bc5 page=index.php uri=/tokencafe/tools-header.php
[2026-03-30 19:34:24] ip=::1 wallet=0x0b81337f18767565d2ea40913799317a25dc4bc5 page=tools uri=/tokencafe/index.php?page=tools
[2026-03-30 19:34:24] ip=::1 wallet=0x0b81337f18767565d2ea40913799317a25dc4bc5 page=index.php uri=/tokencafe/tools-header.php
[2026-03-30 19:34:43] ip=::1 wallet=0x0b81337f18767565d2ea40913799317a25dc4bc5 page=suporte.php uri=/tokencafe/suporte.php
[2026-03-30 19:34:48] ip=::1 wallet=0x0b81337f18767565d2ea40913799317a25dc4bc5 page=index.php uri=/tokencafe/index.php
[2026-03-30 19:34:54] ip=::1 wallet=0x0b81337f18767565d2ea40913799317a25dc4bc5 page=tools.php uri=/tokencafe/tools.php
[2026-03-30 19:34:55] ip=::1 wallet=0x0b81337f18767565d2ea40913799317a25dc4bc5 page=index.php uri=/tokencafe/tools-header.php
[2026-03-30 19:34:59] ip=::1 wallet=0x0b81337f18767565d2ea40913799317a25dc4bc5 page=wallet uri=/tokencafe/index.php?page=wallet
[2026-03-30 19:34:59] ip=::1 wallet=0x0b81337f18767565d2ea40913799317a25dc4bc5 page=index.php uri=/tokencafe/tools-header.php
[2026-03-30 19:35:00] ip=::1 wallet=0x0b81337f18767565d2ea40913799317a25dc4bc5 page=index.php uri=/tokencafe/shared/components/section-title.php
[2026-03-30 19:35:03] ip=::1 wallet=0x0b81337f18767565d2ea40913799317a25dc4bc5 page=tools uri=/tokencafe/index.php?page=tools
[2026-03-30 19:35:03] ip=::1 wallet=0x0b81337f18767565d2ea40913799317a25dc4bc5 page=index.php uri=/tokencafe/tools-header.php
[2026-03-30 19:35:05] ip=::1 wallet=0x0b81337f18767565d2ea40913799317a25dc4bc5 page=rpc uri=/tokencafe/index.php?page=rpc
[2026-03-30 19:35:05] ip=::1 wallet=0x0b81337f18767565d2ea40913799317a25dc4bc5 page=index.php uri=/tokencafe/tools-header.php
[2026-03-30 19:35:05] ip=::1 wallet=0x0b81337f18767565d2ea40913799317a25dc4bc5 page=index.php uri=/tokencafe/shared/components/network-search.php
[2026-03-30 19:35:05] ip=::1 wallet=0x0b81337f18767565d2ea40913799317a25dc4bc5 page=index.php uri=/tokencafe/shared/components/section-title.php
[2026-03-30 19:35:09] ip=::1 wallet=0x0b81337f18767565d2ea40913799317a25dc4bc5 page=tools uri=/tokencafe/index.php?page=tools
[2026-03-30 19:35:09] ip=::1 wallet=0x0b81337f18767565d2ea40913799317a25dc4bc5 page=index.php uri=/tokencafe/tools-header.php
[2026-03-30 19:35:10] ip=::1 wallet=0x0b81337f18767565d2ea40913799317a25dc4bc5 page=link uri=/tokencafe/index.php?page=link
[2026-03-30 19:35:10] ip=::1 wallet=0x0b81337f18767565d2ea40913799317a25dc4bc5 page=index.php uri=/tokencafe/tools-header.php
[2026-03-30 19:35:10] ip=::1 wallet=0x0b81337f18767565d2ea40913799317a25dc4bc5 page=index.php uri=/tokencafe/shared/components/network-search.php
[2026-03-30 19:35:11] ip=::1 wallet=0x0b81337f18767565d2ea40913799317a25dc4bc5 page=index.php uri=/tokencafe/shared/components/contract-search.php
[2026-03-30 19:35:11] ip=::1 wallet=0x0b81337f18767565d2ea40913799317a25dc4bc5 page=index.php uri=/tokencafe/shared/components/section-title.php
[2026-03-30 19:35:20] ip=::1 wallet=0x0b81337f18767565d2ea40913799317a25dc4bc5 page=rpc uri=/tokencafe/index.php?page=rpc
[2026-03-30 19:35:20] ip=::1 wallet=0x0b81337f18767565d2ea40913799317a25dc4bc5 page=index.php uri=/tokencafe/tools-header.php
[2026-03-30 19:35:20] ip=::1 wallet=0x0b81337f18767565d2ea40913799317a25dc4bc5 page=index.php uri=/tokencafe/shared/components/network-search.php
[2026-03-30 19:35:20] ip=::1 wallet=0x0b81337f18767565d2ea40913799317a25dc4bc5 page=index.php uri=/tokencafe/shared/components/section-title.php
[2026-03-30 19:35:22] ip=::1 wallet=0x0b81337f18767565d2ea40913799317a25dc4bc5 page=tools uri=/tokencafe/index.php?page=tools
[2026-03-30 19:35:22] ip=::1 wallet=0x0b81337f18767565d2ea40913799317a25dc4bc5 page=index.php uri=/tokencafe/tools-header.php
[2026-03-30 19:35:23] ip=::1 wallet=0x0b81337f18767565d2ea40913799317a25dc4bc5 page=wallet uri=/tokencafe/index.php?page=wallet
[2026-03-30 19:35:24] ip=::1 wallet=0x0b81337f18767565d2ea40913799317a25dc4bc5 page=index.php uri=/tokencafe/tools-header.php
[2026-03-30 19:35:24] ip=::1 wallet=0x0b81337f18767565d2ea40913799317a25dc4bc5 page=index.php uri=/tokencafe/shared/components/section-title.php
[2026-03-30 19:35:31] ip=::1 wallet=0x0b81337f18767565d2ea40913799317a25dc4bc5 page=tools uri=/tokencafe/index.php?page=tools
[2026-03-30 19:35:31] ip=::1 wallet=0x0b81337f18767565d2ea40913799317a25dc4bc5 page=index.php uri=/tokencafe/tools-header.php
[2026-03-30 19:35:37] ip=::1 wallet=0x0b81337f18767565d2ea40913799317a25dc4bc5 page=rpc uri=/tokencafe/index.php?page=rpc
[2026-03-30 19:35:37] ip=::1 wallet=0x0b81337f18767565d2ea40913799317a25dc4bc5 page=index.php uri=/tokencafe/tools-header.php
[2026-03-30 19:35:38] ip=::1 wallet=0x0b81337f18767565d2ea40913799317a25dc4bc5 page=index.php uri=/tokencafe/shared/components/network-search.php
[2026-03-30 19:35:38] ip=::1 wallet=0x0b81337f18767565d2ea40913799317a25dc4bc5 page=index.php uri=/tokencafe/shared/components/section-title.php
[2026-03-30 19:35:45] ip=::1 wallet=0x0b81337f18767565d2ea40913799317a25dc4bc5 page=link uri=/tokencafe/index.php?page=link
[2026-03-30 19:35:45] ip=::1 wallet=0x0b81337f18767565d2ea40913799317a25dc4bc5 page=index.php uri=/tokencafe/tools-header.php
[2026-03-30 19:35:45] ip=::1 wallet=0x0b81337f18767565d2ea40913799317a25dc4bc5 page=index.php uri=/tokencafe/shared/components/network-search.php
[2026-03-30 19:35:45] ip=::1 wallet=0x0b81337f18767565d2ea40913799317a25dc4bc5 page=index.php uri=/tokencafe/shared/components/contract-search.php
[2026-03-30 19:35:45] ip=::1 wallet=0x0b81337f18767565d2ea40913799317a25dc4bc5 page=index.php uri=/tokencafe/shared/components/section-title.php
[2026-03-30 19:43:52] ip=::1 wallet=0x0b81337f18767565d2ea40913799317a25dc4bc5 page=link uri=/tokencafe/index.php?page=link
[2026-03-30 19:43:52] ip=::1 wallet=0x0b81337f18767565d2ea40913799317a25dc4bc5 page=index.php uri=/tokencafe/tools-header.php
[2026-03-30 19:43:52] ip=::1 wallet=0x0b81337f18767565d2ea40913799317a25dc4bc5 page=index.php uri=/tokencafe/shared/components/network-search.php
[2026-03-30 19:43:52] ip=::1 wallet=0x0b81337f18767565d2ea40913799317a25dc4bc5 page=index.php uri=/tokencafe/shared/components/contract-search.php
[2026-03-30 19:43:52] ip=::1 wallet=0x0b81337f18767565d2ea40913799317a25dc4bc5 page=index.php uri=/tokencafe/shared/components/section-title.php
[2026-03-30 19:44:38] ip=::1 wallet=0x0b81337f18767565d2ea40913799317a25dc4bc5 page=tools uri=/tokencafe/index.php?page=tools
[2026-03-30 19:44:38] ip=::1 wallet=0x0b81337f18767565d2ea40913799317a25dc4bc5 page=index.php uri=/tokencafe/tools-header.php
[2026-03-30 19:44:39] ip=::1 wallet=0x0b81337f18767565d2ea40913799317a25dc4bc5 page=contrato uri=/tokencafe/index.php?page=contrato
[2026-03-30 19:44:39] ip=::1 wallet=0x0b81337f18767565d2ea40913799317a25dc4bc5 page=index.php uri=/tokencafe/tools-header.php
[2026-03-30 19:44:40] ip=::1 wallet=0x0b81337f18767565d2ea40913799317a25dc4bc5 page=index.php uri=/tokencafe/shared/components/api-status.php
[2026-03-30 19:44:40] ip=::1 wallet=0x0b81337f18767565d2ea40913799317a25dc4bc5 page=index.php uri=/tokencafe/shared/components/network-search.php
[2026-03-30 19:44:40] ip=::1 wallet=0x0b81337f18767565d2ea40913799317a25dc4bc5 page=index.php uri=/tokencafe/shared/components/section-title.php
[2026-03-30 19:44:40] ip=::1 wallet=0x0b81337f18767565d2ea40913799317a25dc4bc5 page=index.php uri=/tokencafe/shared/components/section-title.php
[2026-03-30 19:44:40] ip=::1 wallet=0x0b81337f18767565d2ea40913799317a25dc4bc5 page=index.php uri=/tokencafe/shared/components/section-title.php
[2026-03-30 19:44:40] ip=::1 wallet=0x0b81337f18767565d2ea40913799317a25dc4bc5 page=index.php uri=/tokencafe/shared/components/section-title.php
[2026-03-30 19:46:01] ip=::1 wallet=0x0b81337f18767565d2ea40913799317a25dc4bc5 page=contrato-detalhes uri=/tokencafe/index.php?page=contrato-detalhes
[2026-03-30 19:46:01] ip=::1 wallet=0x0b81337f18767565d2ea40913799317a25dc4bc5 page=index.php uri=/tokencafe/tools-header.php
[2026-03-30 19:46:01] ip=::1 wallet=0x0b81337f18767565d2ea40913799317a25dc4bc5 page=index.php uri=/tokencafe/shared/components/contract-search.php
[2026-03-30 19:46:01] ip=::1 wallet=0x0b81337f18767565d2ea40913799317a25dc4bc5 page=index.php uri=/tokencafe/shared/components/contract-actions.php
[2026-03-30 19:46:01] ip=::1 wallet=0x0b81337f18767565d2ea40913799317a25dc4bc5 page=index.php uri=/tokencafe/shared/components/section-title.php
[2026-03-30 19:46:01] ip=::1 wallet=0x0b81337f18767565d2ea40913799317a25dc4bc5 page=index.php uri=/tokencafe/shared/components/section-title.php
[2026-03-30 19:46:56] ip=::1 wallet=0x0b81337f18767565d2ea40913799317a25dc4bc5 page=tools uri=/tokencafe/index.php?page=tools
[2026-03-30 19:46:57] ip=::1 wallet=0x0b81337f18767565d2ea40913799317a25dc4bc5 page=index.php uri=/tokencafe/tools-header.php
[2026-03-30 19:47:16] ip=::1 wallet=0x0b81337f18767565d2ea40913799317a25dc4bc5 page=tools uri=/tokencafe/index.php?page=tools
[2026-03-30 19:47:16] ip=::1 wallet=0x0b81337f18767565d2ea40913799317a25dc4bc5 page=index.php uri=/tokencafe/tools-header.php
[2026-03-30 19:47:19] ip=::1 page=index.php uri=/tokencafe/index.php
